[
 {
  "Error": {
   "Message": "ERRORED! Got Exception (if any): ERROR: Bot #0: Received invalid character 'Traceback (most recent call last):T'. (at character 1.)\nInput received from bot:\nTraceback (most recent call last):\n^; Response received (if any): Traceback (most recent call last):  File \"MyBot.py\", line 64, in <module>    target = opening_planets[ship.id]KeyError: 7",
   "Turn": 16
  },
  "Frames": [
   {
    "Time": 329,
    "Turn": 0
   },
   {
    "Commands": [
     {
      "angle": 112,
      "magnitude": 7,
      "owner": 0,
      "queue_number": 0,
      "shipId": 0,
      "type": "thrust"
     },
     {
      "angle": 113,
      "magnitude": 7,
      "owner": 0,
      "queue_number": 0,
      "shipId": 1,
      "type": "thrust"
     },
     {
      "angle": 86,
      "magnitude": 7,
      "owner": 0,
      "queue_number": 0,
      "shipId": 2,
      "type": "thrust"
     }
    ],
    "Planets": null,
    "Ships": [
     {
      "cooldown": 0,
      "docking": {
       "status": "undocked"
      },
      "health": 255,
      "id": 0,
      "owner": 0,
      "vel_x": 0.0,
      "vel_y": 0.0,
      "x": 117.37775384608861,
      "y": 46.490286981967515
     },
     {
      "cooldown": 0,
      "docking": {
       "status": "undocked"
      },
      "health": 255,
      "id": 1,
      "owner": 0,
      "vel_x": 0.0,
      "vel_y": 0.0,
      "x": 117.26488210057508,
      "y": 43.443533974167082
     },
     {
      "cooldown": 0,
      "docking": {
       "status": "undocked"
      },
      "health": 255,
      "id": 2,
      "owner": 0,
      "vel_x": 0.0,
      "vel_y": 0.0,
      "x": 120.48829531620888,
      "y": 49.98294835181877
     }
    ],
    "Time": 6,
    "Turn": 1
   },
   {
    "Commands": [
     {
      "angle": 101,
      "magnitude": 7,
      "owner": 0,
      "queue_number": 0,
      "shipId": 0,
      "type": "thrust"
     },
     {
      "angle": 110,
      "magnitude": 7,
      "owner": 0,
      "queue_number": 0,
      "shipId": 1,
      "type": "thrust"
     },
     {
      "angle": 87,
      "magnitude": 7,
      "owner": 0,
      "queue_number": 0,
      "shipId": 2,
      "type": "thrust"
     }
    ],
    "Planets": null,
    "Ships": [
     {
      "cooldown": 0,
      "docking": {
       "status": "undocked"
      },
      "health": 255,
      "id": 0,
      "owner": 0,
      "vel_x": 0.0,
      "vel_y": 0.0,
      "x": 116.0420908784528,
      "y": 53.361677266101161
     },
     {
      "cooldown": 0,
      "docking": {
       "status": "undocked"
      },
      "health": 255,
      "id": 1,
      "owner": 0,
      "vel_x": 0.0,
      "vel_y": 0.0,
      "x": 114.87074109729539,
      "y": 50.02138231966844
     },
     {
      "cooldown": 0,
      "docking": {
       "status": "undocked"
      },
      "health": 255,
      "id": 2,
      "owner": 0,
      "vel_x": 0.0,
      "vel_y": 0.0,
      "x": 120.85464700990948,
      "y": 56.973355095100786
     }
    ],
    "Time": 0,
    "Turn": 2
   },
   {
    "Commands": [
     {
      "angle": 102,
      "magnitude": 7,
      "owner": 0,
      "queue_number": 0,
      "shipId": 0,
      "type": "thrust"
     },
     {
      "angle": 97,
      "magnitude": 7,
      "owner": 0,
      "queue_number": 0,
      "shipId": 1,
      "type": "thrust"
     },
     {
      "angle": 85,
      "magnitude": 7,
      "owner": 0,
      "queue_number": 0,
      "shipId": 2,
      "type": "thrust"
     }
    ],
    "Planets": null,
    "Ships": [
     {
      "cooldown": 0,
      "docking": {
       "status": "undocked"
      },
      "health": 255,
      "id": 0,
      "owner": 0,
      "vel_x": 0.0,
      "vel_y": 0.0,
      "x": 114.58670904272849,
      "y": 60.208710471237801
     },
     {
      "cooldown": 0,
      "docking": {
       "status": "undocked"
      },
      "health": 255,
      "id": 1,
      "owner": 0,
      "vel_x": 0.0,
      "vel_y": 0.0,
      "x": 114.01765569345936,
      "y": 56.969205381157693
     },
     {
      "cooldown": 0,
      "docking": {
       "status": "undocked"
      },
      "health": 255,
      "id": 2,
      "owner": 0,
      "vel_x": 0.0,
      "vel_y": 0.0,
      "x": 121.4647372091431,
      "y": 63.946717981743006
     }
    ],
    "Time": 3,
    "Turn": 3
   },
   {
    "Commands": [
     {
      "angle": 101,
      "magnitude": 4,
      "owner": 0,
      "queue_number": 0,
      "shipId": 0,
      "type": "thrust"
     },
     {
      "angle": 101,
      "magnitude": 7,
      "owner": 0,
      "queue_number": 0,
      "shipId": 1,
      "type": "thrust"
     },
     {
      "angle": 87,
      "magnitude": 7,
      "owner": 0,
      "queue_number": 0,
      "shipId": 2,
      "type": "thrust"
     }
    ],
    "Planets": null,
    "Ships": [
     {
      "cooldown": 0,
      "docking": {
       "status": "undocked"
      },
      "health": 255,
      "id": 0,
      "owner": 0,
      "vel_x": 0.0,
      "vel_y": 0.0,
      "x": 113.8234730612223,
      "y": 64.135219205028463
     },
     {
      "cooldown": 0,
      "docking": {
       "status": "undocked"
      },
      "health": 255,
      "id": 1,
      "owner": 0,
      "vel_x": 0.0,
      "vel_y": 0.0,
      "x": 112.68199272582355,
      "y": 63.840595665291339
     },
     {
      "cooldown": 0,
      "docking": {
       "status": "undocked"
      },
      "health": 255,
      "id": 2,
      "owner": 0,
      "vel_x": 0.0,
      "vel_y": 0.0,
      "x": 121.8310889028437,
      "y": 70.937124725025029
     }
    ],
    "Time": 5,
    "Turn": 4
   },
   {
    "Commands": [
     {
      "owner": 0,
      "planet_id": 2,
      "queue_number": 0,
      "shipId": 0,
      "type": "dock"
     },
     {
      "owner": 0,
      "planet_id": 2,
      "queue_number": 0,
      "shipId": 1,
      "type": "dock"
     },
     {
      "angle": 80,
      "magnitude": 7,
      "owner": 0,
      "queue_number": 0,
      "shipId": 2,
      "type": "thrust"
     }
    ],
    "Planets": [
     {
      "current_production": 0,
      "docked_ships": [
       0,
       1
      ],
      "health": 1279,
      "id": 2,
      "owner": 0,
      "remaining_production": 722
     }
    ],
    "Ships": [
     {
      "cooldown": 0,
      "docking": {
       "planet_id": 2,
       "status": "docking",
       "turns_left": 5
      },
      "health": 255,
      "id": 0,
      "owner": 0,
      "vel_x": 0.0,
      "vel_y": 0.0,
      "x": 113.8234730612223,
      "y": 64.135219205028463
     },
     {
      "cooldown": 0,
      "docking": {
       "planet_id": 2,
       "status": "docking",
       "turns_left": 5
      },
      "health": 255,
      "id": 1,
      "owner": 0,
      "vel_x": 0.0,
      "vel_y": 0.0,
      "x": 112.68199272582355,
      "y": 63.840595665291339
     },
     {
      "cooldown": 0,
      "docking": {
       "status": "undocked"
      },
      "health": 255,
      "id": 2,
      "owner": 0,
      "vel_x": 0.0,
      "vel_y": 0.0,
      "x": 123.04662614651221,
      "y": 77.830778996110482
     }
    ],
    "Time": 2,
    "Turn": 5
   },
   {
    "Commands": [
     {
      "angle": 64,
      "magnitude": 3,
      "owner": 0,
      "queue_number": 0,
      "shipId": 2,
      "type": "thrust"
     }
    ],
    "Planets": [
     {
      "current_production": 0,
      "docked_ships": [
       0,
       1
      ],
      "health": 1279,
      "id": 2,
      "owner": 0,
      "remaining_production": 722
     }
    ],
    "Ships": [
     {
      "cooldown": 0,
      "docking": {
       "planet_id": 2,
       "status": "docking",
       "turns_left": 4
      },
      "health": 255,
      "id": 0,
      "owner": 0,
      "vel_x": 0.0,
      "vel_y": 0.0,
      "x": 113.8234730612223,
      "y": 64.135219205028463
     },
     {
      "cooldown": 0,
      "docking": {
       "planet_id": 2,
       "status": "docking",
       "turns_left": 4
      },
      "health": 255,
      "id": 1,
      "owner": 0,
      "vel_x": 0.0,
      "vel_y": 0.0,
      "x": 112.68199272582355,
      "y": 63.840595665291339
     },
     {
      "cooldown": 0,
      "docking": {
       "status": "undocked"
      },
      "health": 255,
      "id": 2,
      "owner": 0,
      "vel_x": 0.0,
      "vel_y": 0.0,
      "x": 124.36173958687944,
      "y": 80.527161135007987
     }
    ],
    "Time": 1,
    "Turn": 6
   },
   {
    "Commands": [
     {
      "owner": 0,
      "planet_id": 0,
      "queue_number": 0,
      "shipId": 2,
      "type": "dock"
     }
    ],
    "Planets": [
     {
      "current_production": 0,
      "docked_ships": [
       0,
       1
      ],
      "health": 1279,
      "id": 2,
      "owner": 0,
      "remaining_production": 722
     }
    ],
    "Ships": [
     {
      "cooldown": 0,
      "docking": {
       "planet_id": 2,
       "status": "docking",
       "turns_left": 3
      },
      "health": 255,
      "id": 0,
      "owner": 0,
      "vel_x": 0.0,
      "vel_y": 0.0,
      "x": 113.8234730612223,
      "y": 64.135219205028463
     },
     {
      "cooldown": 0,
      "docking": {
       "planet_id": 2,
       "status": "docking",
       "turns_left": 3
      },
      "health": 255,
      "id": 1,
      "owner": 0,
      "vel_x": 0.0,
      "vel_y": 0.0,
      "x": 112.68199272582355,
      "y": 63.840595665291339
     },
     {
      "cooldown": 0,
      "docking": {
       "status": "undocked"
      },
      "health": 255,
      "id": 2,
      "owner": 0,
      "vel_x": 0.0,
      "vel_y": 0.0,
      "x": 124.36173958687944,
      "y": 80.527161135007987
     }
    ],
    "Time": 0,
    "Turn": 7
   },
   {
    "Commands": [
     {
      "owner": 0,
      "planet_id": 0,
      "queue_number": 0,
      "shipId": 2,
      "type": "dock"
     }
    ],
    "Planets": [
     {
      "current_production": 0,
      "docked_ships": [
       0,
       1
      ],
      "health": 1279,
      "id": 2,
      "owner": 0,
      "remaining_production": 722
     }
    ],
    "Ships": [
     {
      "cooldown": 0,
      "docking": {
       "planet_id": 2,
       "status": "docking",
       "turns_left": 2
      },
      "health": 255,
      "id": 0,
      "owner": 0,
      "vel_x": 0.0,
      "vel_y": 0.0,
      "x": 113.8234730612223,
      "y": 64.135219205028463
     },
     {
      "cooldown": 0,
      "docking": {
       "planet_id": 2,
       "status": "docking",
       "turns_left": 2
      },
      "health": 255,
      "id": 1,
      "owner": 0,
      "vel_x": 0.0,
      "vel_y": 0.0,
      "x": 112.68199272582355,
      "y": 63.840595665291339
     },
     {
      "cooldown": 0,
      "docking": {
       "status": "undocked"
      },
      "health": 255,
      "id": 2,
      "owner": 0,
      "vel_x": 0.0,
      "vel_y": 0.0,
      "x": 124.36173958687944,
      "y": 80.527161135007987
     }
    ],
    "Time": 1,
    "Turn": 8
   },
   {
    "Commands": [
     {
      "owner": 0,
      "planet_id": 0,
      "queue_number": 0,
      "shipId": 2,
      "type": "dock"
     }
    ],
    "Planets": [
     {
      "current_production": 0,
      "docked_ships": [
       0,
       1
      ],
      "health": 1279,
      "id": 2,
      "owner": 0,
      "remaining_production": 722
     }
    ],
    "Ships": [
     {
      "cooldown": 0,
      "docking": {
       "planet_id": 2,
       "status": "docking",
       "turns_left": 1
      },
      "health": 255,
      "id": 0,
      "owner": 0,
      "vel_x": 0.0,
      "vel_y": 0.0,
      "x": 113.8234730612223,
      "y": 64.135219205028463
     },
     {
      "cooldown": 0,
      "docking": {
       "planet_id": 2,
       "status": "docking",
       "turns_left": 1
      },
      "health": 255,
      "id": 1,
      "owner": 0,
      "vel_x": 0.0,
      "vel_y": 0.0,
      "x": 112.68199272582355,
      "y": 63.840595665291339
     },
     {
      "cooldown": 0,
      "docking": {
       "status": "undocked"
      },
      "health": 255,
      "id": 2,
      "owner": 0,
      "vel_x": 0.0,
      "vel_y": 0.0,
      "x": 124.36173958687944,
      "y": 80.527161135007987
     }
    ],
    "Time": 0,
    "Turn": 9
   },
   {
    "Commands": [
     {
      "owner": 0,
      "planet_id": 0,
      "queue_number": 0,
      "shipId": 2,
      "type": "dock"
     }
    ],
    "Planets": [
     {
      "current_production": 12,
      "docked_ships": [
       0,
       1
      ],
      "health": 1279,
      "id": 2,
      "owner": 0,
      "remaining_production": 722
     }
    ],
    "Ships": [
     {
      "cooldown": 0,
      "docking": {
       "planet_id": 2,
       "status": "docked"
      },
      "health": 255,
      "id": 0,
      "owner": 0,
      "vel_x": 0.0,
      "vel_y": 0.0,
      "x": 113.8234730612223,
      "y": 64.135219205028463
     },
     {
      "cooldown": 0,
      "docking": {
       "planet_id": 2,
       "status": "docked"
      },
      "health": 255,
      "id": 1,
      "owner": 0,
      "vel_x": 0.0,
      "vel_y": 0.0,
      "x": 112.68199272582355,
      "y": 63.840595665291339
     },
     {
      "cooldown": 0,
      "docking": {
       "status": "undocked"
      },
      "health": 255,
      "id": 2,
      "owner": 0,
      "vel_x": 0.0,
      "vel_y": 0.0,
      "x": 124.36173958687944,
      "y": 80.527161135007987
     }
    ],
    "Time": 0,
    "Turn": 10
   },
   {
    "Commands": [
     {
      "owner": 0,
      "planet_id": 0,
      "queue_number": 0,
      "shipId": 2,
      "type": "dock"
     }
    ],
    "Planets": [
     {
      "current_production": 24,
      "docked_ships": [
       0,
       1
      ],
      "health": 1279,
      "id": 2,
      "owner": 0,
      "remaining_production": 722
     }
    ],
    "Ships": [
     {
      "cooldown": 0,
      "docking": {
       "planet_id": 2,
       "status": "docked"
      },
      "health": 255,
      "id": 0,
      "owner": 0,
      "vel_x": 0.0,
      "vel_y": 0.0,
      "x": 113.8234730612223,
      "y": 64.135219205028463
     },
     {
      "cooldown": 0,
      "docking": {
       "planet_id": 2,
       "status": "docked"
      },
      "health": 255,
      "id": 1,
      "owner": 0,
      "vel_x": 0.0,
      "vel_y": 0.0,
      "x": 112.68199272582355,
      "y": 63.840595665291339
     },
     {
      "cooldown": 0,
      "docking": {
       "status": "undocked"
      },
      "health": 255,
      "id": 2,
      "owner": 0,
      "vel_x": 0.0,
      "vel_y": 0.0,
      "x": 124.36173958687944,
      "y": 80.527161135007987
     }
    ],
    "Time": 3,
    "Turn": 11
   },
   {
    "Commands": [
     {
      "owner": 0,
      "planet_id": 0,
      "queue_number": 0,
      "shipId": 2,
      "type": "dock"
     }
    ],
    "Planets": [
     {
      "current_production": 36,
      "docked_ships": [
       0,
       1
      ],
      "health": 1279,
      "id": 2,
      "owner": 0,
      "remaining_production": 722
     }
    ],
    "Ships": [
     {
      "cooldown": 0,
      "docking": {
       "planet_id": 2,
       "status": "docked"
      },
      "health": 255,
      "id": 0,
      "owner": 0,
      "vel_x": 0.0,
      "vel_y": 0.0,
      "x": 113.8234730612223,
      "y": 64.135219205028463
     },
     {
      "cooldown": 0,
      "docking": {
       "planet_id": 2,
       "status": "docked"
      },
      "health": 255,
      "id": 1,
      "owner": 0,
      "vel_x": 0.0,
      "vel_y": 0.0,
      "x": 112.68199272582355,
      "y": 63.840595665291339
     },
     {
      "cooldown": 0,
      "docking": {
       "status": "undocked"
      },
      "health": 255,
      "id": 2,
      "owner": 0,
      "vel_x": 0.0,
      "vel_y": 0.0,
      "x": 124.36173958687944,
      "y": 80.527161135007987
     }
    ],
    "Time": 0,
    "Turn": 12
   },
   {
    "Commands": [
     {
      "owner": 0,
      "planet_id": 0,
      "queue_number": 0,
      "shipId": 2,
      "type": "dock"
     }
    ],
    "Planets": [
     {
      "current_production": 48,
      "docked_ships": [
       0,
       1
      ],
      "health": 1279,
      "id": 2,
      "owner": 0,
      "remaining_production": 722
     }
    ],
    "Ships": [
     {
      "cooldown": 0,
      "docking": {
       "planet_id": 2,
       "status": "docked"
      },
      "health": 255,
      "id": 0,
      "owner": 0,
      "vel_x": 0.0,
      "vel_y": 0.0,
      "x": 113.8234730612223,
      "y": 64.135219205028463
     },
     {
      "cooldown": 0,
      "docking": {
       "planet_id": 2,
       "status": "docked"
      },
      "health": 255,
      "id": 1,
      "owner": 0,
      "vel_x": 0.0,
      "vel_y": 0.0,
      "x": 112.68199272582355,
      "y": 63.840595665291339
     },
     {
      "cooldown": 0,
      "docking": {
       "status": "undocked"
      },
      "health": 255,
      "id": 2,
      "owner": 0,
      "vel_x": 0.0,
      "vel_y": 0.0,
      "x": 124.36173958687944,
      "y": 80.527161135007987
     }
    ],
    "Time": 2,
    "Turn": 13
   },
   {
    "Commands": [
     {
      "owner": 0,
      "planet_id": 0,
      "queue_number": 0,
      "shipId": 2,
      "type": "dock"
     }
    ],
    "Planets": [
     {
      "current_production": 60,
      "docked_ships": [
       0,
       1
      ],
      "health": 1279,
      "id": 2,
      "owner": 0,
      "remaining_production": 722
     }
    ],
    "Ships": [
     {
      "cooldown": 0,
      "docking": {
       "planet_id": 2,
       "status": "docked"
      },
      "health": 255,
      "id": 0,
      "owner": 0,
      "vel_x": 0.0,
      "vel_y": 0.0,
      "x": 113.8234730612223,
      "y": 64.135219205028463
     },
     {
      "cooldown": 0,
      "docking": {
       "planet_id": 2,
       "status": "docked"
      },
      "health": 255,
      "id": 1,
      "owner": 0,
      "vel_x": 0.0,
      "vel_y": 0.0,
      "x": 112.68199272582355,
      "y": 63.840595665291339
     },
     {
      "cooldown": 0,
      "docking": {
       "status": "undocked"
      },
      "health": 255,
      "id": 2,
      "owner": 0,
      "vel_x": 0.0,
      "vel_y": 0.0,
      "x": 124.36173958687944,
      "y": 80.527161135007987
     }
    ],
    "Time": 1,
    "Turn": 14
   },
   {
    "Commands": [
     {
      "owner": 0,
      "planet_id": 0,
      "queue_number": 0,
      "shipId": 2,
      "type": "dock"
     }
    ],
    "Planets": [
     {
      "current_production": 0,
      "docked_ships": [
       0,
       1
      ],
      "health": 1279,
      "id": 2,
      "owner": 0,
      "remaining_production": 722
     }
    ],
    "Ships": [
     {
      "cooldown": 0,
      "docking": {
       "planet_id": 2,
       "status": "docked"
      },
      "health": 255,
      "id": 0,
      "owner": 0,
      "vel_x": 0.0,
      "vel_y": 0.0,
      "x": 113.8234730612223,
      "y": 64.135219205028463
     },
     {
      "cooldown": 0,
      "docking": {
       "planet_id": 2,
       "status": "docked"
      },
      "health": 255,
      "id": 1,
      "owner": 0,
      "vel_x": 0.0,
      "vel_y": 0.0,
      "x": 112.68199272582355,
      "y": 63.840595665291339
     },
     {
      "cooldown": 0,
      "docking": {
       "status": "undocked"
      },
      "health": 255,
      "id": 2,
      "owner": 0,
      "vel_x": 0.0,
      "vel_y": 0.0,
      "x": 124.36173958687944,
      "y": 80.527161135007987
     },
     {
      "cooldown": 0,
      "docking": {
       "status": "undocked"
      },
      "health": 255,
      "id": 7,
      "owner": 0,
      "vel_x": 0.0,
      "vel_y": 0.0,
      "x": 117.74361338996475,
      "y": 77.74361338996475
     }
    ],
    "Time": 1,
    "Turn": 15
   },
   {
    "Time": 9
   }
  ],
  "PlayerID": 0,
  "PlayerName": "Gabeb v.7"
 },
 {
  "Error": {},
  "Frames": [
   {
    "Time": 315,
    "Turn": 0
   },
   {
    "Commands": [
     {
      "angle": 294,
      "magnitude": 7,
      "owner": 1,
      "queue_number": 0,
      "shipId": 3,
      "type": "thrust"
     },
     {
      "angle": 285,
      "magnitude": 7,
      "owner": 1,
      "queue_number": 0,
      "shipId": 4,
      "type": "thrust"
     },
     {
      "angle": 145,
      "magnitude": 7,
      "owner": 1,
      "queue_number": 0,
      "shipId": 5,
      "type": "thrust"
     }
    ],
    "Planets": null,
    "Ships": [
     {
      "cooldown": 0,
      "docking": {
       "status": "undocked"
      },
      "health": 255,
      "id": 3,
      "owner": 1,
      "vel_x": 0.0,
      "vel_y": 0.0,
      "x": 122.84715650153061,
      "y": 113.6051817965018
     },
     {
      "cooldown": 0,
      "docking": {
       "status": "undocked"
      },
      "health": 255,
      "id": 4,
      "owner": 1,
      "vel_x": 0.0,
      "vel_y": 0.0,
      "x": 121.81173331571765,
      "y": 110.23851921597652
     },
     {
      "cooldown": 0,
      "docking": {
       "status": "undocked"
      },
      "health": 255,
      "id": 5,
      "owner": 1,
      "vel_x": 0.0,
      "vel_y": 0.0,
      "x": 114.26593568997706,
      "y": 127.01503505445733
     }
    ],
    "Time": 2,
    "Turn": 1
   },
   {
    "Commands": [
     {
      "angle": 295,
      "magnitude": 7,
      "owner": 1,
      "queue_number": 0,
      "shipId": 3,
      "type": "thrust"
     },
     {
      "angle": 301,
      "magnitude": 7,
      "owner": 1,
      "queue_number": 0,
      "shipId": 4,
      "type": "thrust"
     },
     {
      "angle": 161,
      "magnitude": 7,
      "owner": 1,
      "queue_number": 0,
      "shipId": 5,
      "type": "thrust"
     }
    ],
    "Planets": null,
    "Ships": [
     {
      "cooldown": 0,
      "docking": {
       "status": "undocked"
      },
      "health": 255,
      "id": 3,
      "owner": 1,
      "vel_x": 0.0,
      "vel_y": 0.0,
      "x": 125.8054843337155,
      "y": 107.26102728724524
     },
     {
      "cooldown": 0,
      "docking": {
       "status": "undocked"
      },
      "health": 255,
      "id": 4,
      "owner": 1,
      "vel_x": 0.0,
      "vel_y": 0.0,
      "x": 125.41699984008802,
      "y": 104.23834811106174
     },
     {
      "cooldown": 0,
      "docking": {
       "status": "undocked"
      },
      "health": 255,
      "id": 5,
      "owner": 1,
      "vel_x": 0.0,
      "vel_y": 0.0,
      "x": 107.64730566078184,
      "y": 129.29401213565743
     }
    ],
    "Time": 0,
    "Turn": 2
   },
   {
    "Commands": [
     {
      "angle": 294,
      "magnitude": 7,
      "owner": 1,
      "queue_number": 0,
      "shipId": 3,
      "type": "thrust"
     },
     {
      "angle": 298,
      "magnitude": 7,
      "owner": 1,
      "queue_number": 0,
      "shipId": 4,
      "type": "thrust"
     },
     {
      "angle": 159,
      "magnitude": 7,
      "owner": 1,
      "queue_number": 0,
      "shipId": 5,
      "type": "thrust"
     }
    ],
    "Planets": null,
    "Ships": [
     {
      "cooldown": 0,
      "docking": {
       "status": "undocked"
      },
      "health": 255,
      "id": 3,
      "owner": 1,
      "vel_x": 0.0,
      "vel_y": 0.0,
      "x": 128.6526408352461,
      "y": 100.86620908374704
     },
     {
      "cooldown": 0,
      "docking": {
       "status": "undocked"
      },
      "health": 255,
      "id": 4,
      "owner": 1,
      "vel_x": 0.0,
      "vel_y": 0.0,
      "x": 128.70330077958926,
      "y": 98.057714961049243
     },
     {
      "cooldown": 0,
      "docking": {
       "status": "undocked"
      },
      "health": 255,
      "id": 5,
      "owner": 1,
      "vel_x": 0.0,
      "vel_y": 0.0,
      "x": 101.11224267530143,
      "y": 131.80258778247452
     }
    ],
    "Time": 15,
    "Turn": 3
   },
   {
    "Commands": [
     {
      "angle": 294,
      "magnitude": 7,
      "owner": 1,
      "queue_number": 0,
      "shipId": 3,
      "type": "thrust"
     },
     {
      "angle": 299,
      "magnitude": 7,
      "owner": 1,
      "queue_number": 0,
      "shipId": 4,
      "type": "thrust"
     },
     {
      "angle": 159,
      "magnitude": 7,
      "owner": 1,
      "queue_number": 0,
      "shipId": 5,
      "type": "thrust"
     }
    ],
    "Planets": null,
    "Ships": [
     {
      "cooldown": 0,
      "docking": {
       "status": "undocked"
      },
      "health": 255,
      "id": 3,
      "owner": 1,
      "vel_x": 0.0,
      "vel_y": 0.0,
      "x": 131.49979733677671,
      "y": 94.471390880248833
     },
     {
      "cooldown": 0,
      "docking": {
       "status": "undocked"
      },
      "health": 255,
      "id": 4,
      "owner": 1,
      "vel_x": 0.0,
      "vel_y": 0.0,
      "x": 132.09696812131361,
      "y": 91.93537701107347
     },
     {
      "cooldown": 0,
      "docking": {
       "status": "undocked"
      },
      "health": 255,
      "id": 5,
      "owner": 1,
      "vel_x": 0.0,
      "vel_y": 0.0,
      "x": 94.577179689821023,
      "y": 134.31116342929161
     }
    ],
    "Time": 14,
    "Turn": 4
   },
   {
    "Commands": [
     {
      "owner": 1,
      "planet_id": 0,
      "queue_number": 0,
      "shipId": 3,
      "type": "dock"
     },
     {
      "owner": 1,
      "planet_id": 0,
      "queue_number": 0,
      "shipId": 4,
      "type": "dock"
     },
     {
      "angle": 160,
      "magnitude": 7,
      "owner": 1,
      "queue_number": 0,
      "shipId": 5,
      "type": "thrust"
     }
    ],
    "Planets": [
     {
      "current_production": 0,
      "docked_ships": [
       3,
       4
      ],
      "health": 1279,
      "id": 0,
      "owner": 1,
      "remaining_production": 722
     }
    ],
    "Ships": [
     {
      "cooldown": 0,
      "docking": {
       "planet_id": 0,
       "status": "docking",
       "turns_left": 5
      },
      "health": 255,
      "id": 3,
      "owner": 1,
      "vel_x": 0.0,
      "vel_y": 0.0,
      "x": 131.49979733677671,
      "y": 94.471390880248833
     },
     {
      "cooldown": 0,
      "docking": {
       "planet_id": 0,
       "status": "docking",
       "turns_left": 5
      },
      "health": 255,
      "id": 4,
      "owner": 1,
      "vel_x": 0.0,
      "vel_y": 0.0,
      "x": 132.09696812131361,
      "y": 91.93537701107347
     },
     {
      "cooldown": 0,
      "docking": {
       "status": "undocked"
      },
      "health": 255,
      "id": 5,
      "owner": 1,
      "vel_x": 0.0,
      "vel_y": 0.0,
      "x": 87.999331344319671,
      "y": 136.7053044325713
     }
    ],
    "Time": 2,
    "Turn": 5
   },
   {
    "Commands": [
     {
      "owner": 1,
      "planet_id": 5,
      "queue_number": 0,
      "shipId": 5,
      "type": "dock"
     }
    ],
    "Planets": [
     {
      "current_production": 0,
      "docked_ships": [
       3,
       4
      ],
      "health": 1279,
      "id": 0,
      "owner": 1,
      "remaining_production": 722
     },
     {
      "current_production": 0,
      "docked_ships": [
       5
      ],
      "health": 2050,
      "id": 5,
      "owner": 1,
      "remaining_production": 1157
     }
    ],
    "Ships": [
     {
      "cooldown": 0,
      "docking": {
       "planet_id": 0,
       "status": "docking",
       "turns_left": 4
      },
      "health": 255,
      "id": 3,
      "owner": 1,
      "vel_x": 0.0,
      "vel_y": 0.0,
      "x": 131.49979733677671,
      "y": 94.471390880248833
     },
     {
      "cooldown": 0,
      "docking": {
       "planet_id": 0,
       "status": "docking",
       "turns_left": 4
      },
      "health": 255,
      "id": 4,
      "owner": 1,
      "vel_x": 0.0,
      "vel_y": 0.0,
      "x": 132.09696812131361,
      "y": 91.93537701107347
     },
     {
      "cooldown": 0,
      "docking": {
       "planet_id": 5,
       "status": "docking",
       "turns_left": 5
      },
      "health": 255,
      "id": 5,
      "owner": 1,
      "vel_x": 0.0,
      "vel_y": 0.0,
      "x": 87.999331344319671,
      "y": 136.7053044325713
     }
    ],
    "Time": 0,
    "Turn": 6
   },
   {
    "Commands": null,
    "Planets": [
     {
      "current_production": 0,
      "docked_ships": [
       3,
       4
      ],
      "health": 1279,
      "id": 0,
      "owner": 1,
      "remaining_production": 722
     },
     {
      "current_production": 0,
      "docked_ships": [
       5
      ],
      "health": 2050,
      "id": 5,
      "owner": 1,
      "remaining_production": 1157
     }
    ],
    "Ships": [
     {
      "cooldown": 0,
      "docking": {
       "planet_id": 0,
       "status": "docking",
       "turns_left": 3
      },
      "health": 255,
      "id": 3,
      "owner": 1,
      "vel_x": 0.0,
      "vel_y": 0.0,
      "x": 131.49979733677671,
      "y": 94.471390880248833
     },
     {
      "cooldown": 0,
      "docking": {
       "planet_id": 0,
       "status": "docking",
       "turns_left": 3
      },
      "health": 255,
      "id": 4,
      "owner": 1,
      "vel_x": 0.0,
      "vel_y": 0.0,
      "x": 132.09696812131361,
      "y": 91.93537701107347
     },
     {
      "cooldown": 0,
      "docking": {
       "planet_id": 5,
       "status": "docking",
       "turns_left": 4
      },
      "health": 255,
      "id": 5,
      "owner": 1,
      "vel_x": 0.0,
      "vel_y": 0.0,
      "x": 87.999331344319671,
      "y": 136.7053044325713
     }
    ],
    "Time": 0,
    "Turn": 7
   },
   {
    "Commands": null,
    "Planets": [
     {
      "current_production": 0,
      "docked_ships": [
       3,
       4
      ],
      "health": 1279,
      "id": 0,
      "owner": 1,
      "remaining_production": 722
     },
     {
      "current_production": 0,
      "docked_ships": [
       5
      ],
      "health": 2050,
      "id": 5,
      "owner": 1,
      "remaining_production": 1157
     }
    ],
    "Ships": [
     {
      "cooldown": 0,
      "docking": {
       "planet_id": 0,
       "status": "docking",
       "turns_left": 2
      },
      "health": 255,
      "id": 3,
      "owner": 1,
      "vel_x": 0.0,
      "vel_y": 0.0,
      "x": 131.49979733677671,
      "y": 94.471390880248833
     },
     {
      "cooldown": 0,
      "docking": {
       "planet_id": 0,
       "status": "docking",
       "turns_left": 2
      },
      "health": 255,
      "id": 4,
      "owner": 1,
      "vel_x": 0.0,
      "vel_y": 0.0,
      "x": 132.09696812131361,
      "y": 91.93537701107347
     },
     {
      "cooldown": 0,
      "docking": {
       "planet_id": 5,
       "status": "docking",
       "turns_left": 3
      },
      "health": 255,
      "id": 5,
      "owner": 1,
      "vel_x": 0.0,
      "vel_y": 0.0,
      "x": 87.999331344319671,
      "y": 136.7053044325713
     }
    ],
    "Time": 0,
    "Turn": 8
   },
   {
    "Commands": null,
    "Planets": [
     {
      "current_production": 0,
      "docked_ships": [
       3,
       4
      ],
      "health": 1279,
      "id": 0,
      "owner": 1,
      "remaining_production": 722
     },
     {
      "current_production": 0,
      "docked_ships": [
       5
      ],
      "health": 2050,
      "id": 5,
      "owner": 1,
      "remaining_production": 1157
     }
    ],
    "Ships": [
     {
      "cooldown": 0,
      "docking": {
       "planet_id": 0,
       "status": "docking",
       "turns_left": 1
      },
      "health": 255,
      "id": 3,
      "owner": 1,
      "vel_x": 0.0,
      "vel_y": 0.0,
      "x": 131.49979733677671,
      "y": 94.471390880248833
     },
     {
      "cooldown": 0,
      "docking": {
       "planet_id": 0,
       "status": "docking",
       "turns_left": 1
      },
      "health": 255,
      "id": 4,
      "owner": 1,
      "vel_x": 0.0,
      "vel_y": 0.0,
      "x": 132.09696812131361,
      "y": 91.93537701107347
     },
     {
      "cooldown": 0,
      "docking": {
       "planet_id": 5,
       "status": "docking",
       "turns_left": 2
      },
      "health": 255,
      "id": 5,
      "owner": 1,
      "vel_x": 0.0,
      "vel_y": 0.0,
      "x": 87.999331344319671,
      "y": 136.7053044325713
     }
    ],
    "Time": 0,
    "Turn": 9
   },
   {
    "Commands": null,
    "Planets": [
     {
      "current_production": 12,
      "docked_ships": [
       3,
       4
      ],
      "health": 1279,
      "id": 0,
      "owner": 1,
      "remaining_production": 722
     },
     {
      "current_production": 0,
      "docked_ships": [
       5
      ],
      "health": 2050,
      "id": 5,
      "owner": 1,
      "remaining_production": 1157
     }
    ],
    "Ships": [
     {
      "cooldown": 0,
      "docking": {
       "planet_id": 0,
       "status": "docked"
      },
      "health": 255,
      "id": 3,
      "owner": 1,
      "vel_x": 0.0,
      "vel_y": 0.0,
      "x": 131.49979733677671,
      "y": 94.471390880248833
     },
     {
      "cooldown": 0,
      "docking": {
       "planet_id": 0,
       "status": "docked"
      },
      "health": 255,
      "id": 4,
      "owner": 1,
      "vel_x": 0.0,
      "vel_y": 0.0,
      "x": 132.09696812131361,
      "y": 91.93537701107347
     },
     {
      "cooldown": 0,
      "docking": {
       "planet_id": 5,
       "status": "docking",
       "turns_left": 1
      },
      "health": 255,
      "id": 5,
      "owner": 1,
      "vel_x": 0.0,
      "vel_y": 0.0,
      "x": 87.999331344319671,
      "y": 136.7053044325713
     }
    ],
    "Time": 0,
    "Turn": 10
   },
   {
    "Commands": null,
    "Planets": [
     {
      "current_production": 24,
      "docked_ships": [
       3,
       4
      ],
      "health": 1279,
      "id": 0,
      "owner": 1,
      "remaining_production": 722
     },
     {
      "current_production": 6,
      "docked_ships": [
       5
      ],
      "health": 2050,
      "id": 5,
      "owner": 1,
      "remaining_production": 1157
     }
    ],
    "Ships": [
     {
      "cooldown": 0,
      "docking": {
       "planet_id": 0,
       "status": "docked"
      },
      "health": 255,
      "id": 3,
      "owner": 1,
      "vel_x": 0.0,
      "vel_y": 0.0,
      "x": 131.49979733677671,
      "y": 94.471390880248833
     },
     {
      "cooldown": 0,
      "docking": {
       "planet_id": 0,
       "status": "docked"
      },
      "health": 255,
      "id": 4,
      "owner": 1,
      "vel_x": 0.0,
      "vel_y": 0.0,
      "x": 132.09696812131361,
      "y": 91.93537701107347
     },
     {
      "cooldown": 0,
      "docking": {
       "planet_id": 5,
       "status": "docked"
      },
      "health": 255,
      "id": 5,
      "owner": 1,
      "vel_x": 0.0,
      "vel_y": 0.0,
      "x": 87.999331344319671,
      "y": 136.7053044325713
     }
    ],
    "Time": 0,
    "Turn": 11
   },
   {
    "Commands": null,
    "Planets": [
     {
      "current_production": 36,
      "docked_ships": [
       3,
       4
      ],
      "health": 1279,
      "id": 0,
      "owner": 1,
      "remaining_production": 722
     },
     {
      "current_production": 12,
      "docked_ships": [
       5
      ],
      "health": 2050,
      "id": 5,
      "owner": 1,
      "remaining_production": 1157
     }
    ],
    "Ships": [
     {
      "cooldown": 0,
      "docking": {
       "planet_id": 0,
       "status": "docked"
      },
      "health": 255,
      "id": 3,
      "owner": 1,
      "vel_x": 0.0,
      "vel_y": 0.0,
      "x": 131.49979733677671,
      "y": 94.471390880248833
     },
     {
      "cooldown": 0,
      "docking": {
       "planet_id": 0,
       "status": "docked"
      },
      "health": 255,
      "id": 4,
      "owner": 1,
      "vel_x": 0.0,
      "vel_y": 0.0,
      "x": 132.09696812131361,
      "y": 91.93537701107347
     },
     {
      "cooldown": 0,
      "docking": {
       "planet_id": 5,
       "status": "docked"
      },
      "health": 255,
      "id": 5,
      "owner": 1,
      "vel_x": 0.0,
      "vel_y": 0.0,
      "x": 87.999331344319671,
      "y": 136.7053044325713
     }
    ],
    "Time": 0,
    "Turn": 12
   },
   {
    "Commands": null,
    "Planets": [
     {
      "current_production": 48,
      "docked_ships": [
       3,
       4
      ],
      "health": 1279,
      "id": 0,
      "owner": 1,
      "remaining_production": 722
     },
     {
      "current_production": 18,
      "docked_ships": [
       5
      ],
      "health": 2050,
      "id": 5,
      "owner": 1,
      "remaining_production": 1157
     }
    ],
    "Ships": [
     {
      "cooldown": 0,
      "docking": {
       "planet_id": 0,
       "status": "docked"
      },
      "health": 255,
      "id": 3,
      "owner": 1,
      "vel_x": 0.0,
      "vel_y": 0.0,
      "x": 131.49979733677671,
      "y": 94.471390880248833
     },
     {
      "cooldown": 0,
      "docking": {
       "planet_id": 0,
       "status": "docked"
      },
      "health": 255,
      "id": 4,
      "owner": 1,
      "vel_x": 0.0,
      "vel_y": 0.0,
      "x": 132.09696812131361,
      "y": 91.93537701107347
     },
     {
      "cooldown": 0,
      "docking": {
       "planet_id": 5,
       "status": "docked"
      },
      "health": 255,
      "id": 5,
      "owner": 1,
      "vel_x": 0.0,
      "vel_y": 0.0,
      "x": 87.999331344319671,
      "y": 136.7053044325713
     }
    ],
    "Time": 0,
    "Turn": 13
   },
   {
    "Commands": null,
    "Planets": [
     {
      "current_production": 60,
      "docked_ships": [
       3,
       4
      ],
      "health": 1279,
      "id": 0,
      "owner": 1,
      "remaining_production": 722
     },
     {
      "current_production": 24,
      "docked_ships": [
       5
      ],
      "health": 2050,
      "id": 5,
      "owner": 1,
      "remaining_production": 1157
     }
    ],
    "Ships": [
     {
      "cooldown": 0,
      "docking": {
       "planet_id": 0,
       "status": "docked"
      },
      "health": 255,
      "id": 3,
      "owner": 1,
      "vel_x": 0.0,
      "vel_y": 0.0,
      "x": 131.49979733677671,
      "y": 94.471390880248833
     },
     {
      "cooldown": 0,
      "docking": {
       "planet_id": 0,
       "status": "docked"
      },
      "health": 255,
      "id": 4,
      "owner": 1,
      "vel_x": 0.0,
      "vel_y": 0.0,
      "x": 132.09696812131361,
      "y": 91.93537701107347
     },
     {
      "cooldown": 0,
      "docking": {
       "planet_id": 5,
       "status": "docked"
      },
      "health": 255,
      "id": 5,
      "owner": 1,
      "vel_x": 0.0,
      "vel_y": 0.0,
      "x": 87.999331344319671,
      "y": 136.7053044325713
     }
    ],
    "Time": 0,
    "Turn": 14
   },
   {
    "Commands": null,
    "Planets": [
     {
      "current_production": 0,
      "docked_ships": [
       3,
       4
      ],
      "health": 1279,
      "id": 0,
      "owner": 1,
      "remaining_production": 722
     },
     {
      "current_production": 30,
      "docked_ships": [
       5
      ],
      "health": 2050,
      "id": 5,
      "owner": 1,
      "remaining_production": 1157
     }
    ],
    "Ships": [
     {
      "cooldown": 0,
      "docking": {
       "planet_id": 0,
       "status": "docked"
      },
      "health": 255,
      "id": 3,
      "owner": 1,
      "vel_x": 0.0,
      "vel_y": 0.0,
      "x": 131.49979733677671,
      "y": 94.471390880248833
     },
     {
      "cooldown": 0,
      "docking": {
       "planet_id": 0,
       "status": "docked"
      },
      "health": 255,
      "id": 4,
      "owner": 1,
      "vel_x": 0.0,
      "vel_y": 0.0,
      "x": 132.09696812131361,
      "y": 91.93537701107347
     },
     {
      "cooldown": 0,
      "docking": {
       "planet_id": 5,
       "status": "docked"
      },
      "health": 255,
      "id": 5,
      "owner": 1,
      "vel_x": 0.0,
      "vel_y": 0.0,
      "x": 87.999331344319671,
      "y": 136.7053044325713
     },
     {
      "cooldown": 0,
      "docking": {
       "status": "undocked"
      },
      "health": 255,
      "id": 6,
      "owner": 1,
      "vel_x": 0.0,
      "vel_y": 0.0,
      "x": 122.25638661003525,
      "y": 82.25638661003525
     }
    ],
    "Time": 1,
    "Turn": 15
   },
   {
    "Commands": [
     {
      "angle": 151,
      "magnitude": 3,
      "owner": 1,
      "queue_number": 0,
      "shipId": 6,
      "type": "thrust"
     }
    ],
    "Planets": [
     {
      "current_production": 12,
      "docked_ships": [
       3,
       4
      ],
      "health": 1279,
      "id": 0,
      "owner": 1,
      "remaining_production": 722
     },
     {
      "current_production": 36,
      "docked_ships": [
       5
      ],
      "health": 2050,
      "id": 5,
      "owner": 1,
      "remaining_production": 1157
     }
    ],
    "Ships": [
     {
      "cooldown": 0,
      "docking": {
       "planet_id": 0,
       "status": "docked"
      },
      "health": 255,
      "id": 3,
      "owner": 1,
      "vel_x": 0.0,
      "vel_y": 0.0,
      "x": 131.49979733677671,
      "y": 94.471390880248833
     },
     {
      "cooldown": 0,
      "docking": {
       "planet_id": 0,
       "status": "docked"
      },
      "health": 255,
      "id": 4,
      "owner": 1,
      "vel_x": 0.0,
      "vel_y": 0.0,
      "x": 132.09696812131361,
      "y": 91.93537701107347
     },
     {
      "cooldown": 0,
      "docking": {
       "planet_id": 5,
       "status": "docked"
      },
      "health": 255,
      "id": 5,
      "owner": 1,
      "vel_x": 0.0,
      "vel_y": 0.0,
      "x": 87.999331344319671,
      "y": 136.7053044325713
     },
     {
      "cooldown": 0,
      "docking": {
       "status": "undocked"
      },
      "health": 255,
      "id": 6,
      "owner": 1,
      "vel_x": 0.0,
      "vel_y": 0.0,
      "x": 119.63252748861706,
      "y": 83.710815470774264
     }
    ],
    "Time": 3,
    "Turn": 16
   }
  ],
  "PlayerID": 1,
  "PlayerName": "Gabeb v.7"
 }
]
