[
 {
  "Error": {
   "Message": "ERRORED! Got Exception (if any): ERROR: Bot #0: Received invalid character 'Traceback (most recent call last):T'. (at character 1.)\nInput received from bot:\nTraceback (most recent call last):\n^; Response received (if any): Traceback (most recent call last):  File \"MyBot.py\", line 159, in <module>    enemy = closest_enemy_planet.get_docked_ship(closest_enemy_planet._docked_ship_ids[0])AttributeError: 'NoneType' object has no attribute 'get_docked_ship'",
   "Turn": 15
  },
  "Frames": [
   {
    "Time": 184,
    "Turn": 0
   },
   {
    "Commands": [
     {
      "angle": 226,
      "magnitude": 7,
      "owner": 0,
      "queue_number": 0,
      "shipId": 0,
      "type": "thrust"
     },
     {
      "angle": 222,
      "magnitude": 7,
      "owner": 0,
      "queue_number": 0,
      "shipId": 1,
      "type": "thrust"
     },
     {
      "angle": 104,
      "magnitude": 7,
      "owner": 0,
      "queue_number": 0,
      "shipId": 2,
      "type": "thrust"
     }
    ],
    "Planets": null,
    "Ships": [
     {
      "cooldown": 0,
      "docking": {
       "status": "undocked"
      },
      "health": 255,
      "id": 0,
      "owner": 0,
      "vel_x": 0.0,
      "vel_y": 0.0,
      "x": 115.13739140678702,
      "y": 34.964621397629443
     },
     {
      "cooldown": 0,
      "docking": {
       "status": "undocked"
      },
      "health": 255,
      "id": 1,
      "owner": 0,
      "vel_x": 0.0,
      "vel_y": 0.0,
      "x": 114.79798622165823,
      "y": 32.31608575548799
     },
     {
      "cooldown": 0,
      "docking": {
       "status": "undocked"
      },
      "health": 255,
      "id": 2,
      "owner": 0,
      "vel_x": 0.0,
      "vel_y": 0.0,
      "x": 118.30654673080232,
      "y": 49.792070083931975
     }
    ],
    "Time": 1,
    "Turn": 1
   },
   {
    "Commands": [
     {
      "angle": 226,
      "magnitude": 7,
      "owner": 0,
      "queue_number": 0,
      "shipId": 0,
      "type": "thrust"
     },
     {
      "angle": 223,
      "magnitude": 7,
      "owner": 0,
      "queue_number": 0,
      "shipId": 1,
      "type": "thrust"
     },
     {
      "angle": 104,
      "magnitude": 7,
      "owner": 0,
      "queue_number": 0,
      "shipId": 2,
      "type": "thrust"
     }
    ],
    "Planets": null,
    "Ships": [
     {
      "cooldown": 0,
      "docking": {
       "status": "undocked"
      },
      "health": 255,
      "id": 0,
      "owner": 0,
      "vel_x": 0.0,
      "vel_y": 0.0,
      "x": 110.27478281357403,
      "y": 29.929242795258887
     },
     {
      "cooldown": 0,
      "docking": {
       "status": "undocked"
      },
      "health": 255,
      "id": 1,
      "owner": 0,
      "vel_x": 0.0,
      "vel_y": 0.0,
      "x": 109.67851031032404,
      "y": 27.542097235050502
     },
     {
      "cooldown": 0,
      "docking": {
       "status": "undocked"
      },
      "health": 255,
      "id": 2,
      "owner": 0,
      "vel_x": 0.0,
      "vel_y": 0.0,
      "x": 116.61309346160465,
      "y": 56.58414016786395
     }
    ],
    "Time": 3,
    "Turn": 2
   },
   {
    "Commands": [
     {
      "angle": 226,
      "magnitude": 5,
      "owner": 0,
      "queue_number": 0,
      "shipId": 0,
      "type": "thrust"
     },
     {
      "angle": 222,
      "magnitude": 3,
      "owner": 0,
      "queue_number": 0,
      "shipId": 1,
      "type": "thrust"
     },
     {
      "angle": 104,
      "magnitude": 7,
      "owner": 0,
      "queue_number": 0,
      "shipId": 2,
      "type": "thrust"
     }
    ],
    "Planets": null,
    "Ships": [
     {
      "cooldown": 0,
      "docking": {
       "status": "undocked"
      },
      "health": 255,
      "id": 0,
      "owner": 0,
      "vel_x": 0.0,
      "vel_y": 0.0,
      "x": 106.80149096127904,
      "y": 26.332543793565634
     },
     {
      "cooldown": 0,
      "docking": {
       "status": "undocked"
      },
      "health": 255,
      "id": 1,
      "owner": 0,
      "vel_x": 0.0,
      "vel_y": 0.0,
      "x": 107.44907583389185,
      "y": 25.534705415973928
     },
     {
      "cooldown": 0,
      "docking": {
       "status": "undocked"
      },
      "health": 255,
      "id": 2,
      "owner": 0,
      "vel_x": 0.0,
      "vel_y": 0.0,
      "x": 114.91964019240697,
      "y": 63.376210251795925
     }
    ],
    "Time": 1,
    "Turn": 3
   },
   {
    "Commands": [
     {
      "owner": 0,
      "planet_id": 6,
      "queue_number": 0,
      "shipId": 0,
      "type": "dock"
     },
     {
      "owner": 0,
      "planet_id": 6,
      "queue_number": 0,
      "shipId": 1,
      "type": "dock"
     },
     {
      "angle": 104,
      "magnitude": 1,
      "owner": 0,
      "queue_number": 0,
      "shipId": 2,
      "type": "thrust"
     }
    ],
    "Planets": [
     {
      "current_production": 0,
      "docked_ships": [
       0,
       1
      ],
      "health": 2588,
      "id": 6,
      "owner": 0,
      "remaining_production": 1461
     }
    ],
    "Ships": [
     {
      "cooldown": 0,
      "docking": {
       "planet_id": 6,
       "status": "docking",
       "turns_left": 5
      },
      "health": 255,
      "id": 0,
      "owner": 0,
      "vel_x": 0.0,
      "vel_y": 0.0,
      "x": 106.80149096127904,
      "y": 26.332543793565634
     },
     {
      "cooldown": 0,
      "docking": {
       "planet_id": 6,
       "status": "docking",
       "turns_left": 5
      },
      "health": 255,
      "id": 1,
      "owner": 0,
      "vel_x": 0.0,
      "vel_y": 0.0,
      "x": 107.44907583389185,
      "y": 25.534705415973928
     },
     {
      "cooldown": 0,
      "docking": {
       "status": "undocked"
      },
      "health": 255,
      "id": 2,
      "owner": 0,
      "vel_x": 0.0,
      "vel_y": 0.0,
      "x": 114.6777182968073,
      "y": 64.346505978071917
     }
    ],
    "Time": 1,
    "Turn": 4
   },
   {
    "Commands": [
     {
      "owner": 0,
      "planet_id": 2,
      "queue_number": 0,
      "shipId": 2,
      "type": "dock"
     }
    ],
    "Planets": [
     {
      "current_production": 0,
      "docked_ships": [
       2
      ],
      "health": 1202,
      "id": 2,
      "owner": 0,
      "remaining_production": 679
     },
     {
      "current_production": 0,
      "docked_ships": [
       0,
       1
      ],
      "health": 2588,
      "id": 6,
      "owner": 0,
      "remaining_production": 1461
     }
    ],
    "Ships": [
     {
      "cooldown": 0,
      "docking": {
       "planet_id": 6,
       "status": "docking",
       "turns_left": 4
      },
      "health": 255,
      "id": 0,
      "owner": 0,
      "vel_x": 0.0,
      "vel_y": 0.0,
      "x": 106.80149096127904,
      "y": 26.332543793565634
     },
     {
      "cooldown": 0,
      "docking": {
       "planet_id": 6,
       "status": "docking",
       "turns_left": 4
      },
      "health": 255,
      "id": 1,
      "owner": 0,
      "vel_x": 0.0,
      "vel_y": 0.0,
      "x": 107.44907583389185,
      "y": 25.534705415973928
     },
     {
      "cooldown": 0,
      "docking": {
       "planet_id": 2,
       "status": "docking",
       "turns_left": 5
      },
      "health": 255,
      "id": 2,
      "owner": 0,
      "vel_x": 0.0,
      "vel_y": 0.0,
      "x": 114.6777182968073,
      "y": 64.346505978071917
     }
    ],
    "Time": 1,
    "Turn": 5
   },
   {
    "Commands": null,
    "Planets": [
     {
      "current_production": 0,
      "docked_ships": [
       2
      ],
      "health": 1202,
      "id": 2,
      "owner": 0,
      "remaining_production": 679
     },
     {
      "current_production": 0,
      "docked_ships": [
       0,
       1
      ],
      "health": 2588,
      "id": 6,
      "owner": 0,
      "remaining_production": 1461
     }
    ],
    "Ships": [
     {
      "cooldown": 0,
      "docking": {
       "planet_id": 6,
       "status": "docking",
       "turns_left": 3
      },
      "health": 255,
      "id": 0,
      "owner": 0,
      "vel_x": 0.0,
      "vel_y": 0.0,
      "x": 106.80149096127904,
      "y": 26.332543793565634
     },
     {
      "cooldown": 0,
      "docking": {
       "planet_id": 6,
       "status": "docking",
       "turns_left": 3
      },
      "health": 255,
      "id": 1,
      "owner": 0,
      "vel_x": 0.0,
      "vel_y": 0.0,
      "x": 107.44907583389185,
      "y": 25.534705415973928
     },
     {
      "cooldown": 0,
      "docking": {
       "planet_id": 2,
       "status": "docking",
       "turns_left": 4
      },
      "health": 255,
      "id": 2,
      "owner": 0,
      "vel_x": 0.0,
      "vel_y": 0.0,
      "x": 114.6777182968073,
      "y": 64.346505978071917
     }
    ],
    "Time": 0,
    "Turn": 6
   },
   {
    "Commands": null,
    "Planets": [
     {
      "current_production": 0,
      "docked_ships": [
       2
      ],
      "health": 1202,
      "id": 2,
      "owner": 0,
      "remaining_production": 679
     },
     {
      "current_production": 0,
      "docked_ships": [
       0,
       1
      ],
      "health": 2588,
      "id": 6,
      "owner": 0,
      "remaining_production": 1461
     }
    ],
    "Ships": [
     {
      "cooldown": 0,
      "docking": {
       "planet_id": 6,
       "status": "docking",
       "turns_left": 2
      },
      "health": 255,
      "id": 0,
      "owner": 0,
      "vel_x": 0.0,
      "vel_y": 0.0,
      "x": 106.80149096127904,
      "y": 26.332543793565634
     },
     {
      "cooldown": 0,
      "docking": {
       "planet_id": 6,
       "status": "docking",
       "turns_left": 2
      },
      "health": 255,
      "id": 1,
      "owner": 0,
      "vel_x": 0.0,
      "vel_y": 0.0,
      "x": 107.44907583389185,
      "y": 25.534705415973928
     },
     {
      "cooldown": 0,
      "docking": {
       "planet_id": 2,
       "status": "docking",
       "turns_left": 3
      },
      "health": 255,
      "id": 2,
      "owner": 0,
      "vel_x": 0.0,
      "vel_y": 0.0,
      "x": 114.6777182968073,
      "y": 64.346505978071917
     }
    ],
    "Time": 0,
    "Turn": 7
   },
   {
    "Commands": null,
    "Planets": [
     {
      "current_production": 0,
      "docked_ships": [
       2
      ],
      "health": 1202,
      "id": 2,
      "owner": 0,
      "remaining_production": 679
     },
     {
      "current_production": 0,
      "docked_ships": [
       0,
       1
      ],
      "health": 2588,
      "id": 6,
      "owner": 0,
      "remaining_production": 1461
     }
    ],
    "Ships": [
     {
      "cooldown": 0,
      "docking": {
       "planet_id": 6,
       "status": "docking",
       "turns_left": 1
      },
      "health": 255,
      "id": 0,
      "owner": 0,
      "vel_x": 0.0,
      "vel_y": 0.0,
      "x": 106.80149096127904,
      "y": 26.332543793565634
     },
     {
      "cooldown": 0,
      "docking": {
       "planet_id": 6,
       "status": "docking",
       "turns_left": 1
      },
      "health": 255,
      "id": 1,
      "owner": 0,
      "vel_x": 0.0,
      "vel_y": 0.0,
      "x": 107.44907583389185,
      "y": 25.534705415973928
     },
     {
      "cooldown": 0,
      "docking": {
       "planet_id": 2,
       "status": "docking",
       "turns_left": 2
      },
      "health": 255,
      "id": 2,
      "owner": 0,
      "vel_x": 0.0,
      "vel_y": 0.0,
      "x": 114.6777182968073,
      "y": 64.346505978071917
     }
    ],
    "Time": 2,
    "Turn": 8
   },
   {
    "Commands": null,
    "Planets": [
     {
      "current_production": 0,
      "docked_ships": [
       2
      ],
      "health": 1202,
      "id": 2,
      "owner": 0,
      "remaining_production": 679
     },
     {
      "current_production": 12,
      "docked_ships": [
       0,
       1
      ],
      "health": 2588,
      "id": 6,
      "owner": 0,
      "remaining_production": 1461
     }
    ],
    "Ships": [
     {
      "cooldown": 0,
      "docking": {
       "planet_id": 6,
       "status": "docked"
      },
      "health": 255,
      "id": 0,
      "owner": 0,
      "vel_x": 0.0,
      "vel_y": 0.0,
      "x": 106.80149096127904,
      "y": 26.332543793565634
     },
     {
      "cooldown": 0,
      "docking": {
       "planet_id": 6,
       "status": "docked"
      },
      "health": 255,
      "id": 1,
      "owner": 0,
      "vel_x": 0.0,
      "vel_y": 0.0,
      "x": 107.44907583389185,
      "y": 25.534705415973928
     },
     {
      "cooldown": 0,
      "docking": {
       "planet_id": 2,
       "status": "docking",
       "turns_left": 1
      },
      "health": 255,
      "id": 2,
      "owner": 0,
      "vel_x": 0.0,
      "vel_y": 0.0,
      "x": 114.6777182968073,
      "y": 64.346505978071917
     }
    ],
    "Time": 1,
    "Turn": 9
   },
   {
    "Commands": null,
    "Planets": [
     {
      "current_production": 6,
      "docked_ships": [
       2
      ],
      "health": 1202,
      "id": 2,
      "owner": 0,
      "remaining_production": 679
     },
     {
      "current_production": 24,
      "docked_ships": [
       0,
       1
      ],
      "health": 2588,
      "id": 6,
      "owner": 0,
      "remaining_production": 1461
     }
    ],
    "Ships": [
     {
      "cooldown": 0,
      "docking": {
       "planet_id": 6,
       "status": "docked"
      },
      "health": 255,
      "id": 0,
      "owner": 0,
      "vel_x": 0.0,
      "vel_y": 0.0,
      "x": 106.80149096127904,
      "y": 26.332543793565634
     },
     {
      "cooldown": 0,
      "docking": {
       "planet_id": 6,
       "status": "docked"
      },
      "health": 255,
      "id": 1,
      "owner": 0,
      "vel_x": 0.0,
      "vel_y": 0.0,
      "x": 107.44907583389185,
      "y": 25.534705415973928
     },
     {
      "cooldown": 0,
      "docking": {
       "planet_id": 2,
       "status": "docked"
      },
      "health": 255,
      "id": 2,
      "owner": 0,
      "vel_x": 0.0,
      "vel_y": 0.0,
      "x": 114.6777182968073,
      "y": 64.346505978071917
     }
    ],
    "Time": 0,
    "Turn": 10
   },
   {
    "Commands": null,
    "Planets": [
     {
      "current_production": 12,
      "docked_ships": [
       2
      ],
      "health": 1202,
      "id": 2,
      "owner": 0,
      "remaining_production": 679
     },
     {
      "current_production": 36,
      "docked_ships": [
       0,
       1
      ],
      "health": 2588,
      "id": 6,
      "owner": 0,
      "remaining_production": 1461
     }
    ],
    "Ships": [
     {
      "cooldown": 0,
      "docking": {
       "planet_id": 6,
       "status": "docked"
      },
      "health": 255,
      "id": 0,
      "owner": 0,
      "vel_x": 0.0,
      "vel_y": 0.0,
      "x": 106.80149096127904,
      "y": 26.332543793565634
     },
     {
      "cooldown": 0,
      "docking": {
       "planet_id": 6,
       "status": "docked"
      },
      "health": 255,
      "id": 1,
      "owner": 0,
      "vel_x": 0.0,
      "vel_y": 0.0,
      "x": 107.44907583389185,
      "y": 25.534705415973928
     },
     {
      "cooldown": 0,
      "docking": {
       "planet_id": 2,
       "status": "docked"
      },
      "health": 255,
      "id": 2,
      "owner": 0,
      "vel_x": 0.0,
      "vel_y": 0.0,
      "x": 114.6777182968073,
      "y": 64.346505978071917
     }
    ],
    "Time": 1,
    "Turn": 11
   },
   {
    "Commands": null,
    "Planets": [
     {
      "current_production": 18,
      "docked_ships": [
       2
      ],
      "health": 1202,
      "id": 2,
      "owner": 0,
      "remaining_production": 679
     },
     {
      "current_production": 48,
      "docked_ships": [
       0,
       1
      ],
      "health": 2588,
      "id": 6,
      "owner": 0,
      "remaining_production": 1461
     }
    ],
    "Ships": [
     {
      "cooldown": 0,
      "docking": {
       "planet_id": 6,
       "status": "docked"
      },
      "health": 255,
      "id": 0,
      "owner": 0,
      "vel_x": 0.0,
      "vel_y": 0.0,
      "x": 106.80149096127904,
      "y": 26.332543793565634
     },
     {
      "cooldown": 0,
      "docking": {
       "planet_id": 6,
       "status": "docked"
      },
      "health": 255,
      "id": 1,
      "owner": 0,
      "vel_x": 0.0,
      "vel_y": 0.0,
      "x": 107.44907583389185,
      "y": 25.534705415973928
     },
     {
      "cooldown": 0,
      "docking": {
       "planet_id": 2,
       "status": "docked"
      },
      "health": 255,
      "id": 2,
      "owner": 0,
      "vel_x": 0.0,
      "vel_y": 0.0,
      "x": 114.6777182968073,
      "y": 64.346505978071917
     }
    ],
    "Time": 0,
    "Turn": 12
   },
   {
    "Commands": null,
    "Planets": [
     {
      "current_production": 24,
      "docked_ships": [
       2
      ],
      "health": 1202,
      "id": 2,
      "owner": 0,
      "remaining_production": 679
     },
     {
      "current_production": 60,
      "docked_ships": [
       0,
       1
      ],
      "health": 2588,
      "id": 6,
      "owner": 0,
      "remaining_production": 1461
     }
    ],
    "Ships": [
     {
      "cooldown": 0,
      "docking": {
       "planet_id": 6,
       "status": "docked"
      },
      "health": 255,
      "id": 0,
      "owner": 0,
      "vel_x": 0.0,
      "vel_y": 0.0,
      "x": 106.80149096127904,
      "y": 26.332543793565634
     },
     {
      "cooldown": 0,
      "docking": {
       "planet_id": 6,
       "status": "docked"
      },
      "health": 255,
      "id": 1,
      "owner": 0,
      "vel_x": 0.0,
      "vel_y": 0.0,
      "x": 107.44907583389185,
      "y": 25.534705415973928
     },
     {
      "cooldown": 0,
      "docking": {
       "planet_id": 2,
       "status": "docked"
      },
      "health": 255,
      "id": 2,
      "owner": 0,
      "vel_x": 0.0,
      "vel_y": 0.0,
      "x": 114.6777182968073,
      "y": 64.346505978071917
     }
    ],
    "Time": 1,
    "Turn": 13
   },
   {
    "Commands": null,
    "Planets": [
     {
      "current_production": 30,
      "docked_ships": [
       2
      ],
      "health": 1202,
      "id": 2,
      "owner": 0,
      "remaining_production": 679
     },
     {
      "current_production": 0,
      "docked_ships": [
       0,
       1
      ],
      "health": 2588,
      "id": 6,
      "owner": 0,
      "remaining_production": 1461
     }
    ],
    "Ships": [
     {
      "cooldown": 0,
      "docking": {
       "planet_id": 6,
       "status": "docked"
      },
      "health": 255,
      "id": 0,
      "owner": 0,
      "vel_x": 0.0,
      "vel_y": 0.0,
      "x": 106.80149096127904,
      "y": 26.332543793565634
     },
     {
      "cooldown": 0,
      "docking": {
       "planet_id": 6,
       "status": "docked"
      },
      "health": 255,
      "id": 1,
      "owner": 0,
      "vel_x": 0.0,
      "vel_y": 0.0,
      "x": 107.44907583389185,
      "y": 25.534705415973928
     },
     {
      "cooldown": 0,
      "docking": {
       "planet_id": 2,
       "status": "docked"
      },
      "health": 255,
      "id": 2,
      "owner": 0,
      "vel_x": 0.0,
      "vel_y": 0.0,
      "x": 114.6777182968073,
      "y": 64.346505978071917
     },
     {
      "cooldown": 0,
      "docking": {
       "status": "undocked"
      },
      "health": 255,
      "id": 6,
      "owner": 0,
      "vel_x": 0.0,
      "vel_y": 0.0,
      "x": 102.86254644220169,
      "y": 27.380257806664869
     }
    ],
    "Time": 3,
    "Turn": 14
   },
   {
    "Time": 2
   }
  ],
  "PlayerID": 0,
  "PlayerName": "Gabeb v.7"
 },
 {
  "Error": {},
  "Frames": [
   {
    "Time": 189,
    "Turn": 0
   },
   {
    "Commands": [
     {
      "angle": 46,
      "magnitude": 7,
      "owner": 1,
      "queue_number": 0,
      "shipId": 3,
      "type": "thrust"
     },
     {
      "angle": 284,
      "magnitude": 7,
      "owner": 1,
      "queue_number": 0,
      "shipId": 4,
      "type": "thrust"
     },
     {
      "angle": 42,
      "magnitude": 7,
      "owner": 1,
      "queue_number": 0,
      "shipId": 5,
      "type": "thrust"
     }
    ],
    "Planets": null,
    "Ships": [
     {
      "cooldown": 0,
      "docking": {
       "status": "undocked"
      },
      "health": 255,
      "id": 3,
      "owner": 1,
      "vel_x": 0.0,
      "vel_y": 0.0,
      "x": 124.86260859321298,
      "y": 125.03537860237056
     },
     {
      "cooldown": 0,
      "docking": {
       "status": "undocked"
      },
      "health": 255,
      "id": 4,
      "owner": 1,
      "vel_x": 0.0,
      "vel_y": 0.0,
      "x": 121.69345326919768,
      "y": 110.20792991606803
     },
     {
      "cooldown": 0,
      "docking": {
       "status": "undocked"
      },
      "health": 255,
      "id": 5,
      "owner": 1,
      "vel_x": 0.0,
      "vel_y": 0.0,
      "x": 125.20201377834177,
      "y": 127.68391424451201
     }
    ],
    "Time": 2,
    "Turn": 1
   },
   {
    "Commands": [
     {
      "angle": 108,
      "magnitude": 7,
      "owner": 1,
      "queue_number": 0,
      "shipId": 3,
      "type": "thrust"
     },
     {
      "angle": 298,
      "magnitude": 7,
      "owner": 1,
      "queue_number": 0,
      "shipId": 4,
      "type": "thrust"
     },
     {
      "angle": 71,
      "magnitude": 7,
      "owner": 1,
      "queue_number": 0,
      "shipId": 5,
      "type": "thrust"
     }
    ],
    "Planets": null,
    "Ships": [
     {
      "cooldown": 0,
      "docking": {
       "status": "undocked"
      },
      "health": 255,
      "id": 3,
      "owner": 1,
      "vel_x": 0.0,
      "vel_y": 0.0,
      "x": 122.69948963258835,
      "y": 131.69277421643665
     },
     {
      "cooldown": 0,
      "docking": {
       "status": "undocked"
      },
      "health": 255,
      "id": 4,
      "owner": 1,
      "vel_x": 0.0,
      "vel_y": 0.0,
      "x": 124.97975420869891,
      "y": 104.02729676605554
     },
     {
      "cooldown": 0,
      "docking": {
       "status": "undocked"
      },
      "health": 255,
      "id": 5,
      "owner": 1,
      "vel_x": 0.0,
      "vel_y": 0.0,
      "x": 127.48099085954186,
      "y": 134.30254427370724
     }
    ],
    "Time": 11,
    "Turn": 2
   },
   {
    "Commands": [
     {
      "angle": 59,
      "magnitude": 7,
      "owner": 1,
      "queue_number": 0,
      "shipId": 3,
      "type": "thrust"
     },
     {
      "angle": 298,
      "magnitude": 7,
      "owner": 1,
      "queue_number": 0,
      "shipId": 4,
      "type": "thrust"
     },
     {
      "angle": 70,
      "magnitude": 7,
      "owner": 1,
      "queue_number": 0,
      "shipId": 5,
      "type": "thrust"
     }
    ],
    "Planets": null,
    "Ships": [
     {
      "cooldown": 0,
      "docking": {
       "status": "undocked"
      },
      "health": 255,
      "id": 3,
      "owner": 1,
      "vel_x": 0.0,
      "vel_y": 0.0,
      "x": 126.30475615695873,
      "y": 137.69294532135143
     },
     {
      "cooldown": 0,
      "docking": {
       "status": "undocked"
      },
      "health": 255,
      "id": 4,
      "owner": 1,
      "vel_x": 0.0,
      "vel_y": 0.0,
      "x": 128.26605514820014,
      "y": 97.84666361604306
     },
     {
      "cooldown": 0,
      "docking": {
       "status": "undocked"
      },
      "health": 255,
      "id": 5,
      "owner": 1,
      "vel_x": 0.0,
      "vel_y": 0.0,
      "x": 129.87513186282155,
      "y": 140.88039261920861
     }
    ],
    "Time": 8,
    "Turn": 3
   },
   {
    "Commands": [
     {
      "angle": 60,
      "magnitude": 7,
      "owner": 1,
      "queue_number": 0,
      "shipId": 3,
      "type": "thrust"
     },
     {
      "angle": 297,
      "magnitude": 7,
      "owner": 1,
      "queue_number": 0,
      "shipId": 4,
      "type": "thrust"
     },
     {
      "owner": 1,
      "planet_id": 9,
      "queue_number": 0,
      "shipId": 5,
      "type": "dock"
     }
    ],
    "Planets": [
     {
      "current_production": 0,
      "docked_ships": [
       5
      ],
      "health": 2588,
      "id": 9,
      "owner": 1,
      "remaining_production": 1461
     }
    ],
    "Ships": [
     {
      "cooldown": 0,
      "docking": {
       "status": "undocked"
      },
      "health": 255,
      "id": 3,
      "owner": 1,
      "vel_x": 0.0,
      "vel_y": 0.0,
      "x": 129.80475615695875,
      "y": 143.75512314784251
     },
     {
      "cooldown": 0,
      "docking": {
       "status": "undocked"
      },
      "health": 255,
      "id": 4,
      "owner": 1,
      "vel_x": 0.0,
      "vel_y": 0.0,
      "x": 131.44398864637697,
      "y": 91.609617946724484
     },
     {
      "cooldown": 0,
      "docking": {
       "planet_id": 9,
       "status": "docking",
       "turns_left": 5
      },
      "health": 255,
      "id": 5,
      "owner": 1,
      "vel_x": 0.0,
      "vel_y": 0.0,
      "x": 129.87513186282155,
      "y": 140.88039261920861
     }
    ],
    "Time": 9,
    "Turn": 4
   },
   {
    "Commands": [
     {
      "owner": 1,
      "planet_id": 9,
      "queue_number": 0,
      "shipId": 3,
      "type": "dock"
     },
     {
      "owner": 1,
      "planet_id": 0,
      "queue_number": 0,
      "shipId": 4,
      "type": "dock"
     }
    ],
    "Planets": [
     {
      "current_production": 0,
      "docked_ships": [
       4
      ],
      "health": 1202,
      "id": 0,
      "owner": 1,
      "remaining_production": 679
     },
     {
      "current_production": 0,
      "docked_ships": [
       5,
       3
      ],
      "health": 2588,
      "id": 9,
      "owner": 1,
      "remaining_production": 1461
     }
    ],
    "Ships": [
     {
      "cooldown": 0,
      "docking": {
       "planet_id": 9,
       "status": "docking",
       "turns_left": 5
      },
      "health": 255,
      "id": 3,
      "owner": 1,
      "vel_x": 0.0,
      "vel_y": 0.0,
      "x": 129.80475615695875,
      "y": 143.75512314784251
     },
     {
      "cooldown": 0,
      "docking": {
       "planet_id": 0,
       "status": "docking",
       "turns_left": 5
      },
      "health": 255,
      "id": 4,
      "owner": 1,
      "vel_x": 0.0,
      "vel_y": 0.0,
      "x": 131.44398864637697,
      "y": 91.609617946724484
     },
     {
      "cooldown": 0,
      "docking": {
       "planet_id": 9,
       "status": "docking",
       "turns_left": 4
      },
      "health": 255,
      "id": 5,
      "owner": 1,
      "vel_x": 0.0,
      "vel_y": 0.0,
      "x": 129.87513186282155,
      "y": 140.88039261920861
     }
    ],
    "Time": 0,
    "Turn": 5
   },
   {
    "Commands": null,
    "Planets": [
     {
      "current_production": 0,
      "docked_ships": [
       4
      ],
      "health": 1202,
      "id": 0,
      "owner": 1,
      "remaining_production": 679
     },
     {
      "current_production": 0,
      "docked_ships": [
       5,
       3
      ],
      "health": 2588,
      "id": 9,
      "owner": 1,
      "remaining_production": 1461
     }
    ],
    "Ships": [
     {
      "cooldown": 0,
      "docking": {
       "planet_id": 9,
       "status": "docking",
       "turns_left": 4
      },
      "health": 255,
      "id": 3,
      "owner": 1,
      "vel_x": 0.0,
      "vel_y": 0.0,
      "x": 129.80475615695875,
      "y": 143.75512314784251
     },
     {
      "cooldown": 0,
      "docking": {
       "planet_id": 0,
       "status": "docking",
       "turns_left": 4
      },
      "health": 255,
      "id": 4,
      "owner": 1,
      "vel_x": 0.0,
      "vel_y": 0.0,
      "x": 131.44398864637697,
      "y": 91.609617946724484
     },
     {
      "cooldown": 0,
      "docking": {
       "planet_id": 9,
       "status": "docking",
       "turns_left": 3
      },
      "health": 255,
      "id": 5,
      "owner": 1,
      "vel_x": 0.0,
      "vel_y": 0.0,
      "x": 129.87513186282155,
      "y": 140.88039261920861
     }
    ],
    "Time": 0,
    "Turn": 6
   },
   {
    "Commands": null,
    "Planets": [
     {
      "current_production": 0,
      "docked_ships": [
       4
      ],
      "health": 1202,
      "id": 0,
      "owner": 1,
      "remaining_production": 679
     },
     {
      "current_production": 0,
      "docked_ships": [
       5,
       3
      ],
      "health": 2588,
      "id": 9,
      "owner": 1,
      "remaining_production": 1461
     }
    ],
    "Ships": [
     {
      "cooldown": 0,
      "docking": {
       "planet_id": 9,
       "status": "docking",
       "turns_left": 3
      },
      "health": 255,
      "id": 3,
      "owner": 1,
      "vel_x": 0.0,
      "vel_y": 0.0,
      "x": 129.80475615695875,
      "y": 143.75512314784251
     },
     {
      "cooldown": 0,
      "docking": {
       "planet_id": 0,
       "status": "docking",
       "turns_left": 3
      },
      "health": 255,
      "id": 4,
      "owner": 1,
      "vel_x": 0.0,
      "vel_y": 0.0,
      "x": 131.44398864637697,
      "y": 91.609617946724484
     },
     {
      "cooldown": 0,
      "docking": {
       "planet_id": 9,
       "status": "docking",
       "turns_left": 2
      },
      "health": 255,
      "id": 5,
      "owner": 1,
      "vel_x": 0.0,
      "vel_y": 0.0,
      "x": 129.87513186282155,
      "y": 140.88039261920861
     }
    ],
    "Time": 0,
    "Turn": 7
   },
   {
    "Commands": null,
    "Planets": [
     {
      "current_production": 0,
      "docked_ships": [
       4
      ],
      "health": 1202,
      "id": 0,
      "owner": 1,
      "remaining_production": 679
     },
     {
      "current_production": 0,
      "docked_ships": [
       5,
       3
      ],
      "health": 2588,
      "id": 9,
      "owner": 1,
      "remaining_production": 1461
     }
    ],
    "Ships": [
     {
      "cooldown": 0,
      "docking": {
       "planet_id": 9,
       "status": "docking",
       "turns_left": 2
      },
      "health": 255,
      "id": 3,
      "owner": 1,
      "vel_x": 0.0,
      "vel_y": 0.0,
      "x": 129.80475615695875,
      "y": 143.75512314784251
     },
     {
      "cooldown": 0,
      "docking": {
       "planet_id": 0,
       "status": "docking",
       "turns_left": 2
      },
      "health": 255,
      "id": 4,
      "owner": 1,
      "vel_x": 0.0,
      "vel_y": 0.0,
      "x": 131.44398864637697,
      "y": 91.609617946724484
     },
     {
      "cooldown": 0,
      "docking": {
       "planet_id": 9,
       "status": "docking",
       "turns_left": 1
      },
      "health": 255,
      "id": 5,
      "owner": 1,
      "vel_x": 0.0,
      "vel_y": 0.0,
      "x": 129.87513186282155,
      "y": 140.88039261920861
     }
    ],
    "Time": 1,
    "Turn": 8
   },
   {
    "Commands": null,
    "Planets": [
     {
      "current_production": 0,
      "docked_ships": [
       4
      ],
      "health": 1202,
      "id": 0,
      "owner": 1,
      "remaining_production": 679
     },
     {
      "current_production": 6,
      "docked_ships": [
       5,
       3
      ],
      "health": 2588,
      "id": 9,
      "owner": 1,
      "remaining_production": 1461
     }
    ],
    "Ships": [
     {
      "cooldown": 0,
      "docking": {
       "planet_id": 9,
       "status": "docking",
       "turns_left": 1
      },
      "health": 255,
      "id": 3,
      "owner": 1,
      "vel_x": 0.0,
      "vel_y": 0.0,
      "x": 129.80475615695875,
      "y": 143.75512314784251
     },
     {
      "cooldown": 0,
      "docking": {
       "planet_id": 0,
       "status": "docking",
       "turns_left": 1
      },
      "health": 255,
      "id": 4,
      "owner": 1,
      "vel_x": 0.0,
      "vel_y": 0.0,
      "x": 131.44398864637697,
      "y": 91.609617946724484
     },
     {
      "cooldown": 0,
      "docking": {
       "planet_id": 9,
       "status": "docked"
      },
      "health": 255,
      "id": 5,
      "owner": 1,
      "vel_x": 0.0,
      "vel_y": 0.0,
      "x": 129.87513186282155,
      "y": 140.88039261920861
     }
    ],
    "Time": 2,
    "Turn": 9
   },
   {
    "Commands": null,
    "Planets": [
     {
      "current_production": 6,
      "docked_ships": [
       4
      ],
      "health": 1202,
      "id": 0,
      "owner": 1,
      "remaining_production": 679
     },
     {
      "current_production": 18,
      "docked_ships": [
       5,
       3
      ],
      "health": 2588,
      "id": 9,
      "owner": 1,
      "remaining_production": 1461
     }
    ],
    "Ships": [
     {
      "cooldown": 0,
      "docking": {
       "planet_id": 9,
       "status": "docked"
      },
      "health": 255,
      "id": 3,
      "owner": 1,
      "vel_x": 0.0,
      "vel_y": 0.0,
      "x": 129.80475615695875,
      "y": 143.75512314784251
     },
     {
      "cooldown": 0,
      "docking": {
       "planet_id": 0,
       "status": "docked"
      },
      "health": 255,
      "id": 4,
      "owner": 1,
      "vel_x": 0.0,
      "vel_y": 0.0,
      "x": 131.44398864637697,
      "y": 91.609617946724484
     },
     {
      "cooldown": 0,
      "docking": {
       "planet_id": 9,
       "status": "docked"
      },
      "health": 255,
      "id": 5,
      "owner": 1,
      "vel_x": 0.0,
      "vel_y": 0.0,
      "x": 129.87513186282155,
      "y": 140.88039261920861
     }
    ],
    "Time": 1,
    "Turn": 10
   },
   {
    "Commands": null,
    "Planets": [
     {
      "current_production": 12,
      "docked_ships": [
       4
      ],
      "health": 1202,
      "id": 0,
      "owner": 1,
      "remaining_production": 679
     },
     {
      "current_production": 30,
      "docked_ships": [
       5,
       3
      ],
      "health": 2588,
      "id": 9,
      "owner": 1,
      "remaining_production": 1461
     }
    ],
    "Ships": [
     {
      "cooldown": 0,
      "docking": {
       "planet_id": 9,
       "status": "docked"
      },
      "health": 255,
      "id": 3,
      "owner": 1,
      "vel_x": 0.0,
      "vel_y": 0.0,
      "x": 129.80475615695875,
      "y": 143.75512314784251
     },
     {
      "cooldown": 0,
      "docking": {
       "planet_id": 0,
       "status": "docked"
      },
      "health": 255,
      "id": 4,
      "owner": 1,
      "vel_x": 0.0,
      "vel_y": 0.0,
      "x": 131.44398864637697,
      "y": 91.609617946724484
     },
     {
      "cooldown": 0,
      "docking": {
       "planet_id": 9,
       "status": "docked"
      },
      "health": 255,
      "id": 5,
      "owner": 1,
      "vel_x": 0.0,
      "vel_y": 0.0,
      "x": 129.87513186282155,
      "y": 140.88039261920861
     }
    ],
    "Time": 0,
    "Turn": 11
   },
   {
    "Commands": null,
    "Planets": [
     {
      "current_production": 18,
      "docked_ships": [
       4
      ],
      "health": 1202,
      "id": 0,
      "owner": 1,
      "remaining_production": 679
     },
     {
      "current_production": 42,
      "docked_ships": [
       5,
       3
      ],
      "health": 2588,
      "id": 9,
      "owner": 1,
      "remaining_production": 1461
     }
    ],
    "Ships": [
     {
      "cooldown": 0,
      "docking": {
       "planet_id": 9,
       "status": "docked"
      },
      "health": 255,
      "id": 3,
      "owner": 1,
      "vel_x": 0.0,
      "vel_y": 0.0,
      "x": 129.80475615695875,
      "y": 143.75512314784251
     },
     {
      "cooldown": 0,
      "docking": {
       "planet_id": 0,
       "status": "docked"
      },
      "health": 255,
      "id": 4,
      "owner": 1,
      "vel_x": 0.0,
      "vel_y": 0.0,
      "x": 131.44398864637697,
      "y": 91.609617946724484
     },
     {
      "cooldown": 0,
      "docking": {
       "planet_id": 9,
       "status": "docked"
      },
      "health": 255,
      "id": 5,
      "owner": 1,
      "vel_x": 0.0,
      "vel_y": 0.0,
      "x": 129.87513186282155,
      "y": 140.88039261920861
     }
    ],
    "Time": 0,
    "Turn": 12
   },
   {
    "Commands": null,
    "Planets": [
     {
      "current_production": 24,
      "docked_ships": [
       4
      ],
      "health": 1202,
      "id": 0,
      "owner": 1,
      "remaining_production": 679
     },
     {
      "current_production": 54,
      "docked_ships": [
       5,
       3
      ],
      "health": 2588,
      "id": 9,
      "owner": 1,
      "remaining_production": 1461
     }
    ],
    "Ships": [
     {
      "cooldown": 0,
      "docking": {
       "planet_id": 9,
       "status": "docked"
      },
      "health": 255,
      "id": 3,
      "owner": 1,
      "vel_x": 0.0,
      "vel_y": 0.0,
      "x": 129.80475615695875,
      "y": 143.75512314784251
     },
     {
      "cooldown": 0,
      "docking": {
       "planet_id": 0,
       "status": "docked"
      },
      "health": 255,
      "id": 4,
      "owner": 1,
      "vel_x": 0.0,
      "vel_y": 0.0,
      "x": 131.44398864637697,
      "y": 91.609617946724484
     },
     {
      "cooldown": 0,
      "docking": {
       "planet_id": 9,
       "status": "docked"
      },
      "health": 255,
      "id": 5,
      "owner": 1,
      "vel_x": 0.0,
      "vel_y": 0.0,
      "x": 129.87513186282155,
      "y": 140.88039261920861
     }
    ],
    "Time": 0,
    "Turn": 13
   },
   {
    "Commands": null,
    "Planets": [
     {
      "current_production": 30,
      "docked_ships": [
       4
      ],
      "health": 1202,
      "id": 0,
      "owner": 1,
      "remaining_production": 679
     },
     {
      "current_production": 66,
      "docked_ships": [
       5,
       3
      ],
      "health": 2588,
      "id": 9,
      "owner": 1,
      "remaining_production": 1461
     }
    ],
    "Ships": [
     {
      "cooldown": 0,
      "docking": {
       "planet_id": 9,
       "status": "docked"
      },
      "health": 255,
      "id": 3,
      "owner": 1,
      "vel_x": 0.0,
      "vel_y": 0.0,
      "x": 129.80475615695875,
      "y": 143.75512314784251
     },
     {
      "cooldown": 0,
      "docking": {
       "planet_id": 0,
       "status": "docked"
      },
      "health": 255,
      "id": 4,
      "owner": 1,
      "vel_x": 0.0,
      "vel_y": 0.0,
      "x": 131.44398864637697,
      "y": 91.609617946724484
     },
     {
      "cooldown": 0,
      "docking": {
       "planet_id": 9,
       "status": "docked"
      },
      "health": 255,
      "id": 5,
      "owner": 1,
      "vel_x": 0.0,
      "vel_y": 0.0,
      "x": 129.87513186282155,
      "y": 140.88039261920861
     }
    ],
    "Time": 3,
    "Turn": 14
   },
   {
    "Commands": null,
    "Planets": [
     {
      "current_production": 36,
      "docked_ships": [
       4
      ],
      "health": 1202,
      "id": 0,
      "owner": 1,
      "remaining_production": 679
     },
     {
      "current_production": 6,
      "docked_ships": [
       5,
       3
      ],
      "health": 2588,
      "id": 9,
      "owner": 1,
      "remaining_production": 1461
     }
    ],
    "Ships": [
     {
      "cooldown": 0,
      "docking": {
       "planet_id": 9,
       "status": "docked"
      },
      "health": 255,
      "id": 3,
      "owner": 1,
      "vel_x": 0.0,
      "vel_y": 0.0,
      "x": 129.80475615695875,
      "y": 143.75512314784251
     },
     {
      "cooldown": 0,
      "docking": {
       "planet_id": 0,
       "status": "docked"
      },
      "health": 255,
      "id": 4,
      "owner": 1,
      "vel_x": 0.0,
      "vel_y": 0.0,
      "x": 131.44398864637697,
      "y": 91.609617946724484
     },
     {
      "cooldown": 0,
      "docking": {
       "planet_id": 9,
       "status": "docked"
      },
      "health": 255,
      "id": 5,
      "owner": 1,
      "vel_x": 0.0,
      "vel_y": 0.0,
      "x": 129.87513186282155,
      "y": 140.88039261920861
     },
     {
      "cooldown": 0,
      "docking": {
       "status": "undocked"
      },
      "health": 255,
      "id": 7,
      "owner": 1,
      "vel_x": 0.0,
      "vel_y": 0.0,
      "x": 137.13745355779835,
      "y": 132.61974219333513
     }
    ],
    "Time": 2,
    "Turn": 15
   }
  ],
  "PlayerID": 1,
  "PlayerName": "Gabeb v.7"
 }
]
