[
 {
  "Error": {
   "Message": "ERRORED! Got Exception (if any): ERROR: Bot #0: Received invalid character '    if planet.is_full():i'. (at character 5.)\nInput received from bot:\n    if planet.is_full():\n    ^; Response received (if any):     if planet.is_full():     ^IndentationError: expected an indented block",
   "Turn": 1
  },
  "Frames": [
   {
    "Time": 99,
    "Turn": 0
   },
   {
    "Time": 0
   }
  ],
  "PlayerID": 0,
  "PlayerName": "  File \"MyBot.py\", line 102"
 },
 {
  "Error": {},
  "Frames": [
   {
    "Time": 169,
    "Turn": 0
   },
   {
    "Commands": [
     {
      "angle": 292,
      "magnitude": 7,
      "owner": 1,
      "queue_number": 0,
      "shipId": 3,
      "type": "thrust"
     },
     {
      "angle": 253,
      "magnitude": 7,
      "owner": 1,
      "queue_number": 0,
      "shipId": 4,
      "type": "thrust"
     },
     {
      "angle": 175,
      "magnitude": 7,
      "owner": 1,
      "queue_number": 0,
      "shipId": 5,
      "type": "thrust"
     }
    ],
    "Planets": null,
    "Ships": [
     {
      "cooldown": 0,
      "docking": {
       "status": "undocked"
      },
      "health": 255,
      "id": 3,
      "owner": 1,
      "vel_x": 0.0,
      "vel_y": 0.0,
      "x": 182.62224615391139,
      "y": 73.509713018032485
     },
     {
      "cooldown": 0,
      "docking": {
       "status": "undocked"
      },
      "health": 255,
      "id": 4,
      "owner": 1,
      "vel_x": 0.0,
      "vel_y": 0.0,
      "x": 177.95339806694085,
      "y": 70.305866708258748
     },
     {
      "cooldown": 0,
      "docking": {
       "status": "undocked"
      },
      "health": 255,
      "id": 5,
      "owner": 1,
      "vel_x": 0.0,
      "vel_y": 0.0,
      "x": 173.02663711335779,
      "y": 83.610090199233611
     }
    ],
    "Time": 3,
    "Turn": 1
   }
  ],
  "PlayerID": 1,
  "PlayerName": "Gabeb v.7"
 }
]
