[
 {
  "Error": {
   "Message": "ERRORED! Got Exception (if any): ERROR: Bot #0: Received invalid character 'Traceback (most recent call last):T'. (at character 1.)\nInput received from bot:\nTraceback (most recent call last):\n^; Response received (if any): Traceback (most recent call last):  File \"MyBot.py\", line 99, in <module>    if closest_enemy_planet is None and planet.owner.id != game_map.my_id:AttributeError: 'NoneType' object has no attribute 'id'",
   "Turn": 13
  },
  "Frames": [
   {
    "Time": 195,
    "Turn": 0
   },
   {
    "Commands": [
     {
      "angle": 322,
      "magnitude": 7,
      "owner": 0,
      "queue_number": 0,
      "shipId": 0,
      "type": "thrust"
     },
     {
      "angle": 328,
      "magnitude": 7,
      "owner": 0,
      "queue_number": 0,
      "shipId": 1,
      "type": "thrust"
     },
     {
      "angle": 318,
      "magnitude": 7,
      "owner": 0,
      "queue_number": 0,
      "shipId": 2,
      "type": "thrust"
     }
    ],
    "Planets": null,
    "Ships": [
     {
      "cooldown": 0,
      "docking": {
       "status": "undocked"
      },
      "health": 255,
      "id": 0,
      "owner": 0,
      "vel_x": 0.0,
      "vel_y": 0.0,
      "x": 125.51607527524705,
      "y": 35.690369672720387
     },
     {
      "cooldown": 0,
      "docking": {
       "status": "undocked"
      },
      "health": 255,
      "id": 1,
      "owner": 0,
      "vel_x": 0.0,
      "vel_y": 0.0,
      "x": 125.93633667309498,
      "y": 33.290565150367556
     },
     {
      "cooldown": 0,
      "docking": {
       "status": "undocked"
      },
      "health": 255,
      "id": 2,
      "owner": 0,
      "vel_x": 0.0,
      "vel_y": 0.0,
      "x": 125.20201377834177,
      "y": 38.31608575548799
     }
    ],
    "Time": 1,
    "Turn": 1
   },
   {
    "Commands": [
     {
      "angle": 323,
      "magnitude": 7,
      "owner": 0,
      "queue_number": 0,
      "shipId": 0,
      "type": "thrust"
     },
     {
      "angle": 328,
      "magnitude": 6,
      "owner": 0,
      "queue_number": 0,
      "shipId": 1,
      "type": "thrust"
     },
     {
      "angle": 317,
      "magnitude": 7,
      "owner": 0,
      "queue_number": 0,
      "shipId": 2,
      "type": "thrust"
     }
    ],
    "Planets": null,
    "Ships": [
     {
      "cooldown": 0,
      "docking": {
       "status": "undocked"
      },
      "health": 255,
      "id": 0,
      "owner": 0,
      "vel_x": 0.0,
      "vel_y": 0.0,
      "x": 131.1065238455781,
      "y": 31.477664510656048
     },
     {
      "cooldown": 0,
      "docking": {
       "status": "undocked"
      },
      "health": 255,
      "id": 1,
      "owner": 0,
      "vel_x": 0.0,
      "vel_y": 0.0,
      "x": 131.02462525003352,
      "y": 30.111049564968322
     },
     {
      "cooldown": 0,
      "docking": {
       "status": "undocked"
      },
      "health": 255,
      "id": 2,
      "owner": 0,
      "vel_x": 0.0,
      "vel_y": 0.0,
      "x": 130.32148968967596,
      "y": 33.542097235050505
     }
    ],
    "Time": 1,
    "Turn": 2
   },
   {
    "Commands": [
     {
      "owner": 0,
      "planet_id": 8,
      "queue_number": 0,
      "shipId": 0,
      "type": "dock"
     },
     {
      "owner": 0,
      "planet_id": 8,
      "queue_number": 0,
      "shipId": 1,
      "type": "dock"
     },
     {
      "angle": 322,
      "magnitude": 2,
      "owner": 0,
      "queue_number": 0,
      "shipId": 2,
      "type": "thrust"
     }
    ],
    "Planets": [
     {
      "current_production": 0,
      "docked_ships": [
       0,
       1
      ],
      "health": 2148,
      "id": 8,
      "owner": 0,
      "remaining_production": 1213
     }
    ],
    "Ships": [
     {
      "cooldown": 0,
      "docking": {
       "planet_id": 8,
       "status": "docking",
       "turns_left": 5
      },
      "health": 255,
      "id": 0,
      "owner": 0,
      "vel_x": 0.0,
      "vel_y": 0.0,
      "x": 131.1065238455781,
      "y": 31.477664510656048
     },
     {
      "cooldown": 0,
      "docking": {
       "planet_id": 8,
       "status": "docking",
       "turns_left": 5
      },
      "health": 255,
      "id": 1,
      "owner": 0,
      "vel_x": 0.0,
      "vel_y": 0.0,
      "x": 131.02462525003352,
      "y": 30.111049564968322
     },
     {
      "cooldown": 0,
      "docking": {
       "status": "undocked"
      },
      "health": 255,
      "id": 2,
      "owner": 0,
      "vel_x": 0.0,
      "vel_y": 0.0,
      "x": 131.89751119688941,
      "y": 32.310774284399187
     }
    ],
    "Time": 2,
    "Turn": 3
   },
   {
    "Commands": [
     {
      "owner": 0,
      "planet_id": 8,
      "queue_number": 0,
      "shipId": 2,
      "type": "dock"
     }
    ],
    "Planets": [
     {
      "current_production": 0,
      "docked_ships": [
       0,
       1,
       2
      ],
      "health": 2148,
      "id": 8,
      "owner": 0,
      "remaining_production": 1213
     }
    ],
    "Ships": [
     {
      "cooldown": 0,
      "docking": {
       "planet_id": 8,
       "status": "docking",
       "turns_left": 4
      },
      "health": 255,
      "id": 0,
      "owner": 0,
      "vel_x": 0.0,
      "vel_y": 0.0,
      "x": 131.1065238455781,
      "y": 31.477664510656048
     },
     {
      "cooldown": 0,
      "docking": {
       "planet_id": 8,
       "status": "docking",
       "turns_left": 4
      },
      "health": 255,
      "id": 1,
      "owner": 0,
      "vel_x": 0.0,
      "vel_y": 0.0,
      "x": 131.02462525003352,
      "y": 30.111049564968322
     },
     {
      "cooldown": 0,
      "docking": {
       "planet_id": 8,
       "status": "docking",
       "turns_left": 5
      },
      "health": 255,
      "id": 2,
      "owner": 0,
      "vel_x": 0.0,
      "vel_y": 0.0,
      "x": 131.89751119688941,
      "y": 32.310774284399187
     }
    ],
    "Time": 2,
    "Turn": 4
   },
   {
    "Commands": null,
    "Planets": [
     {
      "current_production": 0,
      "docked_ships": [
       0,
       1,
       2
      ],
      "health": 2148,
      "id": 8,
      "owner": 0,
      "remaining_production": 1213
     }
    ],
    "Ships": [
     {
      "cooldown": 0,
      "docking": {
       "planet_id": 8,
       "status": "docking",
       "turns_left": 3
      },
      "health": 255,
      "id": 0,
      "owner": 0,
      "vel_x": 0.0,
      "vel_y": 0.0,
      "x": 131.1065238455781,
      "y": 31.477664510656048
     },
     {
      "cooldown": 0,
      "docking": {
       "planet_id": 8,
       "status": "docking",
       "turns_left": 3
      },
      "health": 255,
      "id": 1,
      "owner": 0,
      "vel_x": 0.0,
      "vel_y": 0.0,
      "x": 131.02462525003352,
      "y": 30.111049564968322
     },
     {
      "cooldown": 0,
      "docking": {
       "planet_id": 8,
       "status": "docking",
       "turns_left": 4
      },
      "health": 255,
      "id": 2,
      "owner": 0,
      "vel_x": 0.0,
      "vel_y": 0.0,
      "x": 131.89751119688941,
      "y": 32.310774284399187
     }
    ],
    "Time": 1,
    "Turn": 5
   },
   {
    "Commands": null,
    "Planets": [
     {
      "current_production": 0,
      "docked_ships": [
       0,
       1,
       2
      ],
      "health": 2148,
      "id": 8,
      "owner": 0,
      "remaining_production": 1213
     }
    ],
    "Ships": [
     {
      "cooldown": 0,
      "docking": {
       "planet_id": 8,
       "status": "docking",
       "turns_left": 2
      },
      "health": 255,
      "id": 0,
      "owner": 0,
      "vel_x": 0.0,
      "vel_y": 0.0,
      "x": 131.1065238455781,
      "y": 31.477664510656048
     },
     {
      "cooldown": 0,
      "docking": {
       "planet_id": 8,
       "status": "docking",
       "turns_left": 2
      },
      "health": 255,
      "id": 1,
      "owner": 0,
      "vel_x": 0.0,
      "vel_y": 0.0,
      "x": 131.02462525003352,
      "y": 30.111049564968322
     },
     {
      "cooldown": 0,
      "docking": {
       "planet_id": 8,
       "status": "docking",
       "turns_left": 3
      },
      "health": 255,
      "id": 2,
      "owner": 0,
      "vel_x": 0.0,
      "vel_y": 0.0,
      "x": 131.89751119688941,
      "y": 32.310774284399187
     }
    ],
    "Time": 0,
    "Turn": 6
   },
   {
    "Commands": null,
    "Planets": [
     {
      "current_production": 0,
      "docked_ships": [
       0,
       1,
       2
      ],
      "health": 2148,
      "id": 8,
      "owner": 0,
      "remaining_production": 1213
     }
    ],
    "Ships": [
     {
      "cooldown": 0,
      "docking": {
       "planet_id": 8,
       "status": "docking",
       "turns_left": 1
      },
      "health": 255,
      "id": 0,
      "owner": 0,
      "vel_x": 0.0,
      "vel_y": 0.0,
      "x": 131.1065238455781,
      "y": 31.477664510656048
     },
     {
      "cooldown": 0,
      "docking": {
       "planet_id": 8,
       "status": "docking",
       "turns_left": 1
      },
      "health": 255,
      "id": 1,
      "owner": 0,
      "vel_x": 0.0,
      "vel_y": 0.0,
      "x": 131.02462525003352,
      "y": 30.111049564968322
     },
     {
      "cooldown": 0,
      "docking": {
       "planet_id": 8,
       "status": "docking",
       "turns_left": 2
      },
      "health": 255,
      "id": 2,
      "owner": 0,
      "vel_x": 0.0,
      "vel_y": 0.0,
      "x": 131.89751119688941,
      "y": 32.310774284399187
     }
    ],
    "Time": 1,
    "Turn": 7
   },
   {
    "Commands": null,
    "Planets": [
     {
      "current_production": 12,
      "docked_ships": [
       0,
       1,
       2
      ],
      "health": 2148,
      "id": 8,
      "owner": 0,
      "remaining_production": 1213
     }
    ],
    "Ships": [
     {
      "cooldown": 0,
      "docking": {
       "planet_id": 8,
       "status": "docked"
      },
      "health": 255,
      "id": 0,
      "owner": 0,
      "vel_x": 0.0,
      "vel_y": 0.0,
      "x": 131.1065238455781,
      "y": 31.477664510656048
     },
     {
      "cooldown": 0,
      "docking": {
       "planet_id": 8,
       "status": "docked"
      },
      "health": 255,
      "id": 1,
      "owner": 0,
      "vel_x": 0.0,
      "vel_y": 0.0,
      "x": 131.02462525003352,
      "y": 30.111049564968322
     },
     {
      "cooldown": 0,
      "docking": {
       "planet_id": 8,
       "status": "docking",
       "turns_left": 1
      },
      "health": 255,
      "id": 2,
      "owner": 0,
      "vel_x": 0.0,
      "vel_y": 0.0,
      "x": 131.89751119688941,
      "y": 32.310774284399187
     }
    ],
    "Time": 0,
    "Turn": 8
   },
   {
    "Commands": null,
    "Planets": [
     {
      "current_production": 30,
      "docked_ships": [
       0,
       1,
       2
      ],
      "health": 2148,
      "id": 8,
      "owner": 0,
      "remaining_production": 1213
     }
    ],
    "Ships": [
     {
      "cooldown": 0,
      "docking": {
       "planet_id": 8,
       "status": "docked"
      },
      "health": 255,
      "id": 0,
      "owner": 0,
      "vel_x": 0.0,
      "vel_y": 0.0,
      "x": 131.1065238455781,
      "y": 31.477664510656048
     },
     {
      "cooldown": 0,
      "docking": {
       "planet_id": 8,
       "status": "docked"
      },
      "health": 255,
      "id": 1,
      "owner": 0,
      "vel_x": 0.0,
      "vel_y": 0.0,
      "x": 131.02462525003352,
      "y": 30.111049564968322
     },
     {
      "cooldown": 0,
      "docking": {
       "planet_id": 8,
       "status": "docked"
      },
      "health": 255,
      "id": 2,
      "owner": 0,
      "vel_x": 0.0,
      "vel_y": 0.0,
      "x": 131.89751119688941,
      "y": 32.310774284399187
     }
    ],
    "Time": 1,
    "Turn": 9
   },
   {
    "Commands": null,
    "Planets": [
     {
      "current_production": 48,
      "docked_ships": [
       0,
       1,
       2
      ],
      "health": 2148,
      "id": 8,
      "owner": 0,
      "remaining_production": 1213
     }
    ],
    "Ships": [
     {
      "cooldown": 0,
      "docking": {
       "planet_id": 8,
       "status": "docked"
      },
      "health": 255,
      "id": 0,
      "owner": 0,
      "vel_x": 0.0,
      "vel_y": 0.0,
      "x": 131.1065238455781,
      "y": 31.477664510656048
     },
     {
      "cooldown": 0,
      "docking": {
       "planet_id": 8,
       "status": "docked"
      },
      "health": 255,
      "id": 1,
      "owner": 0,
      "vel_x": 0.0,
      "vel_y": 0.0,
      "x": 131.02462525003352,
      "y": 30.111049564968322
     },
     {
      "cooldown": 0,
      "docking": {
       "planet_id": 8,
       "status": "docked"
      },
      "health": 255,
      "id": 2,
      "owner": 0,
      "vel_x": 0.0,
      "vel_y": 0.0,
      "x": 131.89751119688941,
      "y": 32.310774284399187
     }
    ],
    "Time": 0,
    "Turn": 10
   },
   {
    "Commands": null,
    "Planets": [
     {
      "current_production": 66,
      "docked_ships": [
       0,
       1,
       2
      ],
      "health": 2148,
      "id": 8,
      "owner": 0,
      "remaining_production": 1213
     }
    ],
    "Ships": [
     {
      "cooldown": 0,
      "docking": {
       "planet_id": 8,
       "status": "docked"
      },
      "health": 255,
      "id": 0,
      "owner": 0,
      "vel_x": 0.0,
      "vel_y": 0.0,
      "x": 131.1065238455781,
      "y": 31.477664510656048
     },
     {
      "cooldown": 0,
      "docking": {
       "planet_id": 8,
       "status": "docked"
      },
      "health": 255,
      "id": 1,
      "owner": 0,
      "vel_x": 0.0,
      "vel_y": 0.0,
      "x": 131.02462525003352,
      "y": 30.111049564968322
     },
     {
      "cooldown": 0,
      "docking": {
       "planet_id": 8,
       "status": "docked"
      },
      "health": 255,
      "id": 2,
      "owner": 0,
      "vel_x": 0.0,
      "vel_y": 0.0,
      "x": 131.89751119688941,
      "y": 32.310774284399187
     }
    ],
    "Time": 0,
    "Turn": 11
   },
   {
    "Commands": null,
    "Planets": [
     {
      "current_production": 12,
      "docked_ships": [
       0,
       1,
       2
      ],
      "health": 2148,
      "id": 8,
      "owner": 0,
      "remaining_production": 1213
     }
    ],
    "Ships": [
     {
      "cooldown": 0,
      "docking": {
       "planet_id": 8,
       "status": "docked"
      },
      "health": 255,
      "id": 0,
      "owner": 0,
      "vel_x": 0.0,
      "vel_y": 0.0,
      "x": 131.1065238455781,
      "y": 31.477664510656048
     },
     {
      "cooldown": 0,
      "docking": {
       "planet_id": 8,
       "status": "docked"
      },
      "health": 255,
      "id": 1,
      "owner": 0,
      "vel_x": 0.0,
      "vel_y": 0.0,
      "x": 131.02462525003352,
      "y": 30.111049564968322
     },
     {
      "cooldown": 0,
      "docking": {
       "planet_id": 8,
       "status": "docked"
      },
      "health": 255,
      "id": 2,
      "owner": 0,
      "vel_x": 0.0,
      "vel_y": 0.0,
      "x": 131.89751119688941,
      "y": 32.310774284399187
     },
     {
      "cooldown": 0,
      "docking": {
       "status": "undocked"
      },
      "health": 255,
      "id": 6,
      "owner": 0,
      "vel_x": 0.0,
      "vel_y": 0.0,
      "x": 136.03986092257915,
      "y": 33.532801260326991
     }
    ],
    "Time": 1,
    "Turn": 12
   },
   {
    "Time": 2
   }
  ],
  "PlayerID": 0,
  "PlayerName": "Gabeb v.7"
 },
 {
  "Error": {},
  "Frames": [
   {
    "Time": 226,
    "Turn": 0
   },
   {
    "Commands": [
     {
      "angle": 142,
      "magnitude": 7,
      "owner": 1,
      "queue_number": 0,
      "shipId": 3,
      "type": "thrust"
     },
     {
      "angle": 138,
      "magnitude": 7,
      "owner": 1,
      "queue_number": 0,
      "shipId": 4,
      "type": "thrust"
     },
     {
      "angle": 148,
      "magnitude": 7,
      "owner": 1,
      "queue_number": 0,
      "shipId": 5,
      "type": "thrust"
     }
    ],
    "Planets": null,
    "Ships": [
     {
      "cooldown": 0,
      "docking": {
       "status": "undocked"
      },
      "health": 255,
      "id": 3,
      "owner": 1,
      "vel_x": 0.0,
      "vel_y": 0.0,
      "x": 114.48392472475295,
      "y": 124.30963032727961
     },
     {
      "cooldown": 0,
      "docking": {
       "status": "undocked"
      },
      "health": 255,
      "id": 4,
      "owner": 1,
      "vel_x": 0.0,
      "vel_y": 0.0,
      "x": 114.79798622165823,
      "y": 121.68391424451201
     },
     {
      "cooldown": 0,
      "docking": {
       "status": "undocked"
      },
      "health": 255,
      "id": 5,
      "owner": 1,
      "vel_x": 0.0,
      "vel_y": 0.0,
      "x": 114.06366332690502,
      "y": 126.70943484963243
     }
    ],
    "Time": 2,
    "Turn": 1
   },
   {
    "Commands": [
     {
      "angle": 171,
      "magnitude": 7,
      "owner": 1,
      "queue_number": 0,
      "shipId": 3,
      "type": "thrust"
     },
     {
      "angle": 163,
      "magnitude": 7,
      "owner": 1,
      "queue_number": 0,
      "shipId": 4,
      "type": "thrust"
     },
     {
      "angle": 180,
      "magnitude": 7,
      "owner": 1,
      "queue_number": 0,
      "shipId": 5,
      "type": "thrust"
     }
    ],
    "Planets": null,
    "Ships": [
     {
      "cooldown": 0,
      "docking": {
       "status": "undocked"
      },
      "health": 255,
      "id": 3,
      "owner": 1,
      "vel_x": 0.0,
      "vel_y": 0.0,
      "x": 107.57010634058699,
      "y": 125.40467158256122
     },
     {
      "cooldown": 0,
      "docking": {
       "status": "undocked"
      },
      "health": 255,
      "id": 4,
      "owner": 1,
      "vel_x": 0.0,
      "vel_y": 0.0,
      "x": 108.10385292991698,
      "y": 123.73051617757118
     },
     {
      "cooldown": 0,
      "docking": {
       "status": "undocked"
      },
      "health": 255,
      "id": 5,
      "owner": 1,
      "vel_x": 0.0,
      "vel_y": 0.0,
      "x": 107.06366332690502,
      "y": 126.70943484963243
     }
    ],
    "Time": 13,
    "Turn": 2
   },
   {
    "Commands": [
     {
      "angle": 170,
      "magnitude": 7,
      "owner": 1,
      "queue_number": 0,
      "shipId": 3,
      "type": "thrust"
     },
     {
      "angle": 164,
      "magnitude": 7,
      "owner": 1,
      "queue_number": 0,
      "shipId": 4,
      "type": "thrust"
     },
     {
      "owner": 1,
      "planet_id": 10,
      "queue_number": 0,
      "shipId": 5,
      "type": "dock"
     }
    ],
    "Planets": [
     {
      "current_production": 0,
      "docked_ships": [
       5
      ],
      "health": 2148,
      "id": 10,
      "owner": 1,
      "remaining_production": 1213
     }
    ],
    "Ships": [
     {
      "cooldown": 0,
      "docking": {
       "status": "undocked"
      },
      "health": 255,
      "id": 3,
      "owner": 1,
      "vel_x": 0.0,
      "vel_y": 0.0,
      "x": 100.67645206950154,
      "y": 126.62020882622973
     },
     {
      "cooldown": 0,
      "docking": {
       "status": "undocked"
      },
      "health": 255,
      "id": 4,
      "owner": 1,
      "vel_x": 0.0,
      "vel_y": 0.0,
      "x": 101.37502105834875,
      "y": 125.65997766829017
     },
     {
      "cooldown": 0,
      "docking": {
       "planet_id": 10,
       "status": "docking",
       "turns_left": 5
      },
      "health": 255,
      "id": 5,
      "owner": 1,
      "vel_x": 0.0,
      "vel_y": 0.0,
      "x": 107.06366332690502,
      "y": 126.70943484963243
     }
    ],
    "Time": 5,
    "Turn": 3
   },
   {
    "Commands": [
     {
      "owner": 1,
      "planet_id": 10,
      "queue_number": 0,
      "shipId": 3,
      "type": "dock"
     },
     {
      "owner": 1,
      "planet_id": 10,
      "queue_number": 0,
      "shipId": 4,
      "type": "dock"
     }
    ],
    "Planets": [
     {
      "current_production": 0,
      "docked_ships": [
       5,
       3,
       4
      ],
      "health": 2148,
      "id": 10,
      "owner": 1,
      "remaining_production": 1213
     }
    ],
    "Ships": [
     {
      "cooldown": 0,
      "docking": {
       "planet_id": 10,
       "status": "docking",
       "turns_left": 5
      },
      "health": 255,
      "id": 3,
      "owner": 1,
      "vel_x": 0.0,
      "vel_y": 0.0,
      "x": 100.67645206950154,
      "y": 126.62020882622973
     },
     {
      "cooldown": 0,
      "docking": {
       "planet_id": 10,
       "status": "docking",
       "turns_left": 5
      },
      "health": 255,
      "id": 4,
      "owner": 1,
      "vel_x": 0.0,
      "vel_y": 0.0,
      "x": 101.37502105834875,
      "y": 125.65997766829017
     },
     {
      "cooldown": 0,
      "docking": {
       "planet_id": 10,
       "status": "docking",
       "turns_left": 4
      },
      "health": 255,
      "id": 5,
      "owner": 1,
      "vel_x": 0.0,
      "vel_y": 0.0,
      "x": 107.06366332690502,
      "y": 126.70943484963243
     }
    ],
    "Time": 4,
    "Turn": 4
   },
   {
    "Commands": null,
    "Planets": [
     {
      "current_production": 0,
      "docked_ships": [
       5,
       3,
       4
      ],
      "health": 2148,
      "id": 10,
      "owner": 1,
      "remaining_production": 1213
     }
    ],
    "Ships": [
     {
      "cooldown": 0,
      "docking": {
       "planet_id": 10,
       "status": "docking",
       "turns_left": 4
      },
      "health": 255,
      "id": 3,
      "owner": 1,
      "vel_x": 0.0,
      "vel_y": 0.0,
      "x": 100.67645206950154,
      "y": 126.62020882622973
     },
     {
      "cooldown": 0,
      "docking": {
       "planet_id": 10,
       "status": "docking",
       "turns_left": 4
      },
      "health": 255,
      "id": 4,
      "owner": 1,
      "vel_x": 0.0,
      "vel_y": 0.0,
      "x": 101.37502105834875,
      "y": 125.65997766829017
     },
     {
      "cooldown": 0,
      "docking": {
       "planet_id": 10,
       "status": "docking",
       "turns_left": 3
      },
      "health": 255,
      "id": 5,
      "owner": 1,
      "vel_x": 0.0,
      "vel_y": 0.0,
      "x": 107.06366332690502,
      "y": 126.70943484963243
     }
    ],
    "Time": 0,
    "Turn": 5
   },
   {
    "Commands": null,
    "Planets": [
     {
      "current_production": 0,
      "docked_ships": [
       5,
       3,
       4
      ],
      "health": 2148,
      "id": 10,
      "owner": 1,
      "remaining_production": 1213
     }
    ],
    "Ships": [
     {
      "cooldown": 0,
      "docking": {
       "planet_id": 10,
       "status": "docking",
       "turns_left": 3
      },
      "health": 255,
      "id": 3,
      "owner": 1,
      "vel_x": 0.0,
      "vel_y": 0.0,
      "x": 100.67645206950154,
      "y": 126.62020882622973
     },
     {
      "cooldown": 0,
      "docking": {
       "planet_id": 10,
       "status": "docking",
       "turns_left": 3
      },
      "health": 255,
      "id": 4,
      "owner": 1,
      "vel_x": 0.0,
      "vel_y": 0.0,
      "x": 101.37502105834875,
      "y": 125.65997766829017
     },
     {
      "cooldown": 0,
      "docking": {
       "planet_id": 10,
       "status": "docking",
       "turns_left": 2
      },
      "health": 255,
      "id": 5,
      "owner": 1,
      "vel_x": 0.0,
      "vel_y": 0.0,
      "x": 107.06366332690502,
      "y": 126.70943484963243
     }
    ],
    "Time": 0,
    "Turn": 6
   },
   {
    "Commands": null,
    "Planets": [
     {
      "current_production": 0,
      "docked_ships": [
       5,
       3,
       4
      ],
      "health": 2148,
      "id": 10,
      "owner": 1,
      "remaining_production": 1213
     }
    ],
    "Ships": [
     {
      "cooldown": 0,
      "docking": {
       "planet_id": 10,
       "status": "docking",
       "turns_left": 2
      },
      "health": 255,
      "id": 3,
      "owner": 1,
      "vel_x": 0.0,
      "vel_y": 0.0,
      "x": 100.67645206950154,
      "y": 126.62020882622973
     },
     {
      "cooldown": 0,
      "docking": {
       "planet_id": 10,
       "status": "docking",
       "turns_left": 2
      },
      "health": 255,
      "id": 4,
      "owner": 1,
      "vel_x": 0.0,
      "vel_y": 0.0,
      "x": 101.37502105834875,
      "y": 125.65997766829017
     },
     {
      "cooldown": 0,
      "docking": {
       "planet_id": 10,
       "status": "docking",
       "turns_left": 1
      },
      "health": 255,
      "id": 5,
      "owner": 1,
      "vel_x": 0.0,
      "vel_y": 0.0,
      "x": 107.06366332690502,
      "y": 126.70943484963243
     }
    ],
    "Time": 0,
    "Turn": 7
   },
   {
    "Commands": null,
    "Planets": [
     {
      "current_production": 6,
      "docked_ships": [
       5,
       3,
       4
      ],
      "health": 2148,
      "id": 10,
      "owner": 1,
      "remaining_production": 1213
     }
    ],
    "Ships": [
     {
      "cooldown": 0,
      "docking": {
       "planet_id": 10,
       "status": "docking",
       "turns_left": 1
      },
      "health": 255,
      "id": 3,
      "owner": 1,
      "vel_x": 0.0,
      "vel_y": 0.0,
      "x": 100.67645206950154,
      "y": 126.62020882622973
     },
     {
      "cooldown": 0,
      "docking": {
       "planet_id": 10,
       "status": "docking",
       "turns_left": 1
      },
      "health": 255,
      "id": 4,
      "owner": 1,
      "vel_x": 0.0,
      "vel_y": 0.0,
      "x": 101.37502105834875,
      "y": 125.65997766829017
     },
     {
      "cooldown": 0,
      "docking": {
       "planet_id": 10,
       "status": "docked"
      },
      "health": 255,
      "id": 5,
      "owner": 1,
      "vel_x": 0.0,
      "vel_y": 0.0,
      "x": 107.06366332690502,
      "y": 126.70943484963243
     }
    ],
    "Time": 0,
    "Turn": 8
   },
   {
    "Commands": null,
    "Planets": [
     {
      "current_production": 24,
      "docked_ships": [
       5,
       3,
       4
      ],
      "health": 2148,
      "id": 10,
      "owner": 1,
      "remaining_production": 1213
     }
    ],
    "Ships": [
     {
      "cooldown": 0,
      "docking": {
       "planet_id": 10,
       "status": "docked"
      },
      "health": 255,
      "id": 3,
      "owner": 1,
      "vel_x": 0.0,
      "vel_y": 0.0,
      "x": 100.67645206950154,
      "y": 126.62020882622973
     },
     {
      "cooldown": 0,
      "docking": {
       "planet_id": 10,
       "status": "docked"
      },
      "health": 255,
      "id": 4,
      "owner": 1,
      "vel_x": 0.0,
      "vel_y": 0.0,
      "x": 101.37502105834875,
      "y": 125.65997766829017
     },
     {
      "cooldown": 0,
      "docking": {
       "planet_id": 10,
       "status": "docked"
      },
      "health": 255,
      "id": 5,
      "owner": 1,
      "vel_x": 0.0,
      "vel_y": 0.0,
      "x": 107.06366332690502,
      "y": 126.70943484963243
     }
    ],
    "Time": 0,
    "Turn": 9
   },
   {
    "Commands": null,
    "Planets": [
     {
      "current_production": 42,
      "docked_ships": [
       5,
       3,
       4
      ],
      "health": 2148,
      "id": 10,
      "owner": 1,
      "remaining_production": 1213
     }
    ],
    "Ships": [
     {
      "cooldown": 0,
      "docking": {
       "planet_id": 10,
       "status": "docked"
      },
      "health": 255,
      "id": 3,
      "owner": 1,
      "vel_x": 0.0,
      "vel_y": 0.0,
      "x": 100.67645206950154,
      "y": 126.62020882622973
     },
     {
      "cooldown": 0,
      "docking": {
       "planet_id": 10,
       "status": "docked"
      },
      "health": 255,
      "id": 4,
      "owner": 1,
      "vel_x": 0.0,
      "vel_y": 0.0,
      "x": 101.37502105834875,
      "y": 125.65997766829017
     },
     {
      "cooldown": 0,
      "docking": {
       "planet_id": 10,
       "status": "docked"
      },
      "health": 255,
      "id": 5,
      "owner": 1,
      "vel_x": 0.0,
      "vel_y": 0.0,
      "x": 107.06366332690502,
      "y": 126.70943484963243
     }
    ],
    "Time": 0,
    "Turn": 10
   },
   {
    "Commands": null,
    "Planets": [
     {
      "current_production": 60,
      "docked_ships": [
       5,
       3,
       4
      ],
      "health": 2148,
      "id": 10,
      "owner": 1,
      "remaining_production": 1213
     }
    ],
    "Ships": [
     {
      "cooldown": 0,
      "docking": {
       "planet_id": 10,
       "status": "docked"
      },
      "health": 255,
      "id": 3,
      "owner": 1,
      "vel_x": 0.0,
      "vel_y": 0.0,
      "x": 100.67645206950154,
      "y": 126.62020882622973
     },
     {
      "cooldown": 0,
      "docking": {
       "planet_id": 10,
       "status": "docked"
      },
      "health": 255,
      "id": 4,
      "owner": 1,
      "vel_x": 0.0,
      "vel_y": 0.0,
      "x": 101.37502105834875,
      "y": 125.65997766829017
     },
     {
      "cooldown": 0,
      "docking": {
       "planet_id": 10,
       "status": "docked"
      },
      "health": 255,
      "id": 5,
      "owner": 1,
      "vel_x": 0.0,
      "vel_y": 0.0,
      "x": 107.06366332690502,
      "y": 126.70943484963243
     }
    ],
    "Time": 0,
    "Turn": 11
   },
   {
    "Commands": null,
    "Planets": [
     {
      "current_production": 6,
      "docked_ships": [
       5,
       3,
       4
      ],
      "health": 2148,
      "id": 10,
      "owner": 1,
      "remaining_production": 1213
     }
    ],
    "Ships": [
     {
      "cooldown": 0,
      "docking": {
       "planet_id": 10,
       "status": "docked"
      },
      "health": 255,
      "id": 3,
      "owner": 1,
      "vel_x": 0.0,
      "vel_y": 0.0,
      "x": 100.67645206950154,
      "y": 126.62020882622973
     },
     {
      "cooldown": 0,
      "docking": {
       "planet_id": 10,
       "status": "docked"
      },
      "health": 255,
      "id": 4,
      "owner": 1,
      "vel_x": 0.0,
      "vel_y": 0.0,
      "x": 101.37502105834875,
      "y": 125.65997766829017
     },
     {
      "cooldown": 0,
      "docking": {
       "planet_id": 10,
       "status": "docked"
      },
      "health": 255,
      "id": 5,
      "owner": 1,
      "vel_x": 0.0,
      "vel_y": 0.0,
      "x": 107.06366332690502,
      "y": 126.70943484963243
     },
     {
      "cooldown": 0,
      "docking": {
       "status": "undocked"
      },
      "health": 255,
      "id": 7,
      "owner": 1,
      "vel_x": 0.0,
      "vel_y": 0.0,
      "x": 103.96013907742085,
      "y": 126.46719873967301
     }
    ],
    "Time": 0,
    "Turn": 12
   },
   {
    "Commands": [
     {
      "angle": 222,
      "magnitude": 7,
      "owner": 1,
      "queue_number": 0,
      "shipId": 7,
      "type": "thrust"
     }
    ],
    "Planets": [
     {
      "current_production": 24,
      "docked_ships": [
       5,
       3,
       4
      ],
      "health": 2148,
      "id": 10,
      "owner": 1,
      "remaining_production": 1213
     }
    ],
    "Ships": [
     {
      "cooldown": 0,
      "docking": {
       "planet_id": 10,
       "status": "docked"
      },
      "health": 255,
      "id": 3,
      "owner": 1,
      "vel_x": 0.0,
      "vel_y": 0.0,
      "x": 100.67645206950154,
      "y": 126.62020882622973
     },
     {
      "cooldown": 0,
      "docking": {
       "planet_id": 10,
       "status": "docked"
      },
      "health": 255,
      "id": 4,
      "owner": 1,
      "vel_x": 0.0,
      "vel_y": 0.0,
      "x": 101.37502105834875,
      "y": 125.65997766829017
     },
     {
      "cooldown": 0,
      "docking": {
       "planet_id": 10,
       "status": "docked"
      },
      "health": 255,
      "id": 5,
      "owner": 1,
      "vel_x": 0.0,
      "vel_y": 0.0,
      "x": 107.06366332690502,
      "y": 126.70943484963243
     },
     {
      "cooldown": 0,
      "docking": {
       "status": "undocked"
      },
      "health": 255,
      "id": 7,
      "owner": 1,
      "vel_x": 0.0,
      "vel_y": 0.0,
      "x": 98.758125299079083,
      "y": 121.783284495161
     }
    ],
    "Time": 4,
    "Turn": 13
   }
  ],
  "PlayerID": 1,
  "PlayerName": "Gabeb v.7"
 }
]
