[
 {
  "Error": {
   "Message": "ERRORED! Got Exception (if any): ERROR: Bot #0: Received invalid character 'Traceback (most recent call last):T'. (at character 1.)\nInput received from bot:\nTraceback (most recent call last):\n^; Response received (if any): Traceback (most recent call last):  File \"MyBot.py\", line 159, in <module>    enemy = closest_enemy_planet.get_docked_ship(closest_enemy_planet._docked_ship_ids[0])\r",
   "Turn": 14
  },
  "Frames": [
   {
    "Time": 259,
    "Turn": 0
   },
   {
    "Commands": [
     {
      "angle": 293,
      "magnitude": 7,
      "owner": 0,
      "queue_number": 0,
      "shipId": 0,
      "type": "thrust"
     },
     {
      "angle": 271,
      "magnitude": 7,
      "owner": 0,
      "queue_number": 0,
      "shipId": 1,
      "type": "thrust"
     },
     {
      "angle": 39,
      "magnitude": 7,
      "owner": 0,
      "queue_number": 0,
      "shipId": 2,
      "type": "thrust"
     }
    ],
    "Planets": null,
    "Ships": [
     {
      "cooldown": 0,
      "docking": {
       "status": "undocked"
      },
      "health": 255,
      "id": 0,
      "owner": 0,
      "vel_x": 0.0,
      "vel_y": 0.0,
      "x": 62.735117899424914,
      "y": 73.556466025832918
     },
     {
      "cooldown": 0,
      "docking": {
       "status": "undocked"
      },
      "health": 255,
      "id": 1,
      "owner": 0,
      "vel_x": 0.0,
      "vel_y": 0.0,
      "x": 60.122166845060981,
      "y": 70.001066133905255
     },
     {
      "cooldown": 0,
      "docking": {
       "status": "undocked"
      },
      "health": 255,
      "id": 2,
      "owner": 0,
      "vel_x": 0.0,
      "vel_y": 0.0,
      "x": 65.440021730198794,
      "y": 87.405242737348857
     }
    ],
    "Time": 3,
    "Turn": 1
   },
   {
    "Commands": [
     {
      "angle": 260,
      "magnitude": 5,
      "owner": 0,
      "queue_number": 0,
      "shipId": 0,
      "type": "thrust"
     },
     {
      "angle": 271,
      "magnitude": 1,
      "owner": 0,
      "queue_number": 0,
      "shipId": 1,
      "type": "thrust"
     },
     {
      "angle": 39,
      "magnitude": 7,
      "owner": 0,
      "queue_number": 0,
      "shipId": 2,
      "type": "thrust"
     }
    ],
    "Planets": null,
    "Ships": [
     {
      "cooldown": 0,
      "docking": {
       "status": "undocked"
      },
      "health": 255,
      "id": 0,
      "owner": 0,
      "vel_x": 0.0,
      "vel_y": 0.0,
      "x": 61.86687701109026,
      "y": 68.632427260771877
     },
     {
      "cooldown": 0,
      "docking": {
       "status": "undocked"
      },
      "health": 255,
      "id": 1,
      "owner": 0,
      "vel_x": 0.0,
      "vel_y": 0.0,
      "x": 60.139619251498267,
      "y": 69.001218438748865
     },
     {
      "cooldown": 0,
      "docking": {
       "status": "undocked"
      },
      "health": 255,
      "id": 2,
      "owner": 0,
      "vel_x": 0.0,
      "vel_y": 0.0,
      "x": 70.880043460397587,
      "y": 91.810485474697714
     }
    ],
    "Time": 2,
    "Turn": 2
   },
   {
    "Commands": [
     {
      "owner": 0,
      "planet_id": 5,
      "queue_number": 0,
      "shipId": 0,
      "type": "dock"
     },
     {
      "owner": 0,
      "planet_id": 5,
      "queue_number": 0,
      "shipId": 1,
      "type": "dock"
     },
     {
      "angle": 40,
      "magnitude": 7,
      "owner": 0,
      "queue_number": 0,
      "shipId": 2,
      "type": "thrust"
     }
    ],
    "Planets": [
     {
      "current_production": 0,
      "docked_ships": [
       0,
       1
      ],
      "health": 1244,
      "id": 5,
      "owner": 0,
      "remaining_production": 702
     }
    ],
    "Ships": [
     {
      "cooldown": 0,
      "docking": {
       "planet_id": 5,
       "status": "docking",
       "turns_left": 5
      },
      "health": 255,
      "id": 0,
      "owner": 0,
      "vel_x": 0.0,
      "vel_y": 0.0,
      "x": 61.86687701109026,
      "y": 68.632427260771877
     },
     {
      "cooldown": 0,
      "docking": {
       "planet_id": 5,
       "status": "docking",
       "turns_left": 5
      },
      "health": 255,
      "id": 1,
      "owner": 0,
      "vel_x": 0.0,
      "vel_y": 0.0,
      "x": 60.139619251498267,
      "y": 69.001218438748865
     },
     {
      "cooldown": 0,
      "docking": {
       "status": "undocked"
      },
      "health": 255,
      "id": 2,
      "owner": 0,
      "vel_x": 0.0,
      "vel_y": 0.0,
      "x": 76.242354562230432,
      "y": 96.309998742503495
     }
    ],
    "Time": 1,
    "Turn": 3
   },
   {
    "Commands": [
     {
      "angle": 39,
      "magnitude": 3,
      "owner": 0,
      "queue_number": 0,
      "shipId": 2,
      "type": "thrust"
     }
    ],
    "Planets": [
     {
      "current_production": 0,
      "docked_ships": [
       0,
       1
      ],
      "health": 1244,
      "id": 5,
      "owner": 0,
      "remaining_production": 702
     }
    ],
    "Ships": [
     {
      "cooldown": 0,
      "docking": {
       "planet_id": 5,
       "status": "docking",
       "turns_left": 4
      },
      "health": 255,
      "id": 0,
      "owner": 0,
      "vel_x": 0.0,
      "vel_y": 0.0,
      "x": 61.86687701109026,
      "y": 68.632427260771877
     },
     {
      "cooldown": 0,
      "docking": {
       "planet_id": 5,
       "status": "docking",
       "turns_left": 4
      },
      "health": 255,
      "id": 1,
      "owner": 0,
      "vel_x": 0.0,
      "vel_y": 0.0,
      "x": 60.139619251498267,
      "y": 69.001218438748865
     },
     {
      "cooldown": 0,
      "docking": {
       "status": "undocked"
      },
      "health": 255,
      "id": 2,
      "owner": 0,
      "vel_x": 0.0,
      "vel_y": 0.0,
      "x": 78.573792446601345,
      "y": 98.197959915653001
     }
    ],
    "Time": 2,
    "Turn": 4
   },
   {
    "Commands": [
     {
      "owner": 0,
      "planet_id": 9,
      "queue_number": 0,
      "shipId": 2,
      "type": "dock"
     }
    ],
    "Planets": [
     {
      "current_production": 0,
      "docked_ships": [
       0,
       1
      ],
      "health": 1244,
      "id": 5,
      "owner": 0,
      "remaining_production": 702
     },
     {
      "current_production": 0,
      "docked_ships": [
       2
      ],
      "health": 1244,
      "id": 9,
      "owner": 0,
      "remaining_production": 702
     }
    ],
    "Ships": [
     {
      "cooldown": 0,
      "docking": {
       "planet_id": 5,
       "status": "docking",
       "turns_left": 3
      },
      "health": 255,
      "id": 0,
      "owner": 0,
      "vel_x": 0.0,
      "vel_y": 0.0,
      "x": 61.86687701109026,
      "y": 68.632427260771877
     },
     {
      "cooldown": 0,
      "docking": {
       "planet_id": 5,
       "status": "docking",
       "turns_left": 3
      },
      "health": 255,
      "id": 1,
      "owner": 0,
      "vel_x": 0.0,
      "vel_y": 0.0,
      "x": 60.139619251498267,
      "y": 69.001218438748865
     },
     {
      "cooldown": 0,
      "docking": {
       "planet_id": 9,
       "status": "docking",
       "turns_left": 5
      },
      "health": 255,
      "id": 2,
      "owner": 0,
      "vel_x": 0.0,
      "vel_y": 0.0,
      "x": 78.573792446601345,
      "y": 98.197959915653001
     }
    ],
    "Time": 0,
    "Turn": 5
   },
   {
    "Commands": null,
    "Planets": [
     {
      "current_production": 0,
      "docked_ships": [
       0,
       1
      ],
      "health": 1244,
      "id": 5,
      "owner": 0,
      "remaining_production": 702
     },
     {
      "current_production": 0,
      "docked_ships": [
       2
      ],
      "health": 1244,
      "id": 9,
      "owner": 0,
      "remaining_production": 702
     }
    ],
    "Ships": [
     {
      "cooldown": 0,
      "docking": {
       "planet_id": 5,
       "status": "docking",
       "turns_left": 2
      },
      "health": 255,
      "id": 0,
      "owner": 0,
      "vel_x": 0.0,
      "vel_y": 0.0,
      "x": 61.86687701109026,
      "y": 68.632427260771877
     },
     {
      "cooldown": 0,
      "docking": {
       "planet_id": 5,
       "status": "docking",
       "turns_left": 2
      },
      "health": 255,
      "id": 1,
      "owner": 0,
      "vel_x": 0.0,
      "vel_y": 0.0,
      "x": 60.139619251498267,
      "y": 69.001218438748865
     },
     {
      "cooldown": 0,
      "docking": {
       "planet_id": 9,
       "status": "docking",
       "turns_left": 4
      },
      "health": 255,
      "id": 2,
      "owner": 0,
      "vel_x": 0.0,
      "vel_y": 0.0,
      "x": 78.573792446601345,
      "y": 98.197959915653001
     }
    ],
    "Time": 1,
    "Turn": 6
   },
   {
    "Commands": null,
    "Planets": [
     {
      "current_production": 0,
      "docked_ships": [
       0,
       1
      ],
      "health": 1244,
      "id": 5,
      "owner": 0,
      "remaining_production": 702
     },
     {
      "current_production": 0,
      "docked_ships": [
       2
      ],
      "health": 1244,
      "id": 9,
      "owner": 0,
      "remaining_production": 702
     }
    ],
    "Ships": [
     {
      "cooldown": 0,
      "docking": {
       "planet_id": 5,
       "status": "docking",
       "turns_left": 1
      },
      "health": 255,
      "id": 0,
      "owner": 0,
      "vel_x": 0.0,
      "vel_y": 0.0,
      "x": 61.86687701109026,
      "y": 68.632427260771877
     },
     {
      "cooldown": 0,
      "docking": {
       "planet_id": 5,
       "status": "docking",
       "turns_left": 1
      },
      "health": 255,
      "id": 1,
      "owner": 0,
      "vel_x": 0.0,
      "vel_y": 0.0,
      "x": 60.139619251498267,
      "y": 69.001218438748865
     },
     {
      "cooldown": 0,
      "docking": {
       "planet_id": 9,
       "status": "docking",
       "turns_left": 3
      },
      "health": 255,
      "id": 2,
      "owner": 0,
      "vel_x": 0.0,
      "vel_y": 0.0,
      "x": 78.573792446601345,
      "y": 98.197959915653001
     }
    ],
    "Time": 0,
    "Turn": 7
   },
   {
    "Commands": null,
    "Planets": [
     {
      "current_production": 12,
      "docked_ships": [
       0,
       1
      ],
      "health": 1244,
      "id": 5,
      "owner": 0,
      "remaining_production": 702
     },
     {
      "current_production": 0,
      "docked_ships": [
       2
      ],
      "health": 1244,
      "id": 9,
      "owner": 0,
      "remaining_production": 702
     }
    ],
    "Ships": [
     {
      "cooldown": 0,
      "docking": {
       "planet_id": 5,
       "status": "docked"
      },
      "health": 255,
      "id": 0,
      "owner": 0,
      "vel_x": 0.0,
      "vel_y": 0.0,
      "x": 61.86687701109026,
      "y": 68.632427260771877
     },
     {
      "cooldown": 0,
      "docking": {
       "planet_id": 5,
       "status": "docked"
      },
      "health": 255,
      "id": 1,
      "owner": 0,
      "vel_x": 0.0,
      "vel_y": 0.0,
      "x": 60.139619251498267,
      "y": 69.001218438748865
     },
     {
      "cooldown": 0,
      "docking": {
       "planet_id": 9,
       "status": "docking",
       "turns_left": 2
      },
      "health": 255,
      "id": 2,
      "owner": 0,
      "vel_x": 0.0,
      "vel_y": 0.0,
      "x": 78.573792446601345,
      "y": 98.197959915653001
     }
    ],
    "Time": 0,
    "Turn": 8
   },
   {
    "Commands": null,
    "Planets": [
     {
      "current_production": 24,
      "docked_ships": [
       0,
       1
      ],
      "health": 1244,
      "id": 5,
      "owner": 0,
      "remaining_production": 702
     },
     {
      "current_production": 0,
      "docked_ships": [
       2
      ],
      "health": 1244,
      "id": 9,
      "owner": 0,
      "remaining_production": 702
     }
    ],
    "Ships": [
     {
      "cooldown": 0,
      "docking": {
       "planet_id": 5,
       "status": "docked"
      },
      "health": 255,
      "id": 0,
      "owner": 0,
      "vel_x": 0.0,
      "vel_y": 0.0,
      "x": 61.86687701109026,
      "y": 68.632427260771877
     },
     {
      "cooldown": 0,
      "docking": {
       "planet_id": 5,
       "status": "docked"
      },
      "health": 255,
      "id": 1,
      "owner": 0,
      "vel_x": 0.0,
      "vel_y": 0.0,
      "x": 60.139619251498267,
      "y": 69.001218438748865
     },
     {
      "cooldown": 0,
      "docking": {
       "planet_id": 9,
       "status": "docking",
       "turns_left": 1
      },
      "health": 255,
      "id": 2,
      "owner": 0,
      "vel_x": 0.0,
      "vel_y": 0.0,
      "x": 78.573792446601345,
      "y": 98.197959915653001
     }
    ],
    "Time": 0,
    "Turn": 9
   },
   {
    "Commands": null,
    "Planets": [
     {
      "current_production": 36,
      "docked_ships": [
       0,
       1
      ],
      "health": 1244,
      "id": 5,
      "owner": 0,
      "remaining_production": 702
     },
     {
      "current_production": 6,
      "docked_ships": [
       2
      ],
      "health": 1244,
      "id": 9,
      "owner": 0,
      "remaining_production": 702
     }
    ],
    "Ships": [
     {
      "cooldown": 0,
      "docking": {
       "planet_id": 5,
       "status": "docked"
      },
      "health": 255,
      "id": 0,
      "owner": 0,
      "vel_x": 0.0,
      "vel_y": 0.0,
      "x": 61.86687701109026,
      "y": 68.632427260771877
     },
     {
      "cooldown": 0,
      "docking": {
       "planet_id": 5,
       "status": "docked"
      },
      "health": 255,
      "id": 1,
      "owner": 0,
      "vel_x": 0.0,
      "vel_y": 0.0,
      "x": 60.139619251498267,
      "y": 69.001218438748865
     },
     {
      "cooldown": 0,
      "docking": {
       "planet_id": 9,
       "status": "docked"
      },
      "health": 255,
      "id": 2,
      "owner": 0,
      "vel_x": 0.0,
      "vel_y": 0.0,
      "x": 78.573792446601345,
      "y": 98.197959915653001
     }
    ],
    "Time": 0,
    "Turn": 10
   },
   {
    "Commands": null,
    "Planets": [
     {
      "current_production": 48,
      "docked_ships": [
       0,
       1
      ],
      "health": 1244,
      "id": 5,
      "owner": 0,
      "remaining_production": 702
     },
     {
      "current_production": 12,
      "docked_ships": [
       2
      ],
      "health": 1244,
      "id": 9,
      "owner": 0,
      "remaining_production": 702
     }
    ],
    "Ships": [
     {
      "cooldown": 0,
      "docking": {
       "planet_id": 5,
       "status": "docked"
      },
      "health": 255,
      "id": 0,
      "owner": 0,
      "vel_x": 0.0,
      "vel_y": 0.0,
      "x": 61.86687701109026,
      "y": 68.632427260771877
     },
     {
      "cooldown": 0,
      "docking": {
       "planet_id": 5,
       "status": "docked"
      },
      "health": 255,
      "id": 1,
      "owner": 0,
      "vel_x": 0.0,
      "vel_y": 0.0,
      "x": 60.139619251498267,
      "y": 69.001218438748865
     },
     {
      "cooldown": 0,
      "docking": {
       "planet_id": 9,
       "status": "docked"
      },
      "health": 255,
      "id": 2,
      "owner": 0,
      "vel_x": 0.0,
      "vel_y": 0.0,
      "x": 78.573792446601345,
      "y": 98.197959915653001
     }
    ],
    "Time": 0,
    "Turn": 11
   },
   {
    "Commands": null,
    "Planets": [
     {
      "current_production": 60,
      "docked_ships": [
       0,
       1
      ],
      "health": 1244,
      "id": 5,
      "owner": 0,
      "remaining_production": 702
     },
     {
      "current_production": 18,
      "docked_ships": [
       2
      ],
      "health": 1244,
      "id": 9,
      "owner": 0,
      "remaining_production": 702
     }
    ],
    "Ships": [
     {
      "cooldown": 0,
      "docking": {
       "planet_id": 5,
       "status": "docked"
      },
      "health": 255,
      "id": 0,
      "owner": 0,
      "vel_x": 0.0,
      "vel_y": 0.0,
      "x": 61.86687701109026,
      "y": 68.632427260771877
     },
     {
      "cooldown": 0,
      "docking": {
       "planet_id": 5,
       "status": "docked"
      },
      "health": 255,
      "id": 1,
      "owner": 0,
      "vel_x": 0.0,
      "vel_y": 0.0,
      "x": 60.139619251498267,
      "y": 69.001218438748865
     },
     {
      "cooldown": 0,
      "docking": {
       "planet_id": 9,
       "status": "docked"
      },
      "health": 255,
      "id": 2,
      "owner": 0,
      "vel_x": 0.0,
      "vel_y": 0.0,
      "x": 78.573792446601345,
      "y": 98.197959915653001
     }
    ],
    "Time": 0,
    "Turn": 12
   },
   {
    "Commands": null,
    "Planets": [
     {
      "current_production": 0,
      "docked_ships": [
       0,
       1
      ],
      "health": 1244,
      "id": 5,
      "owner": 0,
      "remaining_production": 702
     },
     {
      "current_production": 24,
      "docked_ships": [
       2
      ],
      "health": 1244,
      "id": 9,
      "owner": 0,
      "remaining_production": 702
     }
    ],
    "Ships": [
     {
      "cooldown": 0,
      "docking": {
       "planet_id": 5,
       "status": "docked"
      },
      "health": 255,
      "id": 0,
      "owner": 0,
      "vel_x": 0.0,
      "vel_y": 0.0,
      "x": 61.86687701109026,
      "y": 68.632427260771877
     },
     {
      "cooldown": 0,
      "docking": {
       "planet_id": 5,
       "status": "docked"
      },
      "health": 255,
      "id": 1,
      "owner": 0,
      "vel_x": 0.0,
      "vel_y": 0.0,
      "x": 60.139619251498267,
      "y": 69.001218438748865
     },
     {
      "cooldown": 0,
      "docking": {
       "planet_id": 9,
       "status": "docked"
      },
      "health": 255,
      "id": 2,
      "owner": 0,
      "vel_x": 0.0,
      "vel_y": 0.0,
      "x": 78.573792446601345,
      "y": 98.197959915653001
     },
     {
      "cooldown": 0,
      "docking": {
       "status": "undocked"
      },
      "health": 255,
      "id": 6,
      "owner": 0,
      "vel_x": 0.0,
      "vel_y": 0.0,
      "x": 66.696439550045895,
      "y": 63.598479880319417
     }
    ],
    "Time": 0,
    "Turn": 13
   },
   {
    "Time": 8
   }
  ],
  "PlayerID": 0,
  "PlayerName": "Gabeb v.7"
 },
 {
  "Error": {},
  "Frames": [
   {
    "Time": 249,
    "Turn": 0
   },
   {
    "Commands": [
     {
      "angle": 113,
      "magnitude": 7,
      "owner": 1,
      "queue_number": 0,
      "shipId": 3,
      "type": "thrust"
     },
     {
      "angle": 113,
      "magnitude": 7,
      "owner": 1,
      "queue_number": 0,
      "shipId": 4,
      "type": "thrust"
     },
     {
      "angle": 349,
      "magnitude": 7,
      "owner": 1,
      "queue_number": 0,
      "shipId": 5,
      "type": "thrust"
     }
    ],
    "Planets": null,
    "Ships": [
     {
      "cooldown": 0,
      "docking": {
       "status": "undocked"
      },
      "health": 255,
      "id": 3,
      "owner": 1,
      "vel_x": 0.0,
      "vel_y": 0.0,
      "x": 177.26488210057508,
      "y": 86.443533974167082
     },
     {
      "cooldown": 0,
      "docking": {
       "status": "undocked"
      },
      "health": 255,
      "id": 4,
      "owner": 1,
      "vel_x": 0.0,
      "vel_y": 0.0,
      "x": 177.26488210057508,
      "y": 83.443533974167082
     },
     {
      "cooldown": 0,
      "docking": {
       "status": "undocked"
      },
      "health": 255,
      "id": 5,
      "owner": 1,
      "vel_x": 0.0,
      "vel_y": 0.0,
      "x": 186.87139028413364,
      "y": 81.664337032364188
     }
    ],
    "Time": 7,
    "Turn": 1
   },
   {
    "Commands": [
     {
      "angle": 106,
      "magnitude": 7,
      "owner": 1,
      "queue_number": 0,
      "shipId": 3,
      "type": "thrust"
     },
     {
      "angle": 112,
      "magnitude": 7,
      "owner": 1,
      "queue_number": 0,
      "shipId": 4,
      "type": "thrust"
     },
     {
      "angle": 1,
      "magnitude": 7,
      "owner": 1,
      "queue_number": 0,
      "shipId": 5,
      "type": "thrust"
     }
    ],
    "Planets": null,
    "Ships": [
     {
      "cooldown": 0,
      "docking": {
       "status": "undocked"
      },
      "health": 255,
      "id": 3,
      "owner": 1,
      "vel_x": 0.0,
      "vel_y": 0.0,
      "x": 175.33542060985607,
      "y": 93.172365845735314
     },
     {
      "cooldown": 0,
      "docking": {
       "status": "undocked"
      },
      "health": 255,
      "id": 4,
      "owner": 1,
      "vel_x": 0.0,
      "vel_y": 0.0,
      "x": 174.64263594666369,
      "y": 89.933820956134596
     },
     {
      "cooldown": 0,
      "docking": {
       "status": "undocked"
      },
      "health": 255,
      "id": 5,
      "owner": 1,
      "vel_x": 0.0,
      "vel_y": 0.0,
      "x": 193.87032415022838,
      "y": 81.786503877425176
     }
    ],
    "Time": 12,
    "Turn": 2
   },
   {
    "Commands": [
     {
      "owner": 1,
      "planet_id": 8,
      "queue_number": 0,
      "shipId": 3,
      "type": "dock"
     },
     {
      "angle": 98,
      "magnitude": 7,
      "owner": 1,
      "queue_number": 0,
      "shipId": 4,
      "type": "thrust"
     },
     {
      "angle": 2,
      "magnitude": 7,
      "owner": 1,
      "queue_number": 0,
      "shipId": 5,
      "type": "thrust"
     }
    ],
    "Planets": [
     {
      "current_production": 0,
      "docked_ships": [
       3
      ],
      "health": 1244,
      "id": 8,
      "owner": 1,
      "remaining_production": 702
     }
    ],
    "Ships": [
     {
      "cooldown": 0,
      "docking": {
       "planet_id": 8,
       "status": "docking",
       "turns_left": 5
      },
      "health": 255,
      "id": 3,
      "owner": 1,
      "vel_x": 0.0,
      "vel_y": 0.0,
      "x": 175.33542060985607,
      "y": 93.172365845735314
     },
     {
      "cooldown": 0,
      "docking": {
       "status": "undocked"
      },
      "health": 255,
      "id": 4,
      "owner": 1,
      "vel_x": 0.0,
      "vel_y": 0.0,
      "x": 173.66842423994322,
      "y": 96.865697437325593
     },
     {
      "cooldown": 0,
      "docking": {
       "status": "undocked"
      },
      "health": 255,
      "id": 5,
      "owner": 1,
      "vel_x": 0.0,
      "vel_y": 0.0,
      "x": 200.86605993936206,
      "y": 82.030800354342688
     }
    ],
    "Time": 4,
    "Turn": 3
   },
   {
    "Commands": [
     {
      "owner": 1,
      "planet_id": 8,
      "queue_number": 0,
      "shipId": 4,
      "type": "dock"
     },
     {
      "angle": 360,
      "magnitude": 7,
      "owner": 1,
      "queue_number": 0,
      "shipId": 5,
      "type": "thrust"
     }
    ],
    "Planets": [
     {
      "current_production": 0,
      "docked_ships": [
       3,
       4
      ],
      "health": 1244,
      "id": 8,
      "owner": 1,
      "remaining_production": 702
     }
    ],
    "Ships": [
     {
      "cooldown": 0,
      "docking": {
       "planet_id": 8,
       "status": "docking",
       "turns_left": 4
      },
      "health": 255,
      "id": 3,
      "owner": 1,
      "vel_x": 0.0,
      "vel_y": 0.0,
      "x": 175.33542060985607,
      "y": 93.172365845735314
     },
     {
      "cooldown": 0,
      "docking": {
       "planet_id": 8,
       "status": "docking",
       "turns_left": 5
      },
      "health": 255,
      "id": 4,
      "owner": 1,
      "vel_x": 0.0,
      "vel_y": 0.0,
      "x": 173.66842423994322,
      "y": 96.865697437325593
     },
     {
      "cooldown": 0,
      "docking": {
       "status": "undocked"
      },
      "health": 255,
      "id": 5,
      "owner": 1,
      "vel_x": 0.0,
      "vel_y": 0.0,
      "x": 207.86605993936206,
      "y": 82.030800354342688
     }
    ],
    "Time": 7,
    "Turn": 4
   },
   {
    "Commands": [
     {
      "owner": 1,
      "planet_id": 7,
      "queue_number": 0,
      "shipId": 5,
      "type": "dock"
     }
    ],
    "Planets": [
     {
      "current_production": 0,
      "docked_ships": [
       5
      ],
      "health": 1244,
      "id": 7,
      "owner": 1,
      "remaining_production": 702
     },
     {
      "current_production": 0,
      "docked_ships": [
       3,
       4
      ],
      "health": 1244,
      "id": 8,
      "owner": 1,
      "remaining_production": 702
     }
    ],
    "Ships": [
     {
      "cooldown": 0,
      "docking": {
       "planet_id": 8,
       "status": "docking",
       "turns_left": 3
      },
      "health": 255,
      "id": 3,
      "owner": 1,
      "vel_x": 0.0,
      "vel_y": 0.0,
      "x": 175.33542060985607,
      "y": 93.172365845735314
     },
     {
      "cooldown": 0,
      "docking": {
       "planet_id": 8,
       "status": "docking",
       "turns_left": 4
      },
      "health": 255,
      "id": 4,
      "owner": 1,
      "vel_x": 0.0,
      "vel_y": 0.0,
      "x": 173.66842423994322,
      "y": 96.865697437325593
     },
     {
      "cooldown": 0,
      "docking": {
       "planet_id": 7,
       "status": "docking",
       "turns_left": 5
      },
      "health": 255,
      "id": 5,
      "owner": 1,
      "vel_x": 0.0,
      "vel_y": 0.0,
      "x": 207.86605993936206,
      "y": 82.030800354342688
     }
    ],
    "Time": 0,
    "Turn": 5
   },
   {
    "Commands": null,
    "Planets": [
     {
      "current_production": 0,
      "docked_ships": [
       5
      ],
      "health": 1244,
      "id": 7,
      "owner": 1,
      "remaining_production": 702
     },
     {
      "current_production": 0,
      "docked_ships": [
       3,
       4
      ],
      "health": 1244,
      "id": 8,
      "owner": 1,
      "remaining_production": 702
     }
    ],
    "Ships": [
     {
      "cooldown": 0,
      "docking": {
       "planet_id": 8,
       "status": "docking",
       "turns_left": 2
      },
      "health": 255,
      "id": 3,
      "owner": 1,
      "vel_x": 0.0,
      "vel_y": 0.0,
      "x": 175.33542060985607,
      "y": 93.172365845735314
     },
     {
      "cooldown": 0,
      "docking": {
       "planet_id": 8,
       "status": "docking",
       "turns_left": 3
      },
      "health": 255,
      "id": 4,
      "owner": 1,
      "vel_x": 0.0,
      "vel_y": 0.0,
      "x": 173.66842423994322,
      "y": 96.865697437325593
     },
     {
      "cooldown": 0,
      "docking": {
       "planet_id": 7,
       "status": "docking",
       "turns_left": 4
      },
      "health": 255,
      "id": 5,
      "owner": 1,
      "vel_x": 0.0,
      "vel_y": 0.0,
      "x": 207.86605993936206,
      "y": 82.030800354342688
     }
    ],
    "Time": 0,
    "Turn": 6
   },
   {
    "Commands": null,
    "Planets": [
     {
      "current_production": 0,
      "docked_ships": [
       5
      ],
      "health": 1244,
      "id": 7,
      "owner": 1,
      "remaining_production": 702
     },
     {
      "current_production": 0,
      "docked_ships": [
       3,
       4
      ],
      "health": 1244,
      "id": 8,
      "owner": 1,
      "remaining_production": 702
     }
    ],
    "Ships": [
     {
      "cooldown": 0,
      "docking": {
       "planet_id": 8,
       "status": "docking",
       "turns_left": 1
      },
      "health": 255,
      "id": 3,
      "owner": 1,
      "vel_x": 0.0,
      "vel_y": 0.0,
      "x": 175.33542060985607,
      "y": 93.172365845735314
     },
     {
      "cooldown": 0,
      "docking": {
       "planet_id": 8,
       "status": "docking",
       "turns_left": 2
      },
      "health": 255,
      "id": 4,
      "owner": 1,
      "vel_x": 0.0,
      "vel_y": 0.0,
      "x": 173.66842423994322,
      "y": 96.865697437325593
     },
     {
      "cooldown": 0,
      "docking": {
       "planet_id": 7,
       "status": "docking",
       "turns_left": 3
      },
      "health": 255,
      "id": 5,
      "owner": 1,
      "vel_x": 0.0,
      "vel_y": 0.0,
      "x": 207.86605993936206,
      "y": 82.030800354342688
     }
    ],
    "Time": 0,
    "Turn": 7
   },
   {
    "Commands": null,
    "Planets": [
     {
      "current_production": 0,
      "docked_ships": [
       5
      ],
      "health": 1244,
      "id": 7,
      "owner": 1,
      "remaining_production": 702
     },
     {
      "current_production": 6,
      "docked_ships": [
       3,
       4
      ],
      "health": 1244,
      "id": 8,
      "owner": 1,
      "remaining_production": 702
     }
    ],
    "Ships": [
     {
      "cooldown": 0,
      "docking": {
       "planet_id": 8,
       "status": "docked"
      },
      "health": 255,
      "id": 3,
      "owner": 1,
      "vel_x": 0.0,
      "vel_y": 0.0,
      "x": 175.33542060985607,
      "y": 93.172365845735314
     },
     {
      "cooldown": 0,
      "docking": {
       "planet_id": 8,
       "status": "docking",
       "turns_left": 1
      },
      "health": 255,
      "id": 4,
      "owner": 1,
      "vel_x": 0.0,
      "vel_y": 0.0,
      "x": 173.66842423994322,
      "y": 96.865697437325593
     },
     {
      "cooldown": 0,
      "docking": {
       "planet_id": 7,
       "status": "docking",
       "turns_left": 2
      },
      "health": 255,
      "id": 5,
      "owner": 1,
      "vel_x": 0.0,
      "vel_y": 0.0,
      "x": 207.86605993936206,
      "y": 82.030800354342688
     }
    ],
    "Time": 0,
    "Turn": 8
   },
   {
    "Commands": null,
    "Planets": [
     {
      "current_production": 0,
      "docked_ships": [
       5
      ],
      "health": 1244,
      "id": 7,
      "owner": 1,
      "remaining_production": 702
     },
     {
      "current_production": 18,
      "docked_ships": [
       3,
       4
      ],
      "health": 1244,
      "id": 8,
      "owner": 1,
      "remaining_production": 702
     }
    ],
    "Ships": [
     {
      "cooldown": 0,
      "docking": {
       "planet_id": 8,
       "status": "docked"
      },
      "health": 255,
      "id": 3,
      "owner": 1,
      "vel_x": 0.0,
      "vel_y": 0.0,
      "x": 175.33542060985607,
      "y": 93.172365845735314
     },
     {
      "cooldown": 0,
      "docking": {
       "planet_id": 8,
       "status": "docked"
      },
      "health": 255,
      "id": 4,
      "owner": 1,
      "vel_x": 0.0,
      "vel_y": 0.0,
      "x": 173.66842423994322,
      "y": 96.865697437325593
     },
     {
      "cooldown": 0,
      "docking": {
       "planet_id": 7,
       "status": "docking",
       "turns_left": 1
      },
      "health": 255,
      "id": 5,
      "owner": 1,
      "vel_x": 0.0,
      "vel_y": 0.0,
      "x": 207.86605993936206,
      "y": 82.030800354342688
     }
    ],
    "Time": 0,
    "Turn": 9
   },
   {
    "Commands": null,
    "Planets": [
     {
      "current_production": 6,
      "docked_ships": [
       5
      ],
      "health": 1244,
      "id": 7,
      "owner": 1,
      "remaining_production": 702
     },
     {
      "current_production": 30,
      "docked_ships": [
       3,
       4
      ],
      "health": 1244,
      "id": 8,
      "owner": 1,
      "remaining_production": 702
     }
    ],
    "Ships": [
     {
      "cooldown": 0,
      "docking": {
       "planet_id": 8,
       "status": "docked"
      },
      "health": 255,
      "id": 3,
      "owner": 1,
      "vel_x": 0.0,
      "vel_y": 0.0,
      "x": 175.33542060985607,
      "y": 93.172365845735314
     },
     {
      "cooldown": 0,
      "docking": {
       "planet_id": 8,
       "status": "docked"
      },
      "health": 255,
      "id": 4,
      "owner": 1,
      "vel_x": 0.0,
      "vel_y": 0.0,
      "x": 173.66842423994322,
      "y": 96.865697437325593
     },
     {
      "cooldown": 0,
      "docking": {
       "planet_id": 7,
       "status": "docked"
      },
      "health": 255,
      "id": 5,
      "owner": 1,
      "vel_x": 0.0,
      "vel_y": 0.0,
      "x": 207.86605993936206,
      "y": 82.030800354342688
     }
    ],
    "Time": 1,
    "Turn": 10
   },
   {
    "Commands": null,
    "Planets": [
     {
      "current_production": 12,
      "docked_ships": [
       5
      ],
      "health": 1244,
      "id": 7,
      "owner": 1,
      "remaining_production": 702
     },
     {
      "current_production": 42,
      "docked_ships": [
       3,
       4
      ],
      "health": 1244,
      "id": 8,
      "owner": 1,
      "remaining_production": 702
     }
    ],
    "Ships": [
     {
      "cooldown": 0,
      "docking": {
       "planet_id": 8,
       "status": "docked"
      },
      "health": 255,
      "id": 3,
      "owner": 1,
      "vel_x": 0.0,
      "vel_y": 0.0,
      "x": 175.33542060985607,
      "y": 93.172365845735314
     },
     {
      "cooldown": 0,
      "docking": {
       "planet_id": 8,
       "status": "docked"
      },
      "health": 255,
      "id": 4,
      "owner": 1,
      "vel_x": 0.0,
      "vel_y": 0.0,
      "x": 173.66842423994322,
      "y": 96.865697437325593
     },
     {
      "cooldown": 0,
      "docking": {
       "planet_id": 7,
       "status": "docked"
      },
      "health": 255,
      "id": 5,
      "owner": 1,
      "vel_x": 0.0,
      "vel_y": 0.0,
      "x": 207.86605993936206,
      "y": 82.030800354342688
     }
    ],
    "Time": 0,
    "Turn": 11
   },
   {
    "Commands": null,
    "Planets": [
     {
      "current_production": 18,
      "docked_ships": [
       5
      ],
      "health": 1244,
      "id": 7,
      "owner": 1,
      "remaining_production": 702
     },
     {
      "current_production": 54,
      "docked_ships": [
       3,
       4
      ],
      "health": 1244,
      "id": 8,
      "owner": 1,
      "remaining_production": 702
     }
    ],
    "Ships": [
     {
      "cooldown": 0,
      "docking": {
       "planet_id": 8,
       "status": "docked"
      },
      "health": 255,
      "id": 3,
      "owner": 1,
      "vel_x": 0.0,
      "vel_y": 0.0,
      "x": 175.33542060985607,
      "y": 93.172365845735314
     },
     {
      "cooldown": 0,
      "docking": {
       "planet_id": 8,
       "status": "docked"
      },
      "health": 255,
      "id": 4,
      "owner": 1,
      "vel_x": 0.0,
      "vel_y": 0.0,
      "x": 173.66842423994322,
      "y": 96.865697437325593
     },
     {
      "cooldown": 0,
      "docking": {
       "planet_id": 7,
       "status": "docked"
      },
      "health": 255,
      "id": 5,
      "owner": 1,
      "vel_x": 0.0,
      "vel_y": 0.0,
      "x": 207.86605993936206,
      "y": 82.030800354342688
     }
    ],
    "Time": 0,
    "Turn": 12
   },
   {
    "Commands": null,
    "Planets": [
     {
      "current_production": 24,
      "docked_ships": [
       5
      ],
      "health": 1244,
      "id": 7,
      "owner": 1,
      "remaining_production": 702
     },
     {
      "current_production": 66,
      "docked_ships": [
       3,
       4
      ],
      "health": 1244,
      "id": 8,
      "owner": 1,
      "remaining_production": 702
     }
    ],
    "Ships": [
     {
      "cooldown": 0,
      "docking": {
       "planet_id": 8,
       "status": "docked"
      },
      "health": 255,
      "id": 3,
      "owner": 1,
      "vel_x": 0.0,
      "vel_y": 0.0,
      "x": 175.33542060985607,
      "y": 93.172365845735314
     },
     {
      "cooldown": 0,
      "docking": {
       "planet_id": 8,
       "status": "docked"
      },
      "health": 255,
      "id": 4,
      "owner": 1,
      "vel_x": 0.0,
      "vel_y": 0.0,
      "x": 173.66842423994322,
      "y": 96.865697437325593
     },
     {
      "cooldown": 0,
      "docking": {
       "planet_id": 7,
       "status": "docked"
      },
      "health": 255,
      "id": 5,
      "owner": 1,
      "vel_x": 0.0,
      "vel_y": 0.0,
      "x": 207.86605993936206,
      "y": 82.030800354342688
     }
    ],
    "Time": 0,
    "Turn": 13
   },
   {
    "Commands": null,
    "Planets": [
     {
      "current_production": 30,
      "docked_ships": [
       5
      ],
      "health": 1244,
      "id": 7,
      "owner": 1,
      "remaining_production": 702
     },
     {
      "current_production": 6,
      "docked_ships": [
       3,
       4
      ],
      "health": 1244,
      "id": 8,
      "owner": 1,
      "remaining_production": 702
     }
    ],
    "Ships": [
     {
      "cooldown": 0,
      "docking": {
       "planet_id": 8,
       "status": "docked"
      },
      "health": 255,
      "id": 3,
      "owner": 1,
      "vel_x": 0.0,
      "vel_y": 0.0,
      "x": 175.33542060985607,
      "y": 93.172365845735314
     },
     {
      "cooldown": 0,
      "docking": {
       "planet_id": 8,
       "status": "docked"
      },
      "health": 255,
      "id": 4,
      "owner": 1,
      "vel_x": 0.0,
      "vel_y": 0.0,
      "x": 173.66842423994322,
      "y": 96.865697437325593
     },
     {
      "cooldown": 0,
      "docking": {
       "planet_id": 7,
       "status": "docked"
      },
      "health": 255,
      "id": 5,
      "owner": 1,
      "vel_x": 0.0,
      "vel_y": 0.0,
      "x": 207.86605993936206,
      "y": 82.030800354342688
     },
     {
      "cooldown": 0,
      "docking": {
       "status": "undocked"
      },
      "health": 255,
      "id": 7,
      "owner": 1,
      "vel_x": 0.0,
      "vel_y": 0.0,
      "x": 172.78827665607832,
      "y": 99.584297298242433
     }
    ],
    "Time": 0,
    "Turn": 14
   }
  ],
  "PlayerID": 1,
  "PlayerName": "Gabeb v.7"
 }
]
