[
 {
  "Error": {
   "Message": "ERRORED! Got Exception (if any): ERROR: Bot #0: Received invalid character '    navigate_command = ship.navigate(n'. (at character 5.)\nInput received from bot:\n    navigate_command = ship.navigate(\n    ^; Response received (if any):     navigate_command = ship.navigate(    ^IndentationError: unexpected indent",
   "Turn": 1
  },
  "Frames": [
   {
    "Time": 119,
    "Turn": 0
   },
   {
    "Time": 0
   }
  ],
  "PlayerID": 0,
  "PlayerName": "  File \"MyBot.py\", line 160"
 },
 {
  "Error": {},
  "Frames": [
   {
    "Time": 184,
    "Turn": 0
   },
   {
    "Commands": [
     {
      "angle": 197,
      "magnitude": 7,
      "owner": 1,
      "queue_number": 0,
      "shipId": 3,
      "type": "thrust"
     },
     {
      "angle": 189,
      "magnitude": 7,
      "owner": 1,
      "queue_number": 0,
      "shipId": 4,
      "type": "thrust"
     },
     {
      "angle": 173,
      "magnitude": 7,
      "owner": 1,
      "queue_number": 0,
      "shipId": 5,
      "type": "thrust"
     }
    ],
    "Planets": null,
    "Ships": [
     {
      "cooldown": 0,
      "docking": {
       "status": "undocked"
      },
      "health": 255,
      "id": 3,
      "owner": 1,
      "vel_x": 0.0,
      "vel_y": 0.0,
      "x": 173.30586670825875,
      "y": 77.953398066940849
     },
     {
      "cooldown": 0,
      "docking": {
       "status": "undocked"
      },
      "health": 255,
      "id": 4,
      "owner": 1,
      "vel_x": 0.0,
      "vel_y": 0.0,
      "x": 173.08618161583405,
      "y": 75.904958744718385
     },
     {
      "cooldown": 0,
      "docking": {
       "status": "undocked"
      },
      "health": 255,
      "id": 5,
      "owner": 1,
      "vel_x": 0.0,
      "vel_y": 0.0,
      "x": 173.05217693851074,
      "y": 83.853085403836033
     }
    ],
    "Time": 2,
    "Turn": 1
   }
  ],
  "PlayerID": 1,
  "PlayerName": "Gabeb v.7"
 }
]
