[
 {
  "Error": {
   "Message": "ERRORED! Got Exception (if any): ERROR: Bot #0: Received invalid character 'Traceback (most recent call last):T'. (at character 1.)\nInput received from bot:\nTraceback (most recent call last):\n^; Response received (if any): Traceback (most recent call last):  File \"MyBot.py\", line 160, in <module>    enemy = closest_enemy_planet.get_docked_ship(AttributeError: 'NoneType' object has no attribute 'get_docked_ship'",
   "Turn": 16
  },
  "Frames": [
   {
    "Time": 180,
    "Turn": 0
   },
   {
    "Commands": [
     {
      "angle": 112,
      "magnitude": 7,
      "owner": 0,
      "queue_number": 0,
      "shipId": 0,
      "type": "thrust"
     },
     {
      "angle": 210,
      "magnitude": 7,
      "owner": 0,
      "queue_number": 0,
      "shipId": 1,
      "type": "thrust"
     },
     {
      "angle": 74,
      "magnitude": 7,
      "owner": 0,
      "queue_number": 0,
      "shipId": 2,
      "type": "thrust"
     }
    ],
    "Planets": null,
    "Ships": [
     {
      "cooldown": 0,
      "docking": {
       "status": "undocked"
      },
      "health": 255,
      "id": 0,
      "owner": 0,
      "vel_x": 0.0,
      "vel_y": 0.0,
      "x": 117.37775384608861,
      "y": 46.490286981967515
     },
     {
      "cooldown": 0,
      "docking": {
       "status": "undocked"
      },
      "health": 255,
      "id": 1,
      "owner": 0,
      "vel_x": 0.0,
      "vel_y": 0.0,
      "x": 113.93782217350893,
      "y": 33.5
     },
     {
      "cooldown": 0,
      "docking": {
       "status": "undocked"
      },
      "health": 255,
      "id": 2,
      "owner": 0,
      "vel_x": 0.0,
      "vel_y": 0.0,
      "x": 121.92946149071899,
      "y": 49.728831871568232
     }
    ],
    "Time": 9,
    "Turn": 1
   },
   {
    "Commands": [
     {
      "angle": 67,
      "magnitude": 7,
      "owner": 0,
      "queue_number": 0,
      "shipId": 0,
      "type": "thrust"
     },
     {
      "angle": 210,
      "magnitude": 7,
      "owner": 0,
      "queue_number": 0,
      "shipId": 1,
      "type": "thrust"
     },
     {
      "angle": 75,
      "magnitude": 7,
      "owner": 0,
      "queue_number": 0,
      "shipId": 2,
      "type": "thrust"
     }
    ],
    "Planets": null,
    "Ships": [
     {
      "cooldown": 0,
      "docking": {
       "status": "undocked"
      },
      "health": 255,
      "id": 0,
      "owner": 0,
      "vel_x": 0.0,
      "vel_y": 0.0,
      "x": 120.11287174551353,
      "y": 52.933820956134596
     },
     {
      "cooldown": 0,
      "docking": {
       "status": "undocked"
      },
      "health": 255,
      "id": 1,
      "owner": 0,
      "vel_x": 0.0,
      "vel_y": 0.0,
      "x": 107.87564434701787,
      "y": 30.0
     },
     {
      "cooldown": 0,
      "docking": {
       "status": "undocked"
      },
      "health": 255,
      "id": 2,
      "owner": 0,
      "vel_x": 0.0,
      "vel_y": 0.0,
      "x": 123.74119480643664,
      "y": 56.490312655591708
     }
    ],
    "Time": 3,
    "Turn": 2
   },
   {
    "Commands": [
     {
      "angle": 67,
      "magnitude": 7,
      "owner": 0,
      "queue_number": 0,
      "shipId": 0,
      "type": "thrust"
     },
     {
      "angle": 210,
      "magnitude": 7,
      "owner": 0,
      "queue_number": 0,
      "shipId": 1,
      "type": "thrust"
     },
     {
      "angle": 74,
      "magnitude": 7,
      "owner": 0,
      "queue_number": 0,
      "shipId": 2,
      "type": "thrust"
     }
    ],
    "Planets": null,
    "Ships": [
     {
      "cooldown": 0,
      "docking": {
       "status": "undocked"
      },
      "health": 255,
      "id": 0,
      "owner": 0,
      "vel_x": 0.0,
      "vel_y": 0.0,
      "x": 122.84798964493845,
      "y": 59.377354930301678
     },
     {
      "cooldown": 0,
      "docking": {
       "status": "undocked"
      },
      "health": 255,
      "id": 1,
      "owner": 0,
      "vel_x": 0.0,
      "vel_y": 0.0,
      "x": 101.8134665205268,
      "y": 26.5
     },
     {
      "cooldown": 0,
      "docking": {
       "status": "undocked"
      },
      "health": 255,
      "id": 2,
      "owner": 0,
      "vel_x": 0.0,
      "vel_y": 0.0,
      "x": 125.67065629715563,
      "y": 63.219144527159941
     }
    ],
    "Time": 1,
    "Turn": 3
   },
   {
    "Commands": [
     {
      "angle": 67,
      "magnitude": 5,
      "owner": 0,
      "queue_number": 0,
      "shipId": 0,
      "type": "thrust"
     },
     {
      "owner": 0,
      "planet_id": 9,
      "queue_number": 0,
      "shipId": 1,
      "type": "dock"
     },
     {
      "owner": 0,
      "planet_id": 3,
      "queue_number": 0,
      "shipId": 2,
      "type": "dock"
     }
    ],
    "Planets": [
     {
      "current_production": 0,
      "docked_ships": [
       2
      ],
      "health": 1329,
      "id": 3,
      "owner": 0,
      "remaining_production": 750
     },
     {
      "current_production": 0,
      "docked_ships": [
       1
      ],
      "health": 2621,
      "id": 9,
      "owner": 0,
      "remaining_production": 1480
     }
    ],
    "Ships": [
     {
      "cooldown": 0,
      "docking": {
       "status": "undocked"
      },
      "health": 255,
      "id": 0,
      "owner": 0,
      "vel_x": 0.0,
      "vel_y": 0.0,
      "x": 124.80164528738482,
      "y": 63.979879197563882
     },
     {
      "cooldown": 0,
      "docking": {
       "planet_id": 9,
       "status": "docking",
       "turns_left": 5
      },
      "health": 255,
      "id": 1,
      "owner": 0,
      "vel_x": 0.0,
      "vel_y": 0.0,
      "x": 101.8134665205268,
      "y": 26.5
     },
     {
      "cooldown": 0,
      "docking": {
       "planet_id": 3,
       "status": "docking",
       "turns_left": 5
      },
      "health": 255,
      "id": 2,
      "owner": 0,
      "vel_x": 0.0,
      "vel_y": 0.0,
      "x": 125.67065629715563,
      "y": 63.219144527159941
     }
    ],
    "Time": 1,
    "Turn": 4
   },
   {
    "Commands": [
     {
      "owner": 0,
      "planet_id": 3,
      "queue_number": 0,
      "shipId": 0,
      "type": "dock"
     }
    ],
    "Planets": [
     {
      "current_production": 0,
      "docked_ships": [
       2,
       0
      ],
      "health": 1329,
      "id": 3,
      "owner": 0,
      "remaining_production": 750
     },
     {
      "current_production": 0,
      "docked_ships": [
       1
      ],
      "health": 2621,
      "id": 9,
      "owner": 0,
      "remaining_production": 1480
     }
    ],
    "Ships": [
     {
      "cooldown": 0,
      "docking": {
       "planet_id": 3,
       "status": "docking",
       "turns_left": 5
      },
      "health": 255,
      "id": 0,
      "owner": 0,
      "vel_x": 0.0,
      "vel_y": 0.0,
      "x": 124.80164528738482,
      "y": 63.979879197563882
     },
     {
      "cooldown": 0,
      "docking": {
       "planet_id": 9,
       "status": "docking",
       "turns_left": 4
      },
      "health": 255,
      "id": 1,
      "owner": 0,
      "vel_x": 0.0,
      "vel_y": 0.0,
      "x": 101.8134665205268,
      "y": 26.5
     },
     {
      "cooldown": 0,
      "docking": {
       "planet_id": 3,
       "status": "docking",
       "turns_left": 4
      },
      "health": 255,
      "id": 2,
      "owner": 0,
      "vel_x": 0.0,
      "vel_y": 0.0,
      "x": 125.67065629715563,
      "y": 63.219144527159941
     }
    ],
    "Time": 1,
    "Turn": 5
   },
   {
    "Commands": null,
    "Planets": [
     {
      "current_production": 0,
      "docked_ships": [
       2,
       0
      ],
      "health": 1329,
      "id": 3,
      "owner": 0,
      "remaining_production": 750
     },
     {
      "current_production": 0,
      "docked_ships": [
       1
      ],
      "health": 2621,
      "id": 9,
      "owner": 0,
      "remaining_production": 1480
     }
    ],
    "Ships": [
     {
      "cooldown": 0,
      "docking": {
       "planet_id": 3,
       "status": "docking",
       "turns_left": 4
      },
      "health": 255,
      "id": 0,
      "owner": 0,
      "vel_x": 0.0,
      "vel_y": 0.0,
      "x": 124.80164528738482,
      "y": 63.979879197563882
     },
     {
      "cooldown": 0,
      "docking": {
       "planet_id": 9,
       "status": "docking",
       "turns_left": 3
      },
      "health": 255,
      "id": 1,
      "owner": 0,
      "vel_x": 0.0,
      "vel_y": 0.0,
      "x": 101.8134665205268,
      "y": 26.5
     },
     {
      "cooldown": 0,
      "docking": {
       "planet_id": 3,
       "status": "docking",
       "turns_left": 3
      },
      "health": 255,
      "id": 2,
      "owner": 0,
      "vel_x": 0.0,
      "vel_y": 0.0,
      "x": 125.67065629715563,
      "y": 63.219144527159941
     }
    ],
    "Time": 1,
    "Turn": 6
   },
   {
    "Commands": null,
    "Planets": [
     {
      "current_production": 0,
      "docked_ships": [
       2,
       0
      ],
      "health": 1329,
      "id": 3,
      "owner": 0,
      "remaining_production": 750
     },
     {
      "current_production": 0,
      "docked_ships": [
       1
      ],
      "health": 2621,
      "id": 9,
      "owner": 0,
      "remaining_production": 1480
     }
    ],
    "Ships": [
     {
      "cooldown": 0,
      "docking": {
       "planet_id": 3,
       "status": "docking",
       "turns_left": 3
      },
      "health": 255,
      "id": 0,
      "owner": 0,
      "vel_x": 0.0,
      "vel_y": 0.0,
      "x": 124.80164528738482,
      "y": 63.979879197563882
     },
     {
      "cooldown": 0,
      "docking": {
       "planet_id": 9,
       "status": "docking",
       "turns_left": 2
      },
      "health": 255,
      "id": 1,
      "owner": 0,
      "vel_x": 0.0,
      "vel_y": 0.0,
      "x": 101.8134665205268,
      "y": 26.5
     },
     {
      "cooldown": 0,
      "docking": {
       "planet_id": 3,
       "status": "docking",
       "turns_left": 2
      },
      "health": 255,
      "id": 2,
      "owner": 0,
      "vel_x": 0.0,
      "vel_y": 0.0,
      "x": 125.67065629715563,
      "y": 63.219144527159941
     }
    ],
    "Time": 2,
    "Turn": 7
   },
   {
    "Commands": null,
    "Planets": [
     {
      "current_production": 0,
      "docked_ships": [
       2,
       0
      ],
      "health": 1329,
      "id": 3,
      "owner": 0,
      "remaining_production": 750
     },
     {
      "current_production": 0,
      "docked_ships": [
       1
      ],
      "health": 2621,
      "id": 9,
      "owner": 0,
      "remaining_production": 1480
     }
    ],
    "Ships": [
     {
      "cooldown": 0,
      "docking": {
       "planet_id": 3,
       "status": "docking",
       "turns_left": 2
      },
      "health": 255,
      "id": 0,
      "owner": 0,
      "vel_x": 0.0,
      "vel_y": 0.0,
      "x": 124.80164528738482,
      "y": 63.979879197563882
     },
     {
      "cooldown": 0,
      "docking": {
       "planet_id": 9,
       "status": "docking",
       "turns_left": 1
      },
      "health": 255,
      "id": 1,
      "owner": 0,
      "vel_x": 0.0,
      "vel_y": 0.0,
      "x": 101.8134665205268,
      "y": 26.5
     },
     {
      "cooldown": 0,
      "docking": {
       "planet_id": 3,
       "status": "docking",
       "turns_left": 1
      },
      "health": 255,
      "id": 2,
      "owner": 0,
      "vel_x": 0.0,
      "vel_y": 0.0,
      "x": 125.67065629715563,
      "y": 63.219144527159941
     }
    ],
    "Time": 1,
    "Turn": 8
   },
   {
    "Commands": null,
    "Planets": [
     {
      "current_production": 6,
      "docked_ships": [
       2,
       0
      ],
      "health": 1329,
      "id": 3,
      "owner": 0,
      "remaining_production": 750
     },
     {
      "current_production": 6,
      "docked_ships": [
       1
      ],
      "health": 2621,
      "id": 9,
      "owner": 0,
      "remaining_production": 1480
     }
    ],
    "Ships": [
     {
      "cooldown": 0,
      "docking": {
       "planet_id": 3,
       "status": "docking",
       "turns_left": 1
      },
      "health": 255,
      "id": 0,
      "owner": 0,
      "vel_x": 0.0,
      "vel_y": 0.0,
      "x": 124.80164528738482,
      "y": 63.979879197563882
     },
     {
      "cooldown": 0,
      "docking": {
       "planet_id": 9,
       "status": "docked"
      },
      "health": 255,
      "id": 1,
      "owner": 0,
      "vel_x": 0.0,
      "vel_y": 0.0,
      "x": 101.8134665205268,
      "y": 26.5
     },
     {
      "cooldown": 0,
      "docking": {
       "planet_id": 3,
       "status": "docked"
      },
      "health": 255,
      "id": 2,
      "owner": 0,
      "vel_x": 0.0,
      "vel_y": 0.0,
      "x": 125.67065629715563,
      "y": 63.219144527159941
     }
    ],
    "Time": 1,
    "Turn": 9
   },
   {
    "Commands": null,
    "Planets": [
     {
      "current_production": 18,
      "docked_ships": [
       2,
       0
      ],
      "health": 1329,
      "id": 3,
      "owner": 0,
      "remaining_production": 750
     },
     {
      "current_production": 12,
      "docked_ships": [
       1
      ],
      "health": 2621,
      "id": 9,
      "owner": 0,
      "remaining_production": 1480
     }
    ],
    "Ships": [
     {
      "cooldown": 0,
      "docking": {
       "planet_id": 3,
       "status": "docked"
      },
      "health": 255,
      "id": 0,
      "owner": 0,
      "vel_x": 0.0,
      "vel_y": 0.0,
      "x": 124.80164528738482,
      "y": 63.979879197563882
     },
     {
      "cooldown": 0,
      "docking": {
       "planet_id": 9,
       "status": "docked"
      },
      "health": 255,
      "id": 1,
      "owner": 0,
      "vel_x": 0.0,
      "vel_y": 0.0,
      "x": 101.8134665205268,
      "y": 26.5
     },
     {
      "cooldown": 0,
      "docking": {
       "planet_id": 3,
       "status": "docked"
      },
      "health": 255,
      "id": 2,
      "owner": 0,
      "vel_x": 0.0,
      "vel_y": 0.0,
      "x": 125.67065629715563,
      "y": 63.219144527159941
     }
    ],
    "Time": 1,
    "Turn": 10
   },
   {
    "Commands": null,
    "Planets": [
     {
      "current_production": 30,
      "docked_ships": [
       2,
       0
      ],
      "health": 1329,
      "id": 3,
      "owner": 0,
      "remaining_production": 750
     },
     {
      "current_production": 18,
      "docked_ships": [
       1
      ],
      "health": 2621,
      "id": 9,
      "owner": 0,
      "remaining_production": 1480
     }
    ],
    "Ships": [
     {
      "cooldown": 0,
      "docking": {
       "planet_id": 3,
       "status": "docked"
      },
      "health": 255,
      "id": 0,
      "owner": 0,
      "vel_x": 0.0,
      "vel_y": 0.0,
      "x": 124.80164528738482,
      "y": 63.979879197563882
     },
     {
      "cooldown": 0,
      "docking": {
       "planet_id": 9,
       "status": "docked"
      },
      "health": 255,
      "id": 1,
      "owner": 0,
      "vel_x": 0.0,
      "vel_y": 0.0,
      "x": 101.8134665205268,
      "y": 26.5
     },
     {
      "cooldown": 0,
      "docking": {
       "planet_id": 3,
       "status": "docked"
      },
      "health": 255,
      "id": 2,
      "owner": 0,
      "vel_x": 0.0,
      "vel_y": 0.0,
      "x": 125.67065629715563,
      "y": 63.219144527159941
     }
    ],
    "Time": 1,
    "Turn": 11
   },
   {
    "Commands": null,
    "Planets": [
     {
      "current_production": 42,
      "docked_ships": [
       2,
       0
      ],
      "health": 1329,
      "id": 3,
      "owner": 0,
      "remaining_production": 750
     },
     {
      "current_production": 24,
      "docked_ships": [
       1
      ],
      "health": 2621,
      "id": 9,
      "owner": 0,
      "remaining_production": 1480
     }
    ],
    "Ships": [
     {
      "cooldown": 0,
      "docking": {
       "planet_id": 3,
       "status": "docked"
      },
      "health": 255,
      "id": 0,
      "owner": 0,
      "vel_x": 0.0,
      "vel_y": 0.0,
      "x": 124.80164528738482,
      "y": 63.979879197563882
     },
     {
      "cooldown": 0,
      "docking": {
       "planet_id": 9,
       "status": "docked"
      },
      "health": 255,
      "id": 1,
      "owner": 0,
      "vel_x": 0.0,
      "vel_y": 0.0,
      "x": 101.8134665205268,
      "y": 26.5
     },
     {
      "cooldown": 0,
      "docking": {
       "planet_id": 3,
       "status": "docked"
      },
      "health": 255,
      "id": 2,
      "owner": 0,
      "vel_x": 0.0,
      "vel_y": 0.0,
      "x": 125.67065629715563,
      "y": 63.219144527159941
     }
    ],
    "Time": 1,
    "Turn": 12
   },
   {
    "Commands": null,
    "Planets": [
     {
      "current_production": 54,
      "docked_ships": [
       2,
       0
      ],
      "health": 1329,
      "id": 3,
      "owner": 0,
      "remaining_production": 750
     },
     {
      "current_production": 30,
      "docked_ships": [
       1
      ],
      "health": 2621,
      "id": 9,
      "owner": 0,
      "remaining_production": 1480
     }
    ],
    "Ships": [
     {
      "cooldown": 0,
      "docking": {
       "planet_id": 3,
       "status": "docked"
      },
      "health": 255,
      "id": 0,
      "owner": 0,
      "vel_x": 0.0,
      "vel_y": 0.0,
      "x": 124.80164528738482,
      "y": 63.979879197563882
     },
     {
      "cooldown": 0,
      "docking": {
       "planet_id": 9,
       "status": "docked"
      },
      "health": 255,
      "id": 1,
      "owner": 0,
      "vel_x": 0.0,
      "vel_y": 0.0,
      "x": 101.8134665205268,
      "y": 26.5
     },
     {
      "cooldown": 0,
      "docking": {
       "planet_id": 3,
       "status": "docked"
      },
      "health": 255,
      "id": 2,
      "owner": 0,
      "vel_x": 0.0,
      "vel_y": 0.0,
      "x": 125.67065629715563,
      "y": 63.219144527159941
     }
    ],
    "Time": 0,
    "Turn": 13
   },
   {
    "Commands": null,
    "Planets": [
     {
      "current_production": 66,
      "docked_ships": [
       2,
       0
      ],
      "health": 1329,
      "id": 3,
      "owner": 0,
      "remaining_production": 750
     },
     {
      "current_production": 36,
      "docked_ships": [
       1
      ],
      "health": 2621,
      "id": 9,
      "owner": 0,
      "remaining_production": 1480
     }
    ],
    "Ships": [
     {
      "cooldown": 0,
      "docking": {
       "planet_id": 3,
       "status": "docked"
      },
      "health": 255,
      "id": 0,
      "owner": 0,
      "vel_x": 0.0,
      "vel_y": 0.0,
      "x": 124.80164528738482,
      "y": 63.979879197563882
     },
     {
      "cooldown": 0,
      "docking": {
       "planet_id": 9,
       "status": "docked"
      },
      "health": 255,
      "id": 1,
      "owner": 0,
      "vel_x": 0.0,
      "vel_y": 0.0,
      "x": 101.8134665205268,
      "y": 26.5
     },
     {
      "cooldown": 0,
      "docking": {
       "planet_id": 3,
       "status": "docked"
      },
      "health": 255,
      "id": 2,
      "owner": 0,
      "vel_x": 0.0,
      "vel_y": 0.0,
      "x": 125.67065629715563,
      "y": 63.219144527159941
     }
    ],
    "Time": 1,
    "Turn": 14
   },
   {
    "Commands": null,
    "Planets": [
     {
      "current_production": 6,
      "docked_ships": [
       2,
       0
      ],
      "health": 1329,
      "id": 3,
      "owner": 0,
      "remaining_production": 750
     },
     {
      "current_production": 42,
      "docked_ships": [
       1
      ],
      "health": 2621,
      "id": 9,
      "owner": 0,
      "remaining_production": 1480
     }
    ],
    "Ships": [
     {
      "cooldown": 0,
      "docking": {
       "planet_id": 3,
       "status": "docked"
      },
      "health": 255,
      "id": 0,
      "owner": 0,
      "vel_x": 0.0,
      "vel_y": 0.0,
      "x": 124.80164528738482,
      "y": 63.979879197563882
     },
     {
      "cooldown": 0,
      "docking": {
       "planet_id": 9,
       "status": "docked"
      },
      "health": 255,
      "id": 1,
      "owner": 0,
      "vel_x": 0.0,
      "vel_y": 0.0,
      "x": 101.8134665205268,
      "y": 26.5
     },
     {
      "cooldown": 0,
      "docking": {
       "planet_id": 3,
       "status": "docked"
      },
      "health": 255,
      "id": 2,
      "owner": 0,
      "vel_x": 0.0,
      "vel_y": 0.0,
      "x": 125.67065629715563,
      "y": 63.219144527159941
     },
     {
      "cooldown": 0,
      "docking": {
       "status": "undocked"
      },
      "health": 255,
      "id": 7,
      "owner": 0,
      "vel_x": 0.0,
      "vel_y": 0.0,
      "x": 122.39278263805834,
      "y": 77.607217361941665
     }
    ],
    "Time": 0,
    "Turn": 15
   },
   {
    "Time": 2
   }
  ],
  "PlayerID": 0,
  "PlayerName": "Gabeb v.7"
 },
 {
  "Error": {},
  "Frames": [
   {
    "Time": 190,
    "Turn": 0
   },
   {
    "Commands": [
     {
      "angle": 296,
      "magnitude": 7,
      "owner": 1,
      "queue_number": 0,
      "shipId": 3,
      "type": "thrust"
     },
     {
      "angle": 254,
      "magnitude": 7,
      "owner": 1,
      "queue_number": 0,
      "shipId": 4,
      "type": "thrust"
     },
     {
      "angle": 30,
      "magnitude": 7,
      "owner": 1,
      "queue_number": 0,
      "shipId": 5,
      "type": "thrust"
     }
    ],
    "Planets": null,
    "Ships": [
     {
      "cooldown": 0,
      "docking": {
       "status": "undocked"
      },
      "health": 255,
      "id": 3,
      "owner": 1,
      "vel_x": 0.0,
      "vel_y": 0.0,
      "x": 123.06859802752354,
      "y": 113.70844167590583
     },
     {
      "cooldown": 0,
      "docking": {
       "status": "undocked"
      },
      "health": 255,
      "id": 4,
      "owner": 1,
      "vel_x": 0.0,
      "vel_y": 0.0,
      "x": 118.07053850928101,
      "y": 110.27116812843177
     },
     {
      "cooldown": 0,
      "docking": {
       "status": "undocked"
      },
      "health": 255,
      "id": 5,
      "owner": 1,
      "vel_x": 0.0,
      "vel_y": 0.0,
      "x": 126.06217782649107,
      "y": 126.5
     }
    ],
    "Time": 5,
    "Turn": 1
   },
   {
    "Commands": [
     {
      "angle": 260,
      "magnitude": 7,
      "owner": 1,
      "queue_number": 0,
      "shipId": 3,
      "type": "thrust"
     },
     {
      "angle": 271,
      "magnitude": 7,
      "owner": 1,
      "queue_number": 0,
      "shipId": 4,
      "type": "thrust"
     },
     {
      "angle": 54,
      "magnitude": 7,
      "owner": 1,
      "queue_number": 0,
      "shipId": 5,
      "type": "thrust"
     }
    ],
    "Planets": null,
    "Ships": [
     {
      "cooldown": 0,
      "docking": {
       "status": "undocked"
      },
      "health": 255,
      "id": 3,
      "owner": 1,
      "vel_x": 0.0,
      "vel_y": 0.0,
      "x": 121.85306078385503,
      "y": 106.81478740482038
     },
     {
      "cooldown": 0,
      "docking": {
       "status": "undocked"
      },
      "health": 255,
      "id": 4,
      "owner": 1,
      "vel_x": 0.0,
      "vel_y": 0.0,
      "x": 118.192705354342,
      "y": 103.27223426233704
     },
     {
      "cooldown": 0,
      "docking": {
       "status": "undocked"
      },
      "health": 255,
      "id": 5,
      "owner": 1,
      "vel_x": 0.0,
      "vel_y": 0.0,
      "x": 130.17667459253838,
      "y": 132.16311896062464
     }
    ],
    "Time": 8,
    "Turn": 2
   },
   {
    "Commands": [
     {
      "angle": 258,
      "magnitude": 7,
      "owner": 1,
      "queue_number": 0,
      "shipId": 3,
      "type": "thrust"
     },
     {
      "angle": 270,
      "magnitude": 7,
      "owner": 1,
      "queue_number": 0,
      "shipId": 4,
      "type": "thrust"
     },
     {
      "angle": 54,
      "magnitude": 7,
      "owner": 1,
      "queue_number": 0,
      "shipId": 5,
      "type": "thrust"
     }
    ],
    "Planets": null,
    "Ships": [
     {
      "cooldown": 0,
      "docking": {
       "status": "undocked"
      },
      "health": 255,
      "id": 3,
      "owner": 1,
      "vel_x": 0.0,
      "vel_y": 0.0,
      "x": 120.3976789481307,
      "y": 99.967754199683739
     },
     {
      "cooldown": 0,
      "docking": {
       "status": "undocked"
      },
      "health": 255,
      "id": 4,
      "owner": 1,
      "vel_x": 0.0,
      "vel_y": 0.0,
      "x": 118.192705354342,
      "y": 96.272234262337037
     },
     {
      "cooldown": 0,
      "docking": {
       "status": "undocked"
      },
      "health": 255,
      "id": 5,
      "owner": 1,
      "vel_x": 0.0,
      "vel_y": 0.0,
      "x": 134.2911713585857,
      "y": 137.82623792124929
     }
    ],
    "Time": 11,
    "Turn": 3
   },
   {
    "Commands": [
     {
      "angle": 259,
      "magnitude": 7,
      "owner": 1,
      "queue_number": 0,
      "shipId": 3,
      "type": "thrust"
     },
     {
      "angle": 269,
      "magnitude": 7,
      "owner": 1,
      "queue_number": 0,
      "shipId": 4,
      "type": "thrust"
     },
     {
      "angle": 53,
      "magnitude": 7,
      "owner": 1,
      "queue_number": 0,
      "shipId": 5,
      "type": "thrust"
     }
    ],
    "Planets": null,
    "Ships": [
     {
      "cooldown": 0,
      "docking": {
       "status": "undocked"
      },
      "health": 255,
      "id": 3,
      "owner": 1,
      "vel_x": 0.0,
      "vel_y": 0.0,
      "x": 119.06201598049489,
      "y": 93.096363915550086
     },
     {
      "cooldown": 0,
      "docking": {
       "status": "undocked"
      },
      "health": 255,
      "id": 4,
      "owner": 1,
      "vel_x": 0.0,
      "vel_y": 0.0,
      "x": 118.07053850928101,
      "y": 89.273300396242291
     },
     {
      "cooldown": 0,
      "docking": {
       "status": "undocked"
      },
      "health": 255,
      "id": 5,
      "owner": 1,
      "vel_x": 0.0,
      "vel_y": 0.0,
      "x": 138.50387652065004,
      "y": 143.41668649158035
     }
    ],
    "Time": 7,
    "Turn": 4
   },
   {
    "Commands": [
     {
      "owner": 1,
      "planet_id": 1,
      "queue_number": 0,
      "shipId": 3,
      "type": "dock"
     },
     {
      "owner": 1,
      "planet_id": 1,
      "queue_number": 0,
      "shipId": 4,
      "type": "dock"
     },
     {
      "owner": 1,
      "planet_id": 11,
      "queue_number": 0,
      "shipId": 5,
      "type": "dock"
     }
    ],
    "Planets": [
     {
      "current_production": 0,
      "docked_ships": [
       3,
       4
      ],
      "health": 1329,
      "id": 1,
      "owner": 1,
      "remaining_production": 750
     },
     {
      "current_production": 0,
      "docked_ships": [
       5
      ],
      "health": 2621,
      "id": 11,
      "owner": 1,
      "remaining_production": 1480
     }
    ],
    "Ships": [
     {
      "cooldown": 0,
      "docking": {
       "planet_id": 1,
       "status": "docking",
       "turns_left": 5
      },
      "health": 255,
      "id": 3,
      "owner": 1,
      "vel_x": 0.0,
      "vel_y": 0.0,
      "x": 119.06201598049489,
      "y": 93.096363915550086
     },
     {
      "cooldown": 0,
      "docking": {
       "planet_id": 1,
       "status": "docking",
       "turns_left": 5
      },
      "health": 255,
      "id": 4,
      "owner": 1,
      "vel_x": 0.0,
      "vel_y": 0.0,
      "x": 118.07053850928101,
      "y": 89.273300396242291
     },
     {
      "cooldown": 0,
      "docking": {
       "planet_id": 11,
       "status": "docking",
       "turns_left": 5
      },
      "health": 255,
      "id": 5,
      "owner": 1,
      "vel_x": 0.0,
      "vel_y": 0.0,
      "x": 138.50387652065004,
      "y": 143.41668649158035
     }
    ],
    "Time": 0,
    "Turn": 5
   },
   {
    "Commands": null,
    "Planets": [
     {
      "current_production": 0,
      "docked_ships": [
       3,
       4
      ],
      "health": 1329,
      "id": 1,
      "owner": 1,
      "remaining_production": 750
     },
     {
      "current_production": 0,
      "docked_ships": [
       5
      ],
      "health": 2621,
      "id": 11,
      "owner": 1,
      "remaining_production": 1480
     }
    ],
    "Ships": [
     {
      "cooldown": 0,
      "docking": {
       "planet_id": 1,
       "status": "docking",
       "turns_left": 4
      },
      "health": 255,
      "id": 3,
      "owner": 1,
      "vel_x": 0.0,
      "vel_y": 0.0,
      "x": 119.06201598049489,
      "y": 93.096363915550086
     },
     {
      "cooldown": 0,
      "docking": {
       "planet_id": 1,
       "status": "docking",
       "turns_left": 4
      },
      "health": 255,
      "id": 4,
      "owner": 1,
      "vel_x": 0.0,
      "vel_y": 0.0,
      "x": 118.07053850928101,
      "y": 89.273300396242291
     },
     {
      "cooldown": 0,
      "docking": {
       "planet_id": 11,
       "status": "docking",
       "turns_left": 4
      },
      "health": 255,
      "id": 5,
      "owner": 1,
      "vel_x": 0.0,
      "vel_y": 0.0,
      "x": 138.50387652065004,
      "y": 143.41668649158035
     }
    ],
    "Time": 0,
    "Turn": 6
   },
   {
    "Commands": null,
    "Planets": [
     {
      "current_production": 0,
      "docked_ships": [
       3,
       4
      ],
      "health": 1329,
      "id": 1,
      "owner": 1,
      "remaining_production": 750
     },
     {
      "current_production": 0,
      "docked_ships": [
       5
      ],
      "health": 2621,
      "id": 11,
      "owner": 1,
      "remaining_production": 1480
     }
    ],
    "Ships": [
     {
      "cooldown": 0,
      "docking": {
       "planet_id": 1,
       "status": "docking",
       "turns_left": 3
      },
      "health": 255,
      "id": 3,
      "owner": 1,
      "vel_x": 0.0,
      "vel_y": 0.0,
      "x": 119.06201598049489,
      "y": 93.096363915550086
     },
     {
      "cooldown": 0,
      "docking": {
       "planet_id": 1,
       "status": "docking",
       "turns_left": 3
      },
      "health": 255,
      "id": 4,
      "owner": 1,
      "vel_x": 0.0,
      "vel_y": 0.0,
      "x": 118.07053850928101,
      "y": 89.273300396242291
     },
     {
      "cooldown": 0,
      "docking": {
       "planet_id": 11,
       "status": "docking",
       "turns_left": 3
      },
      "health": 255,
      "id": 5,
      "owner": 1,
      "vel_x": 0.0,
      "vel_y": 0.0,
      "x": 138.50387652065004,
      "y": 143.41668649158035
     }
    ],
    "Time": 1,
    "Turn": 7
   },
   {
    "Commands": null,
    "Planets": [
     {
      "current_production": 0,
      "docked_ships": [
       3,
       4
      ],
      "health": 1329,
      "id": 1,
      "owner": 1,
      "remaining_production": 750
     },
     {
      "current_production": 0,
      "docked_ships": [
       5
      ],
      "health": 2621,
      "id": 11,
      "owner": 1,
      "remaining_production": 1480
     }
    ],
    "Ships": [
     {
      "cooldown": 0,
      "docking": {
       "planet_id": 1,
       "status": "docking",
       "turns_left": 2
      },
      "health": 255,
      "id": 3,
      "owner": 1,
      "vel_x": 0.0,
      "vel_y": 0.0,
      "x": 119.06201598049489,
      "y": 93.096363915550086
     },
     {
      "cooldown": 0,
      "docking": {
       "planet_id": 1,
       "status": "docking",
       "turns_left": 2
      },
      "health": 255,
      "id": 4,
      "owner": 1,
      "vel_x": 0.0,
      "vel_y": 0.0,
      "x": 118.07053850928101,
      "y": 89.273300396242291
     },
     {
      "cooldown": 0,
      "docking": {
       "planet_id": 11,
       "status": "docking",
       "turns_left": 2
      },
      "health": 255,
      "id": 5,
      "owner": 1,
      "vel_x": 0.0,
      "vel_y": 0.0,
      "x": 138.50387652065004,
      "y": 143.41668649158035
     }
    ],
    "Time": 0,
    "Turn": 8
   },
   {
    "Commands": null,
    "Planets": [
     {
      "current_production": 0,
      "docked_ships": [
       3,
       4
      ],
      "health": 1329,
      "id": 1,
      "owner": 1,
      "remaining_production": 750
     },
     {
      "current_production": 0,
      "docked_ships": [
       5
      ],
      "health": 2621,
      "id": 11,
      "owner": 1,
      "remaining_production": 1480
     }
    ],
    "Ships": [
     {
      "cooldown": 0,
      "docking": {
       "planet_id": 1,
       "status": "docking",
       "turns_left": 1
      },
      "health": 255,
      "id": 3,
      "owner": 1,
      "vel_x": 0.0,
      "vel_y": 0.0,
      "x": 119.06201598049489,
      "y": 93.096363915550086
     },
     {
      "cooldown": 0,
      "docking": {
       "planet_id": 1,
       "status": "docking",
       "turns_left": 1
      },
      "health": 255,
      "id": 4,
      "owner": 1,
      "vel_x": 0.0,
      "vel_y": 0.0,
      "x": 118.07053850928101,
      "y": 89.273300396242291
     },
     {
      "cooldown": 0,
      "docking": {
       "planet_id": 11,
       "status": "docking",
       "turns_left": 1
      },
      "health": 255,
      "id": 5,
      "owner": 1,
      "vel_x": 0.0,
      "vel_y": 0.0,
      "x": 138.50387652065004,
      "y": 143.41668649158035
     }
    ],
    "Time": 0,
    "Turn": 9
   },
   {
    "Commands": null,
    "Planets": [
     {
      "current_production": 12,
      "docked_ships": [
       3,
       4
      ],
      "health": 1329,
      "id": 1,
      "owner": 1,
      "remaining_production": 750
     },
     {
      "current_production": 6,
      "docked_ships": [
       5
      ],
      "health": 2621,
      "id": 11,
      "owner": 1,
      "remaining_production": 1480
     }
    ],
    "Ships": [
     {
      "cooldown": 0,
      "docking": {
       "planet_id": 1,
       "status": "docked"
      },
      "health": 255,
      "id": 3,
      "owner": 1,
      "vel_x": 0.0,
      "vel_y": 0.0,
      "x": 119.06201598049489,
      "y": 93.096363915550086
     },
     {
      "cooldown": 0,
      "docking": {
       "planet_id": 1,
       "status": "docked"
      },
      "health": 255,
      "id": 4,
      "owner": 1,
      "vel_x": 0.0,
      "vel_y": 0.0,
      "x": 118.07053850928101,
      "y": 89.273300396242291
     },
     {
      "cooldown": 0,
      "docking": {
       "planet_id": 11,
       "status": "docked"
      },
      "health": 255,
      "id": 5,
      "owner": 1,
      "vel_x": 0.0,
      "vel_y": 0.0,
      "x": 138.50387652065004,
      "y": 143.41668649158035
     }
    ],
    "Time": 0,
    "Turn": 10
   },
   {
    "Commands": null,
    "Planets": [
     {
      "current_production": 24,
      "docked_ships": [
       3,
       4
      ],
      "health": 1329,
      "id": 1,
      "owner": 1,
      "remaining_production": 750
     },
     {
      "current_production": 12,
      "docked_ships": [
       5
      ],
      "health": 2621,
      "id": 11,
      "owner": 1,
      "remaining_production": 1480
     }
    ],
    "Ships": [
     {
      "cooldown": 0,
      "docking": {
       "planet_id": 1,
       "status": "docked"
      },
      "health": 255,
      "id": 3,
      "owner": 1,
      "vel_x": 0.0,
      "vel_y": 0.0,
      "x": 119.06201598049489,
      "y": 93.096363915550086
     },
     {
      "cooldown": 0,
      "docking": {
       "planet_id": 1,
       "status": "docked"
      },
      "health": 255,
      "id": 4,
      "owner": 1,
      "vel_x": 0.0,
      "vel_y": 0.0,
      "x": 118.07053850928101,
      "y": 89.273300396242291
     },
     {
      "cooldown": 0,
      "docking": {
       "planet_id": 11,
       "status": "docked"
      },
      "health": 255,
      "id": 5,
      "owner": 1,
      "vel_x": 0.0,
      "vel_y": 0.0,
      "x": 138.50387652065004,
      "y": 143.41668649158035
     }
    ],
    "Time": 0,
    "Turn": 11
   },
   {
    "Commands": null,
    "Planets": [
     {
      "current_production": 36,
      "docked_ships": [
       3,
       4
      ],
      "health": 1329,
      "id": 1,
      "owner": 1,
      "remaining_production": 750
     },
     {
      "current_production": 18,
      "docked_ships": [
       5
      ],
      "health": 2621,
      "id": 11,
      "owner": 1,
      "remaining_production": 1480
     }
    ],
    "Ships": [
     {
      "cooldown": 0,
      "docking": {
       "planet_id": 1,
       "status": "docked"
      },
      "health": 255,
      "id": 3,
      "owner": 1,
      "vel_x": 0.0,
      "vel_y": 0.0,
      "x": 119.06201598049489,
      "y": 93.096363915550086
     },
     {
      "cooldown": 0,
      "docking": {
       "planet_id": 1,
       "status": "docked"
      },
      "health": 255,
      "id": 4,
      "owner": 1,
      "vel_x": 0.0,
      "vel_y": 0.0,
      "x": 118.07053850928101,
      "y": 89.273300396242291
     },
     {
      "cooldown": 0,
      "docking": {
       "planet_id": 11,
       "status": "docked"
      },
      "health": 255,
      "id": 5,
      "owner": 1,
      "vel_x": 0.0,
      "vel_y": 0.0,
      "x": 138.50387652065004,
      "y": 143.41668649158035
     }
    ],
    "Time": 0,
    "Turn": 12
   },
   {
    "Commands": null,
    "Planets": [
     {
      "current_production": 48,
      "docked_ships": [
       3,
       4
      ],
      "health": 1329,
      "id": 1,
      "owner": 1,
      "remaining_production": 750
     },
     {
      "current_production": 24,
      "docked_ships": [
       5
      ],
      "health": 2621,
      "id": 11,
      "owner": 1,
      "remaining_production": 1480
     }
    ],
    "Ships": [
     {
      "cooldown": 0,
      "docking": {
       "planet_id": 1,
       "status": "docked"
      },
      "health": 255,
      "id": 3,
      "owner": 1,
      "vel_x": 0.0,
      "vel_y": 0.0,
      "x": 119.06201598049489,
      "y": 93.096363915550086
     },
     {
      "cooldown": 0,
      "docking": {
       "planet_id": 1,
       "status": "docked"
      },
      "health": 255,
      "id": 4,
      "owner": 1,
      "vel_x": 0.0,
      "vel_y": 0.0,
      "x": 118.07053850928101,
      "y": 89.273300396242291
     },
     {
      "cooldown": 0,
      "docking": {
       "planet_id": 11,
       "status": "docked"
      },
      "health": 255,
      "id": 5,
      "owner": 1,
      "vel_x": 0.0,
      "vel_y": 0.0,
      "x": 138.50387652065004,
      "y": 143.41668649158035
     }
    ],
    "Time": 1,
    "Turn": 13
   },
   {
    "Commands": null,
    "Planets": [
     {
      "current_production": 60,
      "docked_ships": [
       3,
       4
      ],
      "health": 1329,
      "id": 1,
      "owner": 1,
      "remaining_production": 750
     },
     {
      "current_production": 30,
      "docked_ships": [
       5
      ],
      "health": 2621,
      "id": 11,
      "owner": 1,
      "remaining_production": 1480
     }
    ],
    "Ships": [
     {
      "cooldown": 0,
      "docking": {
       "planet_id": 1,
       "status": "docked"
      },
      "health": 255,
      "id": 3,
      "owner": 1,
      "vel_x": 0.0,
      "vel_y": 0.0,
      "x": 119.06201598049489,
      "y": 93.096363915550086
     },
     {
      "cooldown": 0,
      "docking": {
       "planet_id": 1,
       "status": "docked"
      },
      "health": 255,
      "id": 4,
      "owner": 1,
      "vel_x": 0.0,
      "vel_y": 0.0,
      "x": 118.07053850928101,
      "y": 89.273300396242291
     },
     {
      "cooldown": 0,
      "docking": {
       "planet_id": 11,
       "status": "docked"
      },
      "health": 255,
      "id": 5,
      "owner": 1,
      "vel_x": 0.0,
      "vel_y": 0.0,
      "x": 138.50387652065004,
      "y": 143.41668649158035
     }
    ],
    "Time": 0,
    "Turn": 14
   },
   {
    "Commands": null,
    "Planets": [
     {
      "current_production": 0,
      "docked_ships": [
       3,
       4
      ],
      "health": 1329,
      "id": 1,
      "owner": 1,
      "remaining_production": 750
     },
     {
      "current_production": 36,
      "docked_ships": [
       5
      ],
      "health": 2621,
      "id": 11,
      "owner": 1,
      "remaining_production": 1480
     }
    ],
    "Ships": [
     {
      "cooldown": 0,
      "docking": {
       "planet_id": 1,
       "status": "docked"
      },
      "health": 255,
      "id": 3,
      "owner": 1,
      "vel_x": 0.0,
      "vel_y": 0.0,
      "x": 119.06201598049489,
      "y": 93.096363915550086
     },
     {
      "cooldown": 0,
      "docking": {
       "planet_id": 1,
       "status": "docked"
      },
      "health": 255,
      "id": 4,
      "owner": 1,
      "vel_x": 0.0,
      "vel_y": 0.0,
      "x": 118.07053850928101,
      "y": 89.273300396242291
     },
     {
      "cooldown": 0,
      "docking": {
       "planet_id": 11,
       "status": "docked"
      },
      "health": 255,
      "id": 5,
      "owner": 1,
      "vel_x": 0.0,
      "vel_y": 0.0,
      "x": 138.50387652065004,
      "y": 143.41668649158035
     },
     {
      "cooldown": 0,
      "docking": {
       "status": "undocked"
      },
      "health": 255,
      "id": 6,
      "owner": 1,
      "vel_x": 0.0,
      "vel_y": 0.0,
      "x": 117.60721736194168,
      "y": 82.392782638058335
     }
    ],
    "Time": 0,
    "Turn": 15
   },
   {
    "Commands": [
     {
      "angle": 29,
      "magnitude": 3,
      "owner": 1,
      "queue_number": 0,
      "shipId": 6,
      "type": "thrust"
     }
    ],
    "Planets": [
     {
      "current_production": 12,
      "docked_ships": [
       3,
       4
      ],
      "health": 1329,
      "id": 1,
      "owner": 1,
      "remaining_production": 750
     },
     {
      "current_production": 42,
      "docked_ships": [
       5
      ],
      "health": 2621,
      "id": 11,
      "owner": 1,
      "remaining_production": 1480
     }
    ],
    "Ships": [
     {
      "cooldown": 0,
      "docking": {
       "planet_id": 1,
       "status": "docked"
      },
      "health": 255,
      "id": 3,
      "owner": 1,
      "vel_x": 0.0,
      "vel_y": 0.0,
      "x": 119.06201598049489,
      "y": 93.096363915550086
     },
     {
      "cooldown": 0,
      "docking": {
       "planet_id": 1,
       "status": "docked"
      },
      "health": 255,
      "id": 4,
      "owner": 1,
      "vel_x": 0.0,
      "vel_y": 0.0,
      "x": 118.07053850928101,
      "y": 89.273300396242291
     },
     {
      "cooldown": 0,
      "docking": {
       "planet_id": 11,
       "status": "docked"
      },
      "health": 255,
      "id": 5,
      "owner": 1,
      "vel_x": 0.0,
      "vel_y": 0.0,
      "x": 138.50387652065004,
      "y": 143.41668649158035
     },
     {
      "cooldown": 0,
      "docking": {
       "status": "undocked"
      },
      "health": 255,
      "id": 6,
      "owner": 1,
      "vel_x": 0.0,
      "vel_y": 0.0,
      "x": 120.23107648335987,
      "y": 83.84721149879735
     }
    ],
    "Time": 0,
    "Turn": 16
   }
  ],
  "PlayerID": 1,
  "PlayerName": "Gabeb v.7"
 }
]
