[
 {
  "Error": {
   "Message": "ERRORED! Got Exception (if any): ERROR: Bot #0: Received invalid character 'Traceback (most recent call last):T'. (at character 1.)\nInput received from bot:\nTraceback (most recent call last):\n^; Response received (if any): Traceback (most recent call last):  File \"MyBot.py\", line 99, in <module>    if closest_enemy_planet is None and planet.owner.id != game_map.my_id:AttributeError: 'NoneType' object has no attribute 'id'",
   "Turn": 16
  },
  "Frames": [
   {
    "Time": 226,
    "Turn": 0
   },
   {
    "Commands": [
     {
      "angle": 221,
      "magnitude": 7,
      "owner": 0,
      "queue_number": 0,
      "shipId": 0,
      "type": "thrust"
     },
     {
      "angle": 216,
      "magnitude": 7,
      "owner": 0,
      "queue_number": 0,
      "shipId": 1,
      "type": "thrust"
     },
     {
      "angle": 82,
      "magnitude": 7,
      "owner": 0,
      "queue_number": 0,
      "shipId": 2,
      "type": "thrust"
     }
    ],
    "Planets": null,
    "Ships": [
     {
      "cooldown": 0,
      "docking": {
       "status": "undocked"
      },
      "health": 255,
      "id": 0,
      "owner": 0,
      "vel_x": 0.0,
      "vel_y": 0.0,
      "x": 54.717032938440596,
      "y": 75.407586797066443
     },
     {
      "cooldown": 0,
      "docking": {
       "status": "undocked"
      },
      "health": 255,
      "id": 1,
      "owner": 0,
      "vel_x": 0.0,
      "vel_y": 0.0,
      "x": 54.336881039375371,
      "y": 72.88550323395269
     },
     {
      "cooldown": 0,
      "docking": {
       "status": "undocked"
      },
      "health": 255,
      "id": 2,
      "owner": 0,
      "vel_x": 0.0,
      "vel_y": 0.0,
      "x": 60.97421170672046,
      "y": 89.931876481190997
     }
    ],
    "Time": 1,
    "Turn": 1
   },
   {
    "Commands": [
     {
      "angle": 221,
      "magnitude": 7,
      "owner": 0,
      "queue_number": 0,
      "shipId": 0,
      "type": "thrust"
     },
     {
      "angle": 216,
      "magnitude": 7,
      "owner": 0,
      "queue_number": 0,
      "shipId": 1,
      "type": "thrust"
     },
     {
      "angle": 81,
      "magnitude": 7,
      "owner": 0,
      "queue_number": 0,
      "shipId": 2,
      "type": "thrust"
     }
    ],
    "Planets": null,
    "Ships": [
     {
      "cooldown": 0,
      "docking": {
       "status": "undocked"
      },
      "health": 255,
      "id": 0,
      "owner": 0,
      "vel_x": 0.0,
      "vel_y": 0.0,
      "x": 49.434065876881192,
      "y": 70.815173594132887
     },
     {
      "cooldown": 0,
      "docking": {
       "status": "undocked"
      },
      "health": 255,
      "id": 1,
      "owner": 0,
      "vel_x": 0.0,
      "vel_y": 0.0,
      "x": 48.673762078750741,
      "y": 68.77100646790538
     },
     {
      "cooldown": 0,
      "docking": {
       "status": "undocked"
      },
      "health": 255,
      "id": 2,
      "owner": 0,
      "vel_x": 0.0,
      "vel_y": 0.0,
      "x": 62.069252962002075,
      "y": 96.845694865356961
     }
    ],
    "Time": 1,
    "Turn": 2
   },
   {
    "Commands": [
     {
      "angle": 280,
      "magnitude": 7,
      "owner": 0,
      "queue_number": 0,
      "shipId": 0,
      "type": "thrust"
     },
     {
      "angle": 216,
      "magnitude": 5,
      "owner": 0,
      "queue_number": 0,
      "shipId": 1,
      "type": "thrust"
     },
     {
      "angle": 82,
      "magnitude": 7,
      "owner": 0,
      "queue_number": 0,
      "shipId": 2,
      "type": "thrust"
     }
    ],
    "Planets": null,
    "Ships": [
     {
      "cooldown": 0,
      "docking": {
       "status": "undocked"
      },
      "health": 255,
      "id": 0,
      "owner": 0,
      "vel_x": 0.0,
      "vel_y": 0.0,
      "x": 50.649603120549699,
      "y": 63.921519323047427
     },
     {
      "cooldown": 0,
      "docking": {
       "status": "undocked"
      },
      "health": 255,
      "id": 1,
      "owner": 0,
      "vel_x": 0.0,
      "vel_y": 0.0,
      "x": 44.628677106876005,
      "y": 65.83208020644301
     },
     {
      "cooldown": 0,
      "docking": {
       "status": "undocked"
      },
      "health": 255,
      "id": 2,
      "owner": 0,
      "vel_x": 0.0,
      "vel_y": 0.0,
      "x": 63.043464668722535,
      "y": 103.77757134654796
     }
    ],
    "Time": 4,
    "Turn": 3
   },
   {
    "Commands": [
     {
      "angle": 194,
      "magnitude": 5,
      "owner": 0,
      "queue_number": 0,
      "shipId": 0,
      "type": "thrust"
     },
     {
      "owner": 0,
      "planet_id": 9,
      "queue_number": 0,
      "shipId": 1,
      "type": "dock"
     },
     {
      "angle": 81,
      "magnitude": 2,
      "owner": 0,
      "queue_number": 0,
      "shipId": 2,
      "type": "thrust"
     }
    ],
    "Planets": [
     {
      "current_production": 0,
      "docked_ships": [
       1
      ],
      "health": 1358,
      "id": 9,
      "owner": 0,
      "remaining_production": 767
     }
    ],
    "Ships": [
     {
      "cooldown": 0,
      "docking": {
       "status": "undocked"
      },
      "health": 255,
      "id": 0,
      "owner": 0,
      "vel_x": 0.0,
      "vel_y": 0.0,
      "x": 45.798124489169716,
      "y": 62.711909845049092
     },
     {
      "cooldown": 0,
      "docking": {
       "planet_id": 9,
       "status": "docking",
       "turns_left": 5
      },
      "health": 255,
      "id": 1,
      "owner": 0,
      "vel_x": 0.0,
      "vel_y": 0.0,
      "x": 44.628677106876005,
      "y": 65.83208020644301
     },
     {
      "cooldown": 0,
      "docking": {
       "status": "undocked"
      },
      "health": 255,
      "id": 2,
      "owner": 0,
      "vel_x": 0.0,
      "vel_y": 0.0,
      "x": 63.356333598802998,
      "y": 105.75294802773823
     }
    ],
    "Time": 2,
    "Turn": 4
   },
   {
    "Commands": [
     {
      "owner": 0,
      "planet_id": 9,
      "queue_number": 0,
      "shipId": 0,
      "type": "dock"
     },
     {
      "owner": 0,
      "planet_id": 4,
      "queue_number": 0,
      "shipId": 2,
      "type": "dock"
     }
    ],
    "Planets": [
     {
      "current_production": 0,
      "docked_ships": [
       2
      ],
      "health": 2147,
      "id": 4,
      "owner": 0,
      "remaining_production": 1212
     },
     {
      "current_production": 0,
      "docked_ships": [
       1,
       0
      ],
      "health": 1358,
      "id": 9,
      "owner": 0,
      "remaining_production": 767
     }
    ],
    "Ships": [
     {
      "cooldown": 0,
      "docking": {
       "planet_id": 9,
       "status": "docking",
       "turns_left": 5
      },
      "health": 255,
      "id": 0,
      "owner": 0,
      "vel_x": 0.0,
      "vel_y": 0.0,
      "x": 45.798124489169716,
      "y": 62.711909845049092
     },
     {
      "cooldown": 0,
      "docking": {
       "planet_id": 9,
       "status": "docking",
       "turns_left": 4
      },
      "health": 255,
      "id": 1,
      "owner": 0,
      "vel_x": 0.0,
      "vel_y": 0.0,
      "x": 44.628677106876005,
      "y": 65.83208020644301
     },
     {
      "cooldown": 0,
      "docking": {
       "planet_id": 4,
       "status": "docking",
       "turns_left": 5
      },
      "health": 255,
      "id": 2,
      "owner": 0,
      "vel_x": 0.0,
      "vel_y": 0.0,
      "x": 63.356333598802998,
      "y": 105.75294802773823
     }
    ],
    "Time": 0,
    "Turn": 5
   },
   {
    "Commands": null,
    "Planets": [
     {
      "current_production": 0,
      "docked_ships": [
       2
      ],
      "health": 2147,
      "id": 4,
      "owner": 0,
      "remaining_production": 1212
     },
     {
      "current_production": 0,
      "docked_ships": [
       1,
       0
      ],
      "health": 1358,
      "id": 9,
      "owner": 0,
      "remaining_production": 767
     }
    ],
    "Ships": [
     {
      "cooldown": 0,
      "docking": {
       "planet_id": 9,
       "status": "docking",
       "turns_left": 4
      },
      "health": 255,
      "id": 0,
      "owner": 0,
      "vel_x": 0.0,
      "vel_y": 0.0,
      "x": 45.798124489169716,
      "y": 62.711909845049092
     },
     {
      "cooldown": 0,
      "docking": {
       "planet_id": 9,
       "status": "docking",
       "turns_left": 3
      },
      "health": 255,
      "id": 1,
      "owner": 0,
      "vel_x": 0.0,
      "vel_y": 0.0,
      "x": 44.628677106876005,
      "y": 65.83208020644301
     },
     {
      "cooldown": 0,
      "docking": {
       "planet_id": 4,
       "status": "docking",
       "turns_left": 4
      },
      "health": 255,
      "id": 2,
      "owner": 0,
      "vel_x": 0.0,
      "vel_y": 0.0,
      "x": 63.356333598802998,
      "y": 105.75294802773823
     }
    ],
    "Time": 0,
    "Turn": 6
   },
   {
    "Commands": null,
    "Planets": [
     {
      "current_production": 0,
      "docked_ships": [
       2
      ],
      "health": 2147,
      "id": 4,
      "owner": 0,
      "remaining_production": 1212
     },
     {
      "current_production": 0,
      "docked_ships": [
       1,
       0
      ],
      "health": 1358,
      "id": 9,
      "owner": 0,
      "remaining_production": 767
     }
    ],
    "Ships": [
     {
      "cooldown": 0,
      "docking": {
       "planet_id": 9,
       "status": "docking",
       "turns_left": 3
      },
      "health": 255,
      "id": 0,
      "owner": 0,
      "vel_x": 0.0,
      "vel_y": 0.0,
      "x": 45.798124489169716,
      "y": 62.711909845049092
     },
     {
      "cooldown": 0,
      "docking": {
       "planet_id": 9,
       "status": "docking",
       "turns_left": 2
      },
      "health": 255,
      "id": 1,
      "owner": 0,
      "vel_x": 0.0,
      "vel_y": 0.0,
      "x": 44.628677106876005,
      "y": 65.83208020644301
     },
     {
      "cooldown": 0,
      "docking": {
       "planet_id": 4,
       "status": "docking",
       "turns_left": 3
      },
      "health": 255,
      "id": 2,
      "owner": 0,
      "vel_x": 0.0,
      "vel_y": 0.0,
      "x": 63.356333598802998,
      "y": 105.75294802773823
     }
    ],
    "Time": 0,
    "Turn": 7
   },
   {
    "Commands": null,
    "Planets": [
     {
      "current_production": 0,
      "docked_ships": [
       2
      ],
      "health": 2147,
      "id": 4,
      "owner": 0,
      "remaining_production": 1212
     },
     {
      "current_production": 0,
      "docked_ships": [
       1,
       0
      ],
      "health": 1358,
      "id": 9,
      "owner": 0,
      "remaining_production": 767
     }
    ],
    "Ships": [
     {
      "cooldown": 0,
      "docking": {
       "planet_id": 9,
       "status": "docking",
       "turns_left": 2
      },
      "health": 255,
      "id": 0,
      "owner": 0,
      "vel_x": 0.0,
      "vel_y": 0.0,
      "x": 45.798124489169716,
      "y": 62.711909845049092
     },
     {
      "cooldown": 0,
      "docking": {
       "planet_id": 9,
       "status": "docking",
       "turns_left": 1
      },
      "health": 255,
      "id": 1,
      "owner": 0,
      "vel_x": 0.0,
      "vel_y": 0.0,
      "x": 44.628677106876005,
      "y": 65.83208020644301
     },
     {
      "cooldown": 0,
      "docking": {
       "planet_id": 4,
       "status": "docking",
       "turns_left": 2
      },
      "health": 255,
      "id": 2,
      "owner": 0,
      "vel_x": 0.0,
      "vel_y": 0.0,
      "x": 63.356333598802998,
      "y": 105.75294802773823
     }
    ],
    "Time": 0,
    "Turn": 8
   },
   {
    "Commands": null,
    "Planets": [
     {
      "current_production": 0,
      "docked_ships": [
       2
      ],
      "health": 2147,
      "id": 4,
      "owner": 0,
      "remaining_production": 1212
     },
     {
      "current_production": 6,
      "docked_ships": [
       1,
       0
      ],
      "health": 1358,
      "id": 9,
      "owner": 0,
      "remaining_production": 767
     }
    ],
    "Ships": [
     {
      "cooldown": 0,
      "docking": {
       "planet_id": 9,
       "status": "docking",
       "turns_left": 1
      },
      "health": 255,
      "id": 0,
      "owner": 0,
      "vel_x": 0.0,
      "vel_y": 0.0,
      "x": 45.798124489169716,
      "y": 62.711909845049092
     },
     {
      "cooldown": 0,
      "docking": {
       "planet_id": 9,
       "status": "docked"
      },
      "health": 255,
      "id": 1,
      "owner": 0,
      "vel_x": 0.0,
      "vel_y": 0.0,
      "x": 44.628677106876005,
      "y": 65.83208020644301
     },
     {
      "cooldown": 0,
      "docking": {
       "planet_id": 4,
       "status": "docking",
       "turns_left": 1
      },
      "health": 255,
      "id": 2,
      "owner": 0,
      "vel_x": 0.0,
      "vel_y": 0.0,
      "x": 63.356333598802998,
      "y": 105.75294802773823
     }
    ],
    "Time": 1,
    "Turn": 9
   },
   {
    "Commands": null,
    "Planets": [
     {
      "current_production": 6,
      "docked_ships": [
       2
      ],
      "health": 2147,
      "id": 4,
      "owner": 0,
      "remaining_production": 1212
     },
     {
      "current_production": 18,
      "docked_ships": [
       1,
       0
      ],
      "health": 1358,
      "id": 9,
      "owner": 0,
      "remaining_production": 767
     }
    ],
    "Ships": [
     {
      "cooldown": 0,
      "docking": {
       "planet_id": 9,
       "status": "docked"
      },
      "health": 255,
      "id": 0,
      "owner": 0,
      "vel_x": 0.0,
      "vel_y": 0.0,
      "x": 45.798124489169716,
      "y": 62.711909845049092
     },
     {
      "cooldown": 0,
      "docking": {
       "planet_id": 9,
       "status": "docked"
      },
      "health": 255,
      "id": 1,
      "owner": 0,
      "vel_x": 0.0,
      "vel_y": 0.0,
      "x": 44.628677106876005,
      "y": 65.83208020644301
     },
     {
      "cooldown": 0,
      "docking": {
       "planet_id": 4,
       "status": "docked"
      },
      "health": 255,
      "id": 2,
      "owner": 0,
      "vel_x": 0.0,
      "vel_y": 0.0,
      "x": 63.356333598802998,
      "y": 105.75294802773823
     }
    ],
    "Time": 1,
    "Turn": 10
   },
   {
    "Commands": null,
    "Planets": [
     {
      "current_production": 12,
      "docked_ships": [
       2
      ],
      "health": 2147,
      "id": 4,
      "owner": 0,
      "remaining_production": 1212
     },
     {
      "current_production": 30,
      "docked_ships": [
       1,
       0
      ],
      "health": 1358,
      "id": 9,
      "owner": 0,
      "remaining_production": 767
     }
    ],
    "Ships": [
     {
      "cooldown": 0,
      "docking": {
       "planet_id": 9,
       "status": "docked"
      },
      "health": 255,
      "id": 0,
      "owner": 0,
      "vel_x": 0.0,
      "vel_y": 0.0,
      "x": 45.798124489169716,
      "y": 62.711909845049092
     },
     {
      "cooldown": 0,
      "docking": {
       "planet_id": 9,
       "status": "docked"
      },
      "health": 255,
      "id": 1,
      "owner": 0,
      "vel_x": 0.0,
      "vel_y": 0.0,
      "x": 44.628677106876005,
      "y": 65.83208020644301
     },
     {
      "cooldown": 0,
      "docking": {
       "planet_id": 4,
       "status": "docked"
      },
      "health": 255,
      "id": 2,
      "owner": 0,
      "vel_x": 0.0,
      "vel_y": 0.0,
      "x": 63.356333598802998,
      "y": 105.75294802773823
     }
    ],
    "Time": 0,
    "Turn": 11
   },
   {
    "Commands": null,
    "Planets": [
     {
      "current_production": 18,
      "docked_ships": [
       2
      ],
      "health": 2147,
      "id": 4,
      "owner": 0,
      "remaining_production": 1212
     },
     {
      "current_production": 42,
      "docked_ships": [
       1,
       0
      ],
      "health": 1358,
      "id": 9,
      "owner": 0,
      "remaining_production": 767
     }
    ],
    "Ships": [
     {
      "cooldown": 0,
      "docking": {
       "planet_id": 9,
       "status": "docked"
      },
      "health": 255,
      "id": 0,
      "owner": 0,
      "vel_x": 0.0,
      "vel_y": 0.0,
      "x": 45.798124489169716,
      "y": 62.711909845049092
     },
     {
      "cooldown": 0,
      "docking": {
       "planet_id": 9,
       "status": "docked"
      },
      "health": 255,
      "id": 1,
      "owner": 0,
      "vel_x": 0.0,
      "vel_y": 0.0,
      "x": 44.628677106876005,
      "y": 65.83208020644301
     },
     {
      "cooldown": 0,
      "docking": {
       "planet_id": 4,
       "status": "docked"
      },
      "health": 255,
      "id": 2,
      "owner": 0,
      "vel_x": 0.0,
      "vel_y": 0.0,
      "x": 63.356333598802998,
      "y": 105.75294802773823
     }
    ],
    "Time": 1,
    "Turn": 12
   },
   {
    "Commands": null,
    "Planets": [
     {
      "current_production": 24,
      "docked_ships": [
       2
      ],
      "health": 2147,
      "id": 4,
      "owner": 0,
      "remaining_production": 1212
     },
     {
      "current_production": 54,
      "docked_ships": [
       1,
       0
      ],
      "health": 1358,
      "id": 9,
      "owner": 0,
      "remaining_production": 767
     }
    ],
    "Ships": [
     {
      "cooldown": 0,
      "docking": {
       "planet_id": 9,
       "status": "docked"
      },
      "health": 255,
      "id": 0,
      "owner": 0,
      "vel_x": 0.0,
      "vel_y": 0.0,
      "x": 45.798124489169716,
      "y": 62.711909845049092
     },
     {
      "cooldown": 0,
      "docking": {
       "planet_id": 9,
       "status": "docked"
      },
      "health": 255,
      "id": 1,
      "owner": 0,
      "vel_x": 0.0,
      "vel_y": 0.0,
      "x": 44.628677106876005,
      "y": 65.83208020644301
     },
     {
      "cooldown": 0,
      "docking": {
       "planet_id": 4,
       "status": "docked"
      },
      "health": 255,
      "id": 2,
      "owner": 0,
      "vel_x": 0.0,
      "vel_y": 0.0,
      "x": 63.356333598802998,
      "y": 105.75294802773823
     }
    ],
    "Time": 2,
    "Turn": 13
   },
   {
    "Commands": null,
    "Planets": [
     {
      "current_production": 30,
      "docked_ships": [
       2
      ],
      "health": 2147,
      "id": 4,
      "owner": 0,
      "remaining_production": 1212
     },
     {
      "current_production": 66,
      "docked_ships": [
       1,
       0
      ],
      "health": 1358,
      "id": 9,
      "owner": 0,
      "remaining_production": 767
     }
    ],
    "Ships": [
     {
      "cooldown": 0,
      "docking": {
       "planet_id": 9,
       "status": "docked"
      },
      "health": 255,
      "id": 0,
      "owner": 0,
      "vel_x": 0.0,
      "vel_y": 0.0,
      "x": 45.798124489169716,
      "y": 62.711909845049092
     },
     {
      "cooldown": 0,
      "docking": {
       "planet_id": 9,
       "status": "docked"
      },
      "health": 255,
      "id": 1,
      "owner": 0,
      "vel_x": 0.0,
      "vel_y": 0.0,
      "x": 44.628677106876005,
      "y": 65.83208020644301
     },
     {
      "cooldown": 0,
      "docking": {
       "planet_id": 4,
       "status": "docked"
      },
      "health": 255,
      "id": 2,
      "owner": 0,
      "vel_x": 0.0,
      "vel_y": 0.0,
      "x": 63.356333598802998,
      "y": 105.75294802773823
     }
    ],
    "Time": 0,
    "Turn": 14
   },
   {
    "Commands": null,
    "Planets": [
     {
      "current_production": 36,
      "docked_ships": [
       2
      ],
      "health": 2147,
      "id": 4,
      "owner": 0,
      "remaining_production": 1212
     },
     {
      "current_production": 6,
      "docked_ships": [
       1,
       0
      ],
      "health": 1358,
      "id": 9,
      "owner": 0,
      "remaining_production": 767
     }
    ],
    "Ships": [
     {
      "cooldown": 0,
      "docking": {
       "planet_id": 9,
       "status": "docked"
      },
      "health": 255,
      "id": 0,
      "owner": 0,
      "vel_x": 0.0,
      "vel_y": 0.0,
      "x": 45.798124489169716,
      "y": 62.711909845049092
     },
     {
      "cooldown": 0,
      "docking": {
       "planet_id": 9,
       "status": "docked"
      },
      "health": 255,
      "id": 1,
      "owner": 0,
      "vel_x": 0.0,
      "vel_y": 0.0,
      "x": 44.628677106876005,
      "y": 65.83208020644301
     },
     {
      "cooldown": 0,
      "docking": {
       "planet_id": 4,
       "status": "docked"
      },
      "health": 255,
      "id": 2,
      "owner": 0,
      "vel_x": 0.0,
      "vel_y": 0.0,
      "x": 63.356333598802998,
      "y": 105.75294802773823
     },
     {
      "cooldown": 0,
      "docking": {
       "status": "undocked"
      },
      "health": 255,
      "id": 6,
      "owner": 0,
      "vel_x": 0.0,
      "vel_y": 0.0,
      "x": 44.043352899044805,
      "y": 63.873065355202115
     }
    ],
    "Time": 0,
    "Turn": 15
   },
   {
    "Time": 4
   }
  ],
  "PlayerID": 0,
  "PlayerName": "Gabeb v.7"
 },
 {
  "Error": {},
  "Frames": [
   {
    "Time": 162,
    "Turn": 0
   },
   {
    "Commands": [
     {
      "angle": 45,
      "magnitude": 7,
      "owner": 1,
      "queue_number": 0,
      "shipId": 4,
      "type": "thrust"
     }
    ],
    "Planets": null,
    "Ships": [
     {
      "cooldown": 0,
      "docking": {
       "status": "undocked"
      },
      "health": 255,
      "id": 4,
      "owner": 1,
      "vel_x": 0.0,
      "vel_y": 0.0,
      "x": 184.94974746830584,
      "y": 81.94974746830583
     }
    ],
    "Time": 6,
    "Turn": 1
   },
   {
    "Commands": [
     {
      "angle": 59,
      "magnitude": 7,
      "owner": 1,
      "queue_number": 0,
      "shipId": 4,
      "type": "thrust"
     }
    ],
    "Planets": null,
    "Ships": [
     {
      "cooldown": 0,
      "docking": {
       "status": "undocked"
      },
      "health": 255,
      "id": 4,
      "owner": 1,
      "vel_x": 0.0,
      "vel_y": 0.0,
      "x": 188.55501399267624,
      "y": 87.949918573220614
     }
    ],
    "Time": 3,
    "Turn": 2
   },
   {
    "Commands": [
     {
      "angle": 59,
      "magnitude": 7,
      "owner": 1,
      "queue_number": 0,
      "shipId": 4,
      "type": "thrust"
     }
    ],
    "Planets": null,
    "Ships": [
     {
      "cooldown": 0,
      "docking": {
       "status": "undocked"
      },
      "health": 255,
      "id": 4,
      "owner": 1,
      "vel_x": 0.0,
      "vel_y": 0.0,
      "x": 192.16028051704663,
      "y": 93.950089678135399
     }
    ],
    "Time": 1,
    "Turn": 3
   },
   {
    "Commands": [
     {
      "angle": 58,
      "magnitude": 7,
      "owner": 1,
      "queue_number": 0,
      "shipId": 4,
      "type": "thrust"
     }
    ],
    "Planets": null,
    "Ships": [
     {
      "cooldown": 0,
      "docking": {
       "status": "undocked"
      },
      "health": 255,
      "id": 4,
      "owner": 1,
      "vel_x": 0.0,
      "vel_y": 0.0,
      "x": 195.86971536667906,
      "y": 99.886426351230384
     }
    ],
    "Time": 2,
    "Turn": 4
   },
   {
    "Commands": [
     {
      "owner": 1,
      "planet_id": 11,
      "queue_number": 0,
      "shipId": 4,
      "type": "dock"
     }
    ],
    "Planets": [
     {
      "current_production": 0,
      "docked_ships": [
       4
      ],
      "health": 1358,
      "id": 11,
      "owner": 1,
      "remaining_production": 767
     }
    ],
    "Ships": [
     {
      "cooldown": 0,
      "docking": {
       "planet_id": 11,
       "status": "docking",
       "turns_left": 5
      },
      "health": 255,
      "id": 4,
      "owner": 1,
      "vel_x": 0.0,
      "vel_y": 0.0,
      "x": 195.86971536667906,
      "y": 99.886426351230384
     }
    ],
    "Time": 0,
    "Turn": 5
   },
   {
    "Commands": null,
    "Planets": [
     {
      "current_production": 0,
      "docked_ships": [
       4
      ],
      "health": 1358,
      "id": 11,
      "owner": 1,
      "remaining_production": 767
     }
    ],
    "Ships": [
     {
      "cooldown": 0,
      "docking": {
       "planet_id": 11,
       "status": "docking",
       "turns_left": 4
      },
      "health": 255,
      "id": 4,
      "owner": 1,
      "vel_x": 0.0,
      "vel_y": 0.0,
      "x": 195.86971536667906,
      "y": 99.886426351230384
     }
    ],
    "Time": 0,
    "Turn": 6
   },
   {
    "Commands": null,
    "Planets": [
     {
      "current_production": 0,
      "docked_ships": [
       4
      ],
      "health": 1358,
      "id": 11,
      "owner": 1,
      "remaining_production": 767
     }
    ],
    "Ships": [
     {
      "cooldown": 0,
      "docking": {
       "planet_id": 11,
       "status": "docking",
       "turns_left": 3
      },
      "health": 255,
      "id": 4,
      "owner": 1,
      "vel_x": 0.0,
      "vel_y": 0.0,
      "x": 195.86971536667906,
      "y": 99.886426351230384
     }
    ],
    "Time": 2,
    "Turn": 7
   },
   {
    "Commands": null,
    "Planets": [
     {
      "current_production": 0,
      "docked_ships": [
       4
      ],
      "health": 1358,
      "id": 11,
      "owner": 1,
      "remaining_production": 767
     }
    ],
    "Ships": [
     {
      "cooldown": 0,
      "docking": {
       "planet_id": 11,
       "status": "docking",
       "turns_left": 2
      },
      "health": 255,
      "id": 4,
      "owner": 1,
      "vel_x": 0.0,
      "vel_y": 0.0,
      "x": 195.86971536667906,
      "y": 99.886426351230384
     }
    ],
    "Time": 0,
    "Turn": 8
   },
   {
    "Commands": null,
    "Planets": [
     {
      "current_production": 0,
      "docked_ships": [
       4
      ],
      "health": 1358,
      "id": 11,
      "owner": 1,
      "remaining_production": 767
     }
    ],
    "Ships": [
     {
      "cooldown": 0,
      "docking": {
       "planet_id": 11,
       "status": "docking",
       "turns_left": 1
      },
      "health": 255,
      "id": 4,
      "owner": 1,
      "vel_x": 0.0,
      "vel_y": 0.0,
      "x": 195.86971536667906,
      "y": 99.886426351230384
     }
    ],
    "Time": 1,
    "Turn": 9
   },
   {
    "Commands": null,
    "Planets": [
     {
      "current_production": 6,
      "docked_ships": [
       4
      ],
      "health": 1358,
      "id": 11,
      "owner": 1,
      "remaining_production": 767
     }
    ],
    "Ships": [
     {
      "cooldown": 0,
      "docking": {
       "planet_id": 11,
       "status": "docked"
      },
      "health": 255,
      "id": 4,
      "owner": 1,
      "vel_x": 0.0,
      "vel_y": 0.0,
      "x": 195.86971536667906,
      "y": 99.886426351230384
     }
    ],
    "Time": 0,
    "Turn": 10
   },
   {
    "Commands": null,
    "Planets": [
     {
      "current_production": 12,
      "docked_ships": [
       4
      ],
      "health": 1358,
      "id": 11,
      "owner": 1,
      "remaining_production": 767
     }
    ],
    "Ships": [
     {
      "cooldown": 0,
      "docking": {
       "planet_id": 11,
       "status": "docked"
      },
      "health": 255,
      "id": 4,
      "owner": 1,
      "vel_x": 0.0,
      "vel_y": 0.0,
      "x": 195.86971536667906,
      "y": 99.886426351230384
     }
    ],
    "Time": 0,
    "Turn": 11
   },
   {
    "Commands": null,
    "Planets": [
     {
      "current_production": 18,
      "docked_ships": [
       4
      ],
      "health": 1358,
      "id": 11,
      "owner": 1,
      "remaining_production": 767
     }
    ],
    "Ships": [
     {
      "cooldown": 0,
      "docking": {
       "planet_id": 11,
       "status": "docked"
      },
      "health": 255,
      "id": 4,
      "owner": 1,
      "vel_x": 0.0,
      "vel_y": 0.0,
      "x": 195.86971536667906,
      "y": 99.886426351230384
     }
    ],
    "Time": 0,
    "Turn": 12
   },
   {
    "Commands": null,
    "Planets": [
     {
      "current_production": 24,
      "docked_ships": [
       4
      ],
      "health": 1358,
      "id": 11,
      "owner": 1,
      "remaining_production": 767
     }
    ],
    "Ships": [
     {
      "cooldown": 0,
      "docking": {
       "planet_id": 11,
       "status": "docked"
      },
      "health": 255,
      "id": 4,
      "owner": 1,
      "vel_x": 0.0,
      "vel_y": 0.0,
      "x": 195.86971536667906,
      "y": 99.886426351230384
     }
    ],
    "Time": 1,
    "Turn": 13
   },
   {
    "Commands": null,
    "Planets": [
     {
      "current_production": 30,
      "docked_ships": [
       4
      ],
      "health": 1358,
      "id": 11,
      "owner": 1,
      "remaining_production": 767
     }
    ],
    "Ships": [
     {
      "cooldown": 0,
      "docking": {
       "planet_id": 11,
       "status": "docked"
      },
      "health": 255,
      "id": 4,
      "owner": 1,
      "vel_x": 0.0,
      "vel_y": 0.0,
      "x": 195.86971536667906,
      "y": 99.886426351230384
     }
    ],
    "Time": 0,
    "Turn": 14
   },
   {
    "Commands": null,
    "Planets": [
     {
      "current_production": 36,
      "docked_ships": [
       4
      ],
      "health": 1358,
      "id": 11,
      "owner": 1,
      "remaining_production": 767
     }
    ],
    "Ships": [
     {
      "cooldown": 0,
      "docking": {
       "planet_id": 11,
       "status": "docked"
      },
      "health": 255,
      "id": 4,
      "owner": 1,
      "vel_x": 0.0,
      "vel_y": 0.0,
      "x": 195.86971536667906,
      "y": 99.886426351230384
     }
    ],
    "Time": 0,
    "Turn": 15
   },
   {
    "Commands": null,
    "Planets": [
     {
      "current_production": 42,
      "docked_ships": [
       4
      ],
      "health": 1358,
      "id": 11,
      "owner": 1,
      "remaining_production": 767
     }
    ],
    "Ships": [
     {
      "cooldown": 0,
      "docking": {
       "planet_id": 11,
       "status": "docked"
      },
      "health": 255,
      "id": 4,
      "owner": 1,
      "vel_x": 0.0,
      "vel_y": 0.0,
      "x": 195.86971536667906,
      "y": 99.886426351230384
     }
    ],
    "Time": 0,
    "Turn": 16
   }
  ],
  "PlayerID": 1,
  "PlayerName": "Gabeb v.7"
 }
]
