[
 {
  "Error": {},
  "Frames": [
   {
    "Time": 251,
    "Turn": 0
   },
   {
    "Commands": [
     {
      "angle": 112,
      "magnitude": 7,
      "owner": 0,
      "queue_number": 0,
      "shipId": 0,
      "type": "thrust"
     },
     {
      "angle": 113,
      "magnitude": 7,
      "owner": 0,
      "queue_number": 0,
      "shipId": 1,
      "type": "thrust"
     },
     {
      "angle": 86,
      "magnitude": 7,
      "owner": 0,
      "queue_number": 0,
      "shipId": 2,
      "type": "thrust"
     }
    ],
    "Planets": null,
    "Ships": [
     {
      "cooldown": 0,
      "docking": {
       "status": "undocked"
      },
      "health": 255,
      "id": 0,
      "owner": 0,
      "vel_x": 0.0,
      "vel_y": 0.0,
      "x": 117.37775384608861,
      "y": 46.490286981967515
     },
     {
      "cooldown": 0,
      "docking": {
       "status": "undocked"
      },
      "health": 255,
      "id": 1,
      "owner": 0,
      "vel_x": 0.0,
      "vel_y": 0.0,
      "x": 117.26488210057508,
      "y": 43.443533974167082
     },
     {
      "cooldown": 0,
      "docking": {
       "status": "undocked"
      },
      "health": 255,
      "id": 2,
      "owner": 0,
      "vel_x": 0.0,
      "vel_y": 0.0,
      "x": 120.48829531620888,
      "y": 49.98294835181877
     }
    ],
    "Time": 4,
    "Turn": 1
   },
   {
    "Commands": [
     {
      "angle": 102,
      "magnitude": 7,
      "owner": 0,
      "queue_number": 0,
      "shipId": 0,
      "type": "thrust"
     },
     {
      "angle": 111,
      "magnitude": 7,
      "owner": 0,
      "queue_number": 0,
      "shipId": 1,
      "type": "thrust"
     },
     {
      "angle": 87,
      "magnitude": 7,
      "owner": 0,
      "queue_number": 0,
      "shipId": 2,
      "type": "thrust"
     }
    ],
    "Planets": null,
    "Ships": [
     {
      "cooldown": 0,
      "docking": {
       "status": "undocked"
      },
      "health": 255,
      "id": 0,
      "owner": 0,
      "vel_x": 0.0,
      "vel_y": 0.0,
      "x": 115.9223720103643,
      "y": 53.337320187104154
     },
     {
      "cooldown": 0,
      "docking": {
       "status": "undocked"
      },
      "health": 255,
      "id": 1,
      "owner": 0,
      "vel_x": 0.0,
      "vel_y": 0.0,
      "x": 114.75630645375797,
      "y": 49.97859695964749
     },
     {
      "cooldown": 0,
      "docking": {
       "status": "undocked"
      },
      "health": 255,
      "id": 2,
      "owner": 0,
      "vel_x": 0.0,
      "vel_y": 0.0,
      "x": 120.85464700990948,
      "y": 56.973355095100786
     }
    ],
    "Time": 0,
    "Turn": 2
   },
   {
    "Commands": [
     {
      "angle": 102,
      "magnitude": 7,
      "owner": 0,
      "queue_number": 0,
      "shipId": 0,
      "type": "thrust"
     },
     {
      "angle": 97,
      "magnitude": 7,
      "owner": 0,
      "queue_number": 0,
      "shipId": 1,
      "type": "thrust"
     },
     {
      "angle": 85,
      "magnitude": 7,
      "owner": 0,
      "queue_number": 0,
      "shipId": 2,
      "type": "thrust"
     }
    ],
    "Planets": null,
    "Ships": [
     {
      "cooldown": 0,
      "docking": {
       "status": "undocked"
      },
      "health": 255,
      "id": 0,
      "owner": 0,
      "vel_x": 0.0,
      "vel_y": 0.0,
      "x": 114.46699017463999,
      "y": 60.184353392240794
     },
     {
      "cooldown": 0,
      "docking": {
       "status": "undocked"
      },
      "health": 255,
      "id": 1,
      "owner": 0,
      "vel_x": 0.0,
      "vel_y": 0.0,
      "x": 113.90322104992194,
      "y": 56.926420021136742
     },
     {
      "cooldown": 0,
      "docking": {
       "status": "undocked"
      },
      "health": 255,
      "id": 2,
      "owner": 0,
      "vel_x": 0.0,
      "vel_y": 0.0,
      "x": 121.4647372091431,
      "y": 63.946717981743006
     }
    ],
    "Time": 3,
    "Turn": 3
   },
   {
    "Commands": [
     {
      "angle": 102,
      "magnitude": 3,
      "owner": 0,
      "queue_number": 0,
      "shipId": 0,
      "type": "thrust"
     },
     {
      "angle": 102,
      "magnitude": 6,
      "owner": 0,
      "queue_number": 0,
      "shipId": 1,
      "type": "thrust"
     },
     {
      "angle": 85,
      "magnitude": 7,
      "owner": 0,
      "queue_number": 0,
      "shipId": 2,
      "type": "thrust"
     }
    ],
    "Planets": null,
    "Ships": [
     {
      "cooldown": 0,
      "docking": {
       "status": "undocked"
      },
      "health": 255,
      "id": 0,
      "owner": 0,
      "vel_x": 0.0,
      "vel_y": 0.0,
      "x": 113.84325510218672,
      "y": 63.118796194442211
     },
     {
      "cooldown": 0,
      "docking": {
       "status": "undocked"
      },
      "health": 255,
      "id": 1,
      "owner": 0,
      "vel_x": 0.0,
      "vel_y": 0.0,
      "x": 112.65575090501538,
      "y": 62.795305625539577
     },
     {
      "cooldown": 0,
      "docking": {
       "status": "undocked"
      },
      "health": 255,
      "id": 2,
      "owner": 0,
      "vel_x": 0.0,
      "vel_y": 0.0,
      "x": 122.07482740837671,
      "y": 70.920080868385227
     }
    ],
    "Time": 6,
    "Turn": 4
   },
   {
    "Commands": [
     {
      "owner": 0,
      "planet_id": 2,
      "queue_number": 0,
      "shipId": 0,
      "type": "dock"
     },
     {
      "owner": 0,
      "planet_id": 2,
      "queue_number": 0,
      "shipId": 1,
      "type": "dock"
     },
     {
      "angle": 83,
      "magnitude": 7,
      "owner": 0,
      "queue_number": 0,
      "shipId": 2,
      "type": "thrust"
     }
    ],
    "Planets": [
     {
      "current_production": 0,
      "docked_ships": [
       0,
       1
      ],
      "health": 1332,
      "id": 2,
      "owner": 0,
      "remaining_production": 752
     }
    ],
    "Ships": [
     {
      "cooldown": 0,
      "docking": {
       "planet_id": 2,
       "status": "docking",
       "turns_left": 5
      },
      "health": 255,
      "id": 0,
      "owner": 0,
      "vel_x": 0.0,
      "vel_y": 0.0,
      "x": 113.84325510218672,
      "y": 63.118796194442211
     },
     {
      "cooldown": 0,
      "docking": {
       "planet_id": 2,
       "status": "docking",
       "turns_left": 5
      },
      "health": 255,
      "id": 1,
      "owner": 0,
      "vel_x": 0.0,
      "vel_y": 0.0,
      "x": 112.65575090501538,
      "y": 62.795305625539577
     },
     {
      "cooldown": 0,
      "docking": {
       "status": "undocked"
      },
      "health": 255,
      "id": 2,
      "owner": 0,
      "vel_x": 0.0,
      "vel_y": 0.0,
      "x": 122.92791281221274,
      "y": 77.867903929874487
     }
    ],
    "Time": 7,
    "Turn": 5
   },
   {
    "Commands": [
     {
      "angle": 63,
      "magnitude": 3,
      "owner": 0,
      "queue_number": 0,
      "shipId": 2,
      "type": "thrust"
     }
    ],
    "Planets": [
     {
      "current_production": 0,
      "docked_ships": [
       0,
       1
      ],
      "health": 1332,
      "id": 2,
      "owner": 0,
      "remaining_production": 752
     }
    ],
    "Ships": [
     {
      "cooldown": 0,
      "docking": {
       "planet_id": 2,
       "status": "docking",
       "turns_left": 4
      },
      "health": 255,
      "id": 0,
      "owner": 0,
      "vel_x": 0.0,
      "vel_y": 0.0,
      "x": 113.84325510218672,
      "y": 63.118796194442211
     },
     {
      "cooldown": 0,
      "docking": {
       "planet_id": 2,
       "status": "docking",
       "turns_left": 4
      },
      "health": 255,
      "id": 1,
      "owner": 0,
      "vel_x": 0.0,
      "vel_y": 0.0,
      "x": 112.65575090501538,
      "y": 62.795305625539577
     },
     {
      "cooldown": 0,
      "docking": {
       "status": "undocked"
      },
      "health": 255,
      "id": 2,
      "owner": 0,
      "vel_x": 0.0,
      "vel_y": 0.0,
      "x": 124.28988431143138,
      "y": 80.540923502439597
     }
    ],
    "Time": 1,
    "Turn": 6
   },
   {
    "Commands": [
     {
      "owner": 0,
      "planet_id": 0,
      "queue_number": 0,
      "shipId": 2,
      "type": "dock"
     }
    ],
    "Planets": [
     {
      "current_production": 0,
      "docked_ships": [
       0,
       1
      ],
      "health": 1332,
      "id": 2,
      "owner": 0,
      "remaining_production": 752
     }
    ],
    "Ships": [
     {
      "cooldown": 0,
      "docking": {
       "planet_id": 2,
       "status": "docking",
       "turns_left": 3
      },
      "health": 255,
      "id": 0,
      "owner": 0,
      "vel_x": 0.0,
      "vel_y": 0.0,
      "x": 113.84325510218672,
      "y": 63.118796194442211
     },
     {
      "cooldown": 0,
      "docking": {
       "planet_id": 2,
       "status": "docking",
       "turns_left": 3
      },
      "health": 255,
      "id": 1,
      "owner": 0,
      "vel_x": 0.0,
      "vel_y": 0.0,
      "x": 112.65575090501538,
      "y": 62.795305625539577
     },
     {
      "cooldown": 0,
      "docking": {
       "status": "undocked"
      },
      "health": 255,
      "id": 2,
      "owner": 0,
      "vel_x": 0.0,
      "vel_y": 0.0,
      "x": 124.28988431143138,
      "y": 80.540923502439597
     }
    ],
    "Time": 0,
    "Turn": 7
   },
   {
    "Commands": [
     {
      "owner": 0,
      "planet_id": 0,
      "queue_number": 0,
      "shipId": 2,
      "type": "dock"
     }
    ],
    "Planets": [
     {
      "current_production": 0,
      "docked_ships": [
       0,
       1
      ],
      "health": 1332,
      "id": 2,
      "owner": 0,
      "remaining_production": 752
     }
    ],
    "Ships": [
     {
      "cooldown": 0,
      "docking": {
       "planet_id": 2,
       "status": "docking",
       "turns_left": 2
      },
      "health": 255,
      "id": 0,
      "owner": 0,
      "vel_x": 0.0,
      "vel_y": 0.0,
      "x": 113.84325510218672,
      "y": 63.118796194442211
     },
     {
      "cooldown": 0,
      "docking": {
       "planet_id": 2,
       "status": "docking",
       "turns_left": 2
      },
      "health": 255,
      "id": 1,
      "owner": 0,
      "vel_x": 0.0,
      "vel_y": 0.0,
      "x": 112.65575090501538,
      "y": 62.795305625539577
     },
     {
      "cooldown": 0,
      "docking": {
       "status": "undocked"
      },
      "health": 255,
      "id": 2,
      "owner": 0,
      "vel_x": 0.0,
      "vel_y": 0.0,
      "x": 124.28988431143138,
      "y": 80.540923502439597
     }
    ],
    "Time": 0,
    "Turn": 8
   },
   {
    "Commands": [
     {
      "owner": 0,
      "planet_id": 0,
      "queue_number": 0,
      "shipId": 2,
      "type": "dock"
     }
    ],
    "Planets": [
     {
      "current_production": 0,
      "docked_ships": [
       0,
       1
      ],
      "health": 1332,
      "id": 2,
      "owner": 0,
      "remaining_production": 752
     }
    ],
    "Ships": [
     {
      "cooldown": 0,
      "docking": {
       "planet_id": 2,
       "status": "docking",
       "turns_left": 1
      },
      "health": 255,
      "id": 0,
      "owner": 0,
      "vel_x": 0.0,
      "vel_y": 0.0,
      "x": 113.84325510218672,
      "y": 63.118796194442211
     },
     {
      "cooldown": 0,
      "docking": {
       "planet_id": 2,
       "status": "docking",
       "turns_left": 1
      },
      "health": 255,
      "id": 1,
      "owner": 0,
      "vel_x": 0.0,
      "vel_y": 0.0,
      "x": 112.65575090501538,
      "y": 62.795305625539577
     },
     {
      "cooldown": 0,
      "docking": {
       "status": "undocked"
      },
      "health": 255,
      "id": 2,
      "owner": 0,
      "vel_x": 0.0,
      "vel_y": 0.0,
      "x": 124.28988431143138,
      "y": 80.540923502439597
     }
    ],
    "Time": 0,
    "Turn": 9
   },
   {
    "Commands": [
     {
      "owner": 0,
      "planet_id": 0,
      "queue_number": 0,
      "shipId": 2,
      "type": "dock"
     }
    ],
    "Planets": [
     {
      "current_production": 12,
      "docked_ships": [
       0,
       1
      ],
      "health": 1332,
      "id": 2,
      "owner": 0,
      "remaining_production": 752
     }
    ],
    "Ships": [
     {
      "cooldown": 0,
      "docking": {
       "planet_id": 2,
       "status": "docked"
      },
      "health": 255,
      "id": 0,
      "owner": 0,
      "vel_x": 0.0,
      "vel_y": 0.0,
      "x": 113.84325510218672,
      "y": 63.118796194442211
     },
     {
      "cooldown": 0,
      "docking": {
       "planet_id": 2,
       "status": "docked"
      },
      "health": 255,
      "id": 1,
      "owner": 0,
      "vel_x": 0.0,
      "vel_y": 0.0,
      "x": 112.65575090501538,
      "y": 62.795305625539577
     },
     {
      "cooldown": 0,
      "docking": {
       "status": "undocked"
      },
      "health": 255,
      "id": 2,
      "owner": 0,
      "vel_x": 0.0,
      "vel_y": 0.0,
      "x": 124.28988431143138,
      "y": 80.540923502439597
     }
    ],
    "Time": 1,
    "Turn": 10
   },
   {
    "Commands": [
     {
      "owner": 0,
      "planet_id": 0,
      "queue_number": 0,
      "shipId": 2,
      "type": "dock"
     }
    ],
    "Planets": [
     {
      "current_production": 24,
      "docked_ships": [
       0,
       1
      ],
      "health": 1332,
      "id": 2,
      "owner": 0,
      "remaining_production": 752
     }
    ],
    "Ships": [
     {
      "cooldown": 0,
      "docking": {
       "planet_id": 2,
       "status": "docked"
      },
      "health": 191,
      "id": 0,
      "owner": 0,
      "vel_x": 0.0,
      "vel_y": 0.0,
      "x": 113.84325510218672,
      "y": 63.118796194442211
     },
     {
      "cooldown": 0,
      "docking": {
       "planet_id": 2,
       "status": "docked"
      },
      "health": 255,
      "id": 1,
      "owner": 0,
      "vel_x": 0.0,
      "vel_y": 0.0,
      "x": 112.65575090501538,
      "y": 62.795305625539577
     },
     {
      "cooldown": 0,
      "docking": {
       "status": "undocked"
      },
      "health": 255,
      "id": 2,
      "owner": 0,
      "vel_x": 0.0,
      "vel_y": 0.0,
      "x": 124.28988431143138,
      "y": 80.540923502439597
     }
    ],
    "Time": 5,
    "Turn": 11
   },
   {
    "Commands": [
     {
      "owner": 0,
      "planet_id": 0,
      "queue_number": 0,
      "shipId": 2,
      "type": "dock"
     }
    ],
    "Planets": [
     {
      "current_production": 36,
      "docked_ships": [
       0,
       1
      ],
      "health": 1332,
      "id": 2,
      "owner": 0,
      "remaining_production": 752
     }
    ],
    "Ships": [
     {
      "cooldown": 0,
      "docking": {
       "planet_id": 2,
       "status": "docked"
      },
      "health": 127,
      "id": 0,
      "owner": 0,
      "vel_x": 0.0,
      "vel_y": 0.0,
      "x": 113.84325510218672,
      "y": 63.118796194442211
     },
     {
      "cooldown": 0,
      "docking": {
       "planet_id": 2,
       "status": "docked"
      },
      "health": 255,
      "id": 1,
      "owner": 0,
      "vel_x": 0.0,
      "vel_y": 0.0,
      "x": 112.65575090501538,
      "y": 62.795305625539577
     },
     {
      "cooldown": 0,
      "docking": {
       "status": "undocked"
      },
      "health": 255,
      "id": 2,
      "owner": 0,
      "vel_x": 0.0,
      "vel_y": 0.0,
      "x": 124.28988431143138,
      "y": 80.540923502439597
     }
    ],
    "Time": 2,
    "Turn": 12
   },
   {
    "Commands": [
     {
      "owner": 0,
      "planet_id": 0,
      "queue_number": 0,
      "shipId": 2,
      "type": "dock"
     }
    ],
    "Planets": [
     {
      "current_production": 48,
      "docked_ships": [
       0,
       1
      ],
      "health": 1332,
      "id": 2,
      "owner": 0,
      "remaining_production": 752
     }
    ],
    "Ships": [
     {
      "cooldown": 0,
      "docking": {
       "planet_id": 2,
       "status": "docked"
      },
      "health": 63,
      "id": 0,
      "owner": 0,
      "vel_x": 0.0,
      "vel_y": 0.0,
      "x": 113.84325510218672,
      "y": 63.118796194442211
     },
     {
      "cooldown": 0,
      "docking": {
       "planet_id": 2,
       "status": "docked"
      },
      "health": 255,
      "id": 1,
      "owner": 0,
      "vel_x": 0.0,
      "vel_y": 0.0,
      "x": 112.65575090501538,
      "y": 62.795305625539577
     },
     {
      "cooldown": 0,
      "docking": {
       "status": "undocked"
      },
      "health": 255,
      "id": 2,
      "owner": 0,
      "vel_x": 0.0,
      "vel_y": 0.0,
      "x": 124.28988431143138,
      "y": 80.540923502439597
     }
    ],
    "Time": 2,
    "Turn": 13
   },
   {
    "Commands": [
     {
      "owner": 0,
      "planet_id": 0,
      "queue_number": 0,
      "shipId": 2,
      "type": "dock"
     }
    ],
    "Planets": [
     {
      "current_production": 54,
      "docked_ships": [
       1
      ],
      "health": 1332,
      "id": 2,
      "owner": 0,
      "remaining_production": 752
     }
    ],
    "Ships": [
     {
      "cooldown": 0,
      "docking": {
       "planet_id": 2,
       "status": "docked"
      },
      "health": 255,
      "id": 1,
      "owner": 0,
      "vel_x": 0.0,
      "vel_y": 0.0,
      "x": 112.65575090501538,
      "y": 62.795305625539577
     },
     {
      "cooldown": 0,
      "docking": {
       "status": "undocked"
      },
      "health": 255,
      "id": 2,
      "owner": 0,
      "vel_x": 0.0,
      "vel_y": 0.0,
      "x": 124.28988431143138,
      "y": 80.540923502439597
     }
    ],
    "Time": 6,
    "Turn": 14
   },
   {
    "Commands": [
     {
      "owner": 0,
      "planet_id": 0,
      "queue_number": 0,
      "shipId": 2,
      "type": "dock"
     }
    ],
    "Planets": [
     {
      "current_production": 60,
      "docked_ships": [
       1
      ],
      "health": 1332,
      "id": 2,
      "owner": 0,
      "remaining_production": 752
     }
    ],
    "Ships": [
     {
      "cooldown": 0,
      "docking": {
       "planet_id": 2,
       "status": "docked"
      },
      "health": 255,
      "id": 1,
      "owner": 0,
      "vel_x": 0.0,
      "vel_y": 0.0,
      "x": 112.65575090501538,
      "y": 62.795305625539577
     },
     {
      "cooldown": 0,
      "docking": {
       "status": "undocked"
      },
      "health": 255,
      "id": 2,
      "owner": 0,
      "vel_x": 0.0,
      "vel_y": 0.0,
      "x": 124.28988431143138,
      "y": 80.540923502439597
     }
    ],
    "Time": 3,
    "Turn": 15
   },
   {
    "Commands": [
     {
      "owner": 0,
      "planet_id": 0,
      "queue_number": 0,
      "shipId": 2,
      "type": "dock"
     }
    ],
    "Planets": [
     {
      "current_production": 0,
      "docked_ships": [
       2
      ],
      "health": 1332,
      "id": 0,
      "owner": 0,
      "remaining_production": 752
     },
     {
      "current_production": 66,
      "docked_ships": [
       1
      ],
      "health": 1332,
      "id": 2,
      "owner": 0,
      "remaining_production": 752
     }
    ],
    "Ships": [
     {
      "cooldown": 0,
      "docking": {
       "planet_id": 2,
       "status": "docked"
      },
      "health": 255,
      "id": 1,
      "owner": 0,
      "vel_x": 0.0,
      "vel_y": 0.0,
      "x": 112.65575090501538,
      "y": 62.795305625539577
     },
     {
      "cooldown": 0,
      "docking": {
       "planet_id": 0,
       "status": "docking",
       "turns_left": 5
      },
      "health": 255,
      "id": 2,
      "owner": 0,
      "vel_x": 0.0,
      "vel_y": 0.0,
      "x": 124.28988431143138,
      "y": 80.540923502439597
     }
    ],
    "Time": 2,
    "Turn": 16
   }
  ],
  "PlayerID": 0,
  "PlayerName": "Gabeb v.7"
 },
 {
  "Error": {
   "Message": "ERRORED! Got Exception (if any): ERROR: Bot #1: Received invalid character 'Traceback (most recent call last):T'. (at character 1.)\nInput received from bot:\nTraceback (most recent call last):\n^; Response received (if any): Traceback (most recent call last):  File \"MyBot-old.py\", line 61, in <module>    target = opening_planets[ship.id]KeyError: 6",
   "Turn": 16
  },
  "Frames": [
   {
    "Time": 331,
    "Turn": 0
   },
   {
    "Commands": [
     {
      "angle": 296,
      "magnitude": 7,
      "owner": 1,
      "queue_number": 0,
      "shipId": 3,
      "type": "thrust"
     },
     {
      "angle": 286,
      "magnitude": 7,
      "owner": 1,
      "queue_number": 0,
      "shipId": 4,
      "type": "thrust"
     },
     {
      "angle": 293,
      "magnitude": 7,
      "owner": 1,
      "queue_number": 0,
      "shipId": 5,
      "type": "thrust"
     }
    ],
    "Planets": null,
    "Ships": [
     {
      "cooldown": 0,
      "docking": {
       "status": "undocked"
      },
      "health": 255,
      "id": 3,
      "owner": 1,
      "vel_x": 0.0,
      "vel_y": 0.0,
      "x": 123.06859802752354,
      "y": 113.70844167590583
     },
     {
      "cooldown": 0,
      "docking": {
       "status": "undocked"
      },
      "health": 255,
      "id": 4,
      "owner": 1,
      "vel_x": 0.0,
      "vel_y": 0.0,
      "x": 121.92946149071899,
      "y": 110.27116812843177
     },
     {
      "cooldown": 0,
      "docking": {
       "status": "undocked"
      },
      "health": 255,
      "id": 5,
      "owner": 1,
      "vel_x": 0.0,
      "vel_y": 0.0,
      "x": 122.73511789942492,
      "y": 116.55646602583292
     }
    ],
    "Time": 9,
    "Turn": 1
   },
   {
    "Commands": [
     {
      "angle": 295,
      "magnitude": 7,
      "owner": 1,
      "queue_number": 0,
      "shipId": 3,
      "type": "thrust"
     },
     {
      "angle": 302,
      "magnitude": 7,
      "owner": 1,
      "queue_number": 0,
      "shipId": 4,
      "type": "thrust"
     },
     {
      "angle": 300,
      "magnitude": 7,
      "owner": 1,
      "queue_number": 0,
      "shipId": 5,
      "type": "thrust"
     }
    ],
    "Planets": null,
    "Ships": [
     {
      "cooldown": 0,
      "docking": {
       "status": "undocked"
      },
      "health": 255,
      "id": 3,
      "owner": 1,
      "vel_x": 0.0,
      "vel_y": 0.0,
      "x": 126.02692585970843,
      "y": 107.36428716664928
     },
     {
      "cooldown": 0,
      "docking": {
       "status": "undocked"
      },
      "health": 255,
      "id": 4,
      "owner": 1,
      "vel_x": 0.0,
      "vel_y": 0.0,
      "x": 125.63889634035142,
      "y": 104.33483145533678
     },
     {
      "cooldown": 0,
      "docking": {
       "status": "undocked"
      },
      "health": 255,
      "id": 5,
      "owner": 1,
      "vel_x": 0.0,
      "vel_y": 0.0,
      "x": 126.23511789942492,
      "y": 110.49428819934185
     }
    ],
    "Time": 10,
    "Turn": 2
   },
   {
    "Commands": [
     {
      "angle": 294,
      "magnitude": 7,
      "owner": 1,
      "queue_number": 0,
      "shipId": 3,
      "type": "thrust"
     },
     {
      "angle": 301,
      "magnitude": 7,
      "owner": 1,
      "queue_number": 0,
      "shipId": 4,
      "type": "thrust"
     },
     {
      "angle": 292,
      "magnitude": 7,
      "owner": 1,
      "queue_number": 0,
      "shipId": 5,
      "type": "thrust"
     }
    ],
    "Planets": null,
    "Ships": [
     {
      "cooldown": 0,
      "docking": {
       "status": "undocked"
      },
      "health": 255,
      "id": 3,
      "owner": 1,
      "vel_x": 0.0,
      "vel_y": 0.0,
      "x": 128.87408236123903,
      "y": 100.96946896315107
     },
     {
      "cooldown": 0,
      "docking": {
       "status": "undocked"
      },
      "health": 255,
      "id": 4,
      "owner": 1,
      "vel_x": 0.0,
      "vel_y": 0.0,
      "x": 129.2441628647218,
      "y": 98.334660350421998
     },
     {
      "cooldown": 0,
      "docking": {
       "status": "undocked"
      },
      "health": 255,
      "id": 5,
      "owner": 1,
      "vel_x": 0.0,
      "vel_y": 0.0,
      "x": 128.85736405333631,
      "y": 104.00400121737434
     }
    ],
    "Time": 5,
    "Turn": 3
   },
   {
    "Commands": [
     {
      "angle": 303,
      "magnitude": 7,
      "owner": 1,
      "queue_number": 0,
      "shipId": 3,
      "type": "thrust"
     },
     {
      "angle": 300,
      "magnitude": 7,
      "owner": 1,
      "queue_number": 0,
      "shipId": 4,
      "type": "thrust"
     },
     {
      "angle": 292,
      "magnitude": 7,
      "owner": 1,
      "queue_number": 0,
      "shipId": 5,
      "type": "thrust"
     }
    ],
    "Planets": null,
    "Ships": [
     {
      "cooldown": 0,
      "docking": {
       "status": "undocked"
      },
      "health": 255,
      "id": 3,
      "owner": 1,
      "vel_x": 0.0,
      "vel_y": 0.0,
      "x": 132.68655560634423,
      "y": 95.098774987533105
     },
     {
      "cooldown": 0,
      "docking": {
       "status": "undocked"
      },
      "health": 255,
      "id": 4,
      "owner": 1,
      "vel_x": 0.0,
      "vel_y": 0.0,
      "x": 132.7441628647218,
      "y": 92.272482523930933
     },
     {
      "cooldown": 0,
      "docking": {
       "status": "undocked"
      },
      "health": 255,
      "id": 5,
      "owner": 1,
      "vel_x": 0.0,
      "vel_y": 0.0,
      "x": 131.4796102072477,
      "y": 97.513714235406823
     }
    ],
    "Time": 17,
    "Turn": 4
   },
   {
    "Commands": [
     {
      "owner": 1,
      "planet_id": 0,
      "queue_number": 0,
      "shipId": 3,
      "type": "dock"
     },
     {
      "owner": 1,
      "planet_id": 0,
      "queue_number": 0,
      "shipId": 4,
      "type": "dock"
     },
     {
      "angle": 321,
      "magnitude": 7,
      "owner": 1,
      "queue_number": 0,
      "shipId": 5,
      "type": "thrust"
     }
    ],
    "Planets": [
     {
      "current_production": 0,
      "docked_ships": [
       3,
       4
      ],
      "health": 1332,
      "id": 0,
      "owner": 1,
      "remaining_production": 752
     }
    ],
    "Ships": [
     {
      "cooldown": 0,
      "docking": {
       "planet_id": 0,
       "status": "docking",
       "turns_left": 5
      },
      "health": 255,
      "id": 3,
      "owner": 1,
      "vel_x": 0.0,
      "vel_y": 0.0,
      "x": 132.68655560634423,
      "y": 95.098774987533105
     },
     {
      "cooldown": 0,
      "docking": {
       "planet_id": 0,
       "status": "docking",
       "turns_left": 5
      },
      "health": 255,
      "id": 4,
      "owner": 1,
      "vel_x": 0.0,
      "vel_y": 0.0,
      "x": 132.7441628647218,
      "y": 92.272482523930933
     },
     {
      "cooldown": 0,
      "docking": {
       "status": "undocked"
      },
      "health": 255,
      "id": 5,
      "owner": 1,
      "vel_x": 0.0,
      "vel_y": 0.0,
      "x": 136.9196319374465,
      "y": 93.108471498057952
     }
    ],
    "Time": 12,
    "Turn": 5
   },
   {
    "Commands": [
     {
      "angle": 262,
      "magnitude": 7,
      "owner": 1,
      "queue_number": 0,
      "shipId": 5,
      "type": "thrust"
     }
    ],
    "Planets": [
     {
      "current_production": 0,
      "docked_ships": [
       3,
       4
      ],
      "health": 1332,
      "id": 0,
      "owner": 1,
      "remaining_production": 752
     }
    ],
    "Ships": [
     {
      "cooldown": 0,
      "docking": {
       "planet_id": 0,
       "status": "docking",
       "turns_left": 4
      },
      "health": 255,
      "id": 3,
      "owner": 1,
      "vel_x": 0.0,
      "vel_y": 0.0,
      "x": 132.68655560634423,
      "y": 95.098774987533105
     },
     {
      "cooldown": 0,
      "docking": {
       "planet_id": 0,
       "status": "docking",
       "turns_left": 4
      },
      "health": 255,
      "id": 4,
      "owner": 1,
      "vel_x": 0.0,
      "vel_y": 0.0,
      "x": 132.7441628647218,
      "y": 92.272482523930933
     },
     {
      "cooldown": 0,
      "docking": {
       "status": "undocked"
      },
      "health": 255,
      "id": 5,
      "owner": 1,
      "vel_x": 0.0,
      "vel_y": 0.0,
      "x": 135.94542023072603,
      "y": 86.176595016866955
     }
    ],
    "Time": 5,
    "Turn": 6
   },
   {
    "Commands": [
     {
      "angle": 263,
      "magnitude": 7,
      "owner": 1,
      "queue_number": 0,
      "shipId": 5,
      "type": "thrust"
     }
    ],
    "Planets": [
     {
      "current_production": 0,
      "docked_ships": [
       3,
       4
      ],
      "health": 1332,
      "id": 0,
      "owner": 1,
      "remaining_production": 752
     }
    ],
    "Ships": [
     {
      "cooldown": 0,
      "docking": {
       "planet_id": 0,
       "status": "docking",
       "turns_left": 3
      },
      "health": 255,
      "id": 3,
      "owner": 1,
      "vel_x": 0.0,
      "vel_y": 0.0,
      "x": 132.68655560634423,
      "y": 95.098774987533105
     },
     {
      "cooldown": 0,
      "docking": {
       "planet_id": 0,
       "status": "docking",
       "turns_left": 3
      },
      "health": 255,
      "id": 4,
      "owner": 1,
      "vel_x": 0.0,
      "vel_y": 0.0,
      "x": 132.7441628647218,
      "y": 92.272482523930933
     },
     {
      "cooldown": 0,
      "docking": {
       "status": "undocked"
      },
      "health": 255,
      "id": 5,
      "owner": 1,
      "vel_x": 0.0,
      "vel_y": 0.0,
      "x": 135.09233482689001,
      "y": 79.228771955377695
     }
    ],
    "Time": 11,
    "Turn": 7
   },
   {
    "Commands": [
     {
      "angle": 262,
      "magnitude": 7,
      "owner": 1,
      "queue_number": 0,
      "shipId": 5,
      "type": "thrust"
     }
    ],
    "Planets": [
     {
      "current_production": 0,
      "docked_ships": [
       3,
       4
      ],
      "health": 1332,
      "id": 0,
      "owner": 1,
      "remaining_production": 752
     }
    ],
    "Ships": [
     {
      "cooldown": 0,
      "docking": {
       "planet_id": 0,
       "status": "docking",
       "turns_left": 2
      },
      "health": 255,
      "id": 3,
      "owner": 1,
      "vel_x": 0.0,
      "vel_y": 0.0,
      "x": 132.68655560634423,
      "y": 95.098774987533105
     },
     {
      "cooldown": 0,
      "docking": {
       "planet_id": 0,
       "status": "docking",
       "turns_left": 2
      },
      "health": 255,
      "id": 4,
      "owner": 1,
      "vel_x": 0.0,
      "vel_y": 0.0,
      "x": 132.7441628647218,
      "y": 92.272482523930933
     },
     {
      "cooldown": 0,
      "docking": {
       "status": "undocked"
      },
      "health": 255,
      "id": 5,
      "owner": 1,
      "vel_x": 0.0,
      "vel_y": 0.0,
      "x": 134.11812312016954,
      "y": 72.296895474186698
     }
    ],
    "Time": 26,
    "Turn": 8
   },
   {
    "Commands": [
     {
      "angle": 259,
      "magnitude": 7,
      "owner": 1,
      "queue_number": 0,
      "shipId": 5,
      "type": "thrust"
     }
    ],
    "Planets": [
     {
      "current_production": 0,
      "docked_ships": [
       3,
       4
      ],
      "health": 1332,
      "id": 0,
      "owner": 1,
      "remaining_production": 752
     }
    ],
    "Ships": [
     {
      "cooldown": 0,
      "docking": {
       "planet_id": 0,
       "status": "docking",
       "turns_left": 1
      },
      "health": 255,
      "id": 3,
      "owner": 1,
      "vel_x": 0.0,
      "vel_y": 0.0,
      "x": 132.68655560634423,
      "y": 95.098774987533105
     },
     {
      "cooldown": 0,
      "docking": {
       "planet_id": 0,
       "status": "docking",
       "turns_left": 1
      },
      "health": 255,
      "id": 4,
      "owner": 1,
      "vel_x": 0.0,
      "vel_y": 0.0,
      "x": 132.7441628647218,
      "y": 92.272482523930933
     },
     {
      "cooldown": 0,
      "docking": {
       "status": "undocked"
      },
      "health": 255,
      "id": 5,
      "owner": 1,
      "vel_x": 0.0,
      "vel_y": 0.0,
      "x": 132.78246015253373,
      "y": 65.425505190053059
     }
    ],
    "Time": 21,
    "Turn": 9
   },
   {
    "Commands": [
     {
      "angle": 179,
      "magnitude": 7,
      "owner": 1,
      "queue_number": 0,
      "shipId": 5,
      "type": "thrust"
     }
    ],
    "Planets": [
     {
      "current_production": 12,
      "docked_ships": [
       3,
       4
      ],
      "health": 1332,
      "id": 0,
      "owner": 1,
      "remaining_production": 752
     }
    ],
    "Ships": [
     {
      "cooldown": 0,
      "docking": {
       "planet_id": 0,
       "status": "docked"
      },
      "health": 255,
      "id": 3,
      "owner": 1,
      "vel_x": 0.0,
      "vel_y": 0.0,
      "x": 132.68655560634423,
      "y": 95.098774987533105
     },
     {
      "cooldown": 0,
      "docking": {
       "planet_id": 0,
       "status": "docked"
      },
      "health": 255,
      "id": 4,
      "owner": 1,
      "vel_x": 0.0,
      "vel_y": 0.0,
      "x": 132.7441628647218,
      "y": 92.272482523930933
     },
     {
      "cooldown": 0,
      "docking": {
       "status": "undocked"
      },
      "health": 255,
      "id": 5,
      "owner": 1,
      "vel_x": 0.0,
      "vel_y": 0.0,
      "x": 125.78352628643898,
      "y": 65.547672035114047
     }
    ],
    "Time": 3,
    "Turn": 10
   },
   {
    "Commands": [
     {
      "angle": 179,
      "magnitude": 7,
      "owner": 1,
      "queue_number": 0,
      "shipId": 5,
      "type": "thrust"
     }
    ],
    "Planets": [
     {
      "current_production": 24,
      "docked_ships": [
       3,
       4
      ],
      "health": 1332,
      "id": 0,
      "owner": 1,
      "remaining_production": 752
     }
    ],
    "Ships": [
     {
      "cooldown": 0,
      "docking": {
       "planet_id": 0,
       "status": "docked"
      },
      "health": 255,
      "id": 3,
      "owner": 1,
      "vel_x": 0.0,
      "vel_y": 0.0,
      "x": 132.68655560634423,
      "y": 95.098774987533105
     },
     {
      "cooldown": 0,
      "docking": {
       "planet_id": 0,
       "status": "docked"
      },
      "health": 255,
      "id": 4,
      "owner": 1,
      "vel_x": 0.0,
      "vel_y": 0.0,
      "x": 132.7441628647218,
      "y": 92.272482523930933
     },
     {
      "cooldown": 0,
      "docking": {
       "status": "undocked"
      },
      "health": 255,
      "id": 5,
      "owner": 1,
      "vel_x": 0.0,
      "vel_y": 0.0,
      "x": 118.78459242034424,
      "y": 65.669838880175035
     }
    ],
    "Time": 5,
    "Turn": 11
   },
   {
    "Commands": [
     {
      "owner": 1,
      "planet_id": 2,
      "queue_number": 0,
      "shipId": 5,
      "type": "dock"
     }
    ],
    "Planets": [
     {
      "current_production": 36,
      "docked_ships": [
       3,
       4
      ],
      "health": 1332,
      "id": 0,
      "owner": 1,
      "remaining_production": 752
     }
    ],
    "Ships": [
     {
      "cooldown": 0,
      "docking": {
       "planet_id": 0,
       "status": "docked"
      },
      "health": 255,
      "id": 3,
      "owner": 1,
      "vel_x": 0.0,
      "vel_y": 0.0,
      "x": 132.68655560634423,
      "y": 95.098774987533105
     },
     {
      "cooldown": 0,
      "docking": {
       "planet_id": 0,
       "status": "docked"
      },
      "health": 255,
      "id": 4,
      "owner": 1,
      "vel_x": 0.0,
      "vel_y": 0.0,
      "x": 132.7441628647218,
      "y": 92.272482523930933
     },
     {
      "cooldown": 0,
      "docking": {
       "status": "undocked"
      },
      "health": 255,
      "id": 5,
      "owner": 1,
      "vel_x": 0.0,
      "vel_y": 0.0,
      "x": 118.78459242034424,
      "y": 65.669838880175035
     }
    ],
    "Time": 0,
    "Turn": 12
   },
   {
    "Commands": [
     {
      "owner": 1,
      "planet_id": 2,
      "queue_number": 0,
      "shipId": 5,
      "type": "dock"
     }
    ],
    "Planets": [
     {
      "current_production": 48,
      "docked_ships": [
       3,
       4
      ],
      "health": 1332,
      "id": 0,
      "owner": 1,
      "remaining_production": 752
     }
    ],
    "Ships": [
     {
      "cooldown": 0,
      "docking": {
       "planet_id": 0,
       "status": "docked"
      },
      "health": 255,
      "id": 3,
      "owner": 1,
      "vel_x": 0.0,
      "vel_y": 0.0,
      "x": 132.68655560634423,
      "y": 95.098774987533105
     },
     {
      "cooldown": 0,
      "docking": {
       "planet_id": 0,
       "status": "docked"
      },
      "health": 255,
      "id": 4,
      "owner": 1,
      "vel_x": 0.0,
      "vel_y": 0.0,
      "x": 132.7441628647218,
      "y": 92.272482523930933
     },
     {
      "cooldown": 0,
      "docking": {
       "status": "undocked"
      },
      "health": 255,
      "id": 5,
      "owner": 1,
      "vel_x": 0.0,
      "vel_y": 0.0,
      "x": 118.78459242034424,
      "y": 65.669838880175035
     }
    ],
    "Time": 0,
    "Turn": 13
   },
   {
    "Commands": [
     {
      "owner": 1,
      "planet_id": 2,
      "queue_number": 0,
      "shipId": 5,
      "type": "dock"
     }
    ],
    "Planets": [
     {
      "current_production": 60,
      "docked_ships": [
       3,
       4
      ],
      "health": 1332,
      "id": 0,
      "owner": 1,
      "remaining_production": 752
     }
    ],
    "Ships": [
     {
      "cooldown": 0,
      "docking": {
       "planet_id": 0,
       "status": "docked"
      },
      "health": 255,
      "id": 3,
      "owner": 1,
      "vel_x": 0.0,
      "vel_y": 0.0,
      "x": 132.68655560634423,
      "y": 95.098774987533105
     },
     {
      "cooldown": 0,
      "docking": {
       "planet_id": 0,
       "status": "docked"
      },
      "health": 255,
      "id": 4,
      "owner": 1,
      "vel_x": 0.0,
      "vel_y": 0.0,
      "x": 132.7441628647218,
      "y": 92.272482523930933
     },
     {
      "cooldown": 0,
      "docking": {
       "status": "undocked"
      },
      "health": 255,
      "id": 5,
      "owner": 1,
      "vel_x": 0.0,
      "vel_y": 0.0,
      "x": 118.78459242034424,
      "y": 65.669838880175035
     }
    ],
    "Time": 0,
    "Turn": 14
   },
   {
    "Commands": [
     {
      "owner": 1,
      "planet_id": 2,
      "queue_number": 0,
      "shipId": 5,
      "type": "dock"
     }
    ],
    "Planets": [
     {
      "current_production": 0,
      "docked_ships": [
       3,
       4
      ],
      "health": 1332,
      "id": 0,
      "owner": 1,
      "remaining_production": 752
     }
    ],
    "Ships": [
     {
      "cooldown": 0,
      "docking": {
       "planet_id": 0,
       "status": "docked"
      },
      "health": 255,
      "id": 3,
      "owner": 1,
      "vel_x": 0.0,
      "vel_y": 0.0,
      "x": 132.68655560634423,
      "y": 95.098774987533105
     },
     {
      "cooldown": 0,
      "docking": {
       "planet_id": 0,
       "status": "docked"
      },
      "health": 255,
      "id": 4,
      "owner": 1,
      "vel_x": 0.0,
      "vel_y": 0.0,
      "x": 132.7441628647218,
      "y": 92.272482523930933
     },
     {
      "cooldown": 0,
      "docking": {
       "status": "undocked"
      },
      "health": 255,
      "id": 5,
      "owner": 1,
      "vel_x": 0.0,
      "vel_y": 0.0,
      "x": 118.78459242034424,
      "y": 65.669838880175035
     },
     {
      "cooldown": 0,
      "docking": {
       "status": "undocked"
      },
      "health": 255,
      "id": 6,
      "owner": 1,
      "vel_x": 0.0,
      "vel_y": 0.0,
      "x": 122.40209683711771,
      "y": 82.40209683711771
     }
    ],
    "Time": 0,
    "Turn": 15
   },
   {
    "Time": 1
   }
  ],
  "PlayerID": 1,
  "PlayerName": "Gabeb v.7"
 }
]
